<?xml version="1.0" encoding="UTF-8"?>
<testsuite xmlns:xsi="http://www.w3.org/2001/XMLSchema-instance" xsi:noNamespaceSchemaLocation="https://maven.apache.org/surefire/maven-surefire-plugin/xsd/surefire-test-report-3.0.xsd" version="3.0" name="com.ipn.mx.AlumnosApplicationTests" time="11.155" tests="1" errors="0" skipped="0" failures="0">
  <properties>
    <property name="java.specification.version" value="17"/>
    <property name="sun.cpu.isalist" value="amd64"/>
    <property name="sun.jnu.encoding" value="Cp1252"/>
    <property name="java.class.path" value="C:\Users\Yorch\Documents\ESCOM\Web Client\sts\workspace\alumnos\target\test-classes;C:\Users\Yorch\Documents\ESCOM\Web Client\sts\workspace\alumnos\target\classes;C:\Users\Yorch\.m2\repository\org\springframework\boot\spring-boot-starter-data-jpa\3.3.1\spring-boot-starter-data-jpa-3.3.1.jar;C:\Users\Yorch\.m2\repository\org\springframework\boot\spring-boot-starter-aop\3.3.1\spring-boot-starter-aop-3.3.1.jar;C:\Users\Yorch\.m2\repository\org\springframework\spring-aop\6.1.10\spring-aop-6.1.10.jar;C:\Users\Yorch\.m2\repository\org\aspectj\aspectjweaver\1.9.22\aspectjweaver-1.9.22.jar;C:\Users\Yorch\.m2\repository\org\springframework\boot\spring-boot-starter-jdbc\3.3.1\spring-boot-starter-jdbc-3.3.1.jar;C:\Users\Yorch\.m2\repository\com\zaxxer\HikariCP\5.1.0\HikariCP-5.1.0.jar;C:\Users\Yorch\.m2\repository\org\springframework\spring-jdbc\6.1.10\spring-jdbc-6.1.10.jar;C:\Users\Yorch\.m2\repository\org\hibernate\orm\hibernate-core\6.5.2.Final\hibernate-core-6.5.2.Final.jar;C:\Users\Yorch\.m2\repository\jakarta\persistence\jakarta.persistence-api\3.1.0\jakarta.persistence-api-3.1.0.jar;C:\Users\Yorch\.m2\repository\jakarta\transaction\jakarta.transaction-api\2.0.1\jakarta.transaction-api-2.0.1.jar;C:\Users\Yorch\.m2\repository\org\jboss\logging\jboss-logging\3.5.3.Final\jboss-logging-3.5.3.Final.jar;C:\Users\Yorch\.m2\repository\org\hibernate\common\hibernate-commons-annotations\6.0.6.Final\hibernate-commons-annotations-6.0.6.Final.jar;C:\Users\Yorch\.m2\repository\io\smallrye\jandex\3.1.2\jandex-3.1.2.jar;C:\Users\Yorch\.m2\repository\com\fasterxml\classmate\1.7.0\classmate-1.7.0.jar;C:\Users\Yorch\.m2\repository\net\bytebuddy\byte-buddy\1.14.17\byte-buddy-1.14.17.jar;C:\Users\Yorch\.m2\repository\org\glassfish\jaxb\jaxb-runtime\4.0.5\jaxb-runtime-4.0.5.jar;C:\Users\Yorch\.m2\repository\org\glassfish\jaxb\jaxb-core\4.0.5\jaxb-core-4.0.5.jar;C:\Users\Yorch\.m2\repository\org\glassfish\jaxb\txw2\4.0.5\txw2-4.0.5.jar;C:\Users\Yorch\.m2\repository\com\sun\istack\istack-commons-runtime\4.1.2\istack-commons-runtime-4.1.2.jar;C:\Users\Yorch\.m2\repository\jakarta\inject\jakarta.inject-api\2.0.1\jakarta.inject-api-2.0.1.jar;C:\Users\Yorch\.m2\repository\org\antlr\antlr4-runtime\4.13.0\antlr4-runtime-4.13.0.jar;C:\Users\Yorch\.m2\repository\org\springframework\data\spring-data-jpa\3.3.1\spring-data-jpa-3.3.1.jar;C:\Users\Yorch\.m2\repository\org\springframework\data\spring-data-commons\3.3.1\spring-data-commons-3.3.1.jar;C:\Users\Yorch\.m2\repository\org\springframework\spring-orm\6.1.10\spring-orm-6.1.10.jar;C:\Users\Yorch\.m2\repository\org\springframework\spring-context\6.1.10\spring-context-6.1.10.jar;C:\Users\Yorch\.m2\repository\org\springframework\spring-tx\6.1.10\spring-tx-6.1.10.jar;C:\Users\Yorch\.m2\repository\org\springframework\spring-beans\6.1.10\spring-beans-6.1.10.jar;C:\Users\Yorch\.m2\repository\jakarta\annotation\jakarta.annotation-api\2.1.1\jakarta.annotation-api-2.1.1.jar;C:\Users\Yorch\.m2\repository\org\slf4j\slf4j-api\2.0.13\slf4j-api-2.0.13.jar;C:\Users\Yorch\.m2\repository\org\springframework\spring-aspects\6.1.10\spring-aspects-6.1.10.jar;C:\Users\Yorch\.m2\repository\org\springframework\boot\spring-boot-starter-mail\3.3.1\spring-boot-starter-mail-3.3.1.jar;C:\Users\Yorch\.m2\repository\org\springframework\boot\spring-boot-starter\3.3.1\spring-boot-starter-3.3.1.jar;C:\Users\Yorch\.m2\repository\org\springframework\boot\spring-boot-starter-logging\3.3.1\spring-boot-starter-logging-3.3.1.jar;C:\Users\Yorch\.m2\repository\ch\qos\logback\logback-classic\1.5.6\logback-classic-1.5.6.jar;C:\Users\Yorch\.m2\repository\ch\qos\logback\logback-core\1.5.6\logback-core-1.5.6.jar;C:\Users\Yorch\.m2\repository\org\apache\logging\log4j\log4j-to-slf4j\2.23.1\log4j-to-slf4j-2.23.1.jar;C:\Users\Yorch\.m2\repository\org\apache\logging\log4j\log4j-api\2.23.1\log4j-api-2.23.1.jar;C:\Users\Yorch\.m2\repository\org\slf4j\jul-to-slf4j\2.0.13\jul-to-slf4j-2.0.13.jar;C:\Users\Yorch\.m2\repository\org\yaml\snakeyaml\2.2\snakeyaml-2.2.jar;C:\Users\Yorch\.m2\repository\org\springframework\spring-context-support\6.1.10\spring-context-support-6.1.10.jar;C:\Users\Yorch\.m2\repository\org\eclipse\angus\jakarta.mail\2.0.3\jakarta.mail-2.0.3.jar;C:\Users\Yorch\.m2\repository\jakarta\activation\jakarta.activation-api\2.1.3\jakarta.activation-api-2.1.3.jar;C:\Users\Yorch\.m2\repository\org\eclipse\angus\angus-activation\2.0.2\angus-activation-2.0.2.jar;C:\Users\Yorch\.m2\repository\org\springframework\boot\spring-boot-starter-validation\3.3.1\spring-boot-starter-validation-3.3.1.jar;C:\Users\Yorch\.m2\repository\org\apache\tomcat\embed\tomcat-embed-el\10.1.25\tomcat-embed-el-10.1.25.jar;C:\Users\Yorch\.m2\repository\org\hibernate\validator\hibernate-validator\8.0.1.Final\hibernate-validator-8.0.1.Final.jar;C:\Users\Yorch\.m2\repository\jakarta\validation\jakarta.validation-api\3.0.2\jakarta.validation-api-3.0.2.jar;C:\Users\Yorch\.m2\repository\org\springframework\boot\spring-boot-starter-web\3.3.1\spring-boot-starter-web-3.3.1.jar;C:\Users\Yorch\.m2\repository\org\springframework\boot\spring-boot-starter-json\3.3.1\spring-boot-starter-json-3.3.1.jar;C:\Users\Yorch\.m2\repository\com\fasterxml\jackson\core\jackson-databind\2.17.1\jackson-databind-2.17.1.jar;C:\Users\Yorch\.m2\repository\com\fasterxml\jackson\core\jackson-annotations\2.17.1\jackson-annotations-2.17.1.jar;C:\Users\Yorch\.m2\repository\com\fasterxml\jackson\core\jackson-core\2.17.1\jackson-core-2.17.1.jar;C:\Users\Yorch\.m2\repository\com\fasterxml\jackson\datatype\jackson-datatype-jdk8\2.17.1\jackson-datatype-jdk8-2.17.1.jar;C:\Users\Yorch\.m2\repository\com\fasterxml\jackson\datatype\jackson-datatype-jsr310\2.17.1\jackson-datatype-jsr310-2.17.1.jar;C:\Users\Yorch\.m2\repository\com\fasterxml\jackson\module\jackson-module-parameter-names\2.17.1\jackson-module-parameter-names-2.17.1.jar;C:\Users\Yorch\.m2\repository\org\springframework\boot\spring-boot-starter-tomcat\3.3.1\spring-boot-starter-tomcat-3.3.1.jar;C:\Users\Yorch\.m2\repository\org\apache\tomcat\embed\tomcat-embed-core\10.1.25\tomcat-embed-core-10.1.25.jar;C:\Users\Yorch\.m2\repository\org\apache\tomcat\embed\tomcat-embed-websocket\10.1.25\tomcat-embed-websocket-10.1.25.jar;C:\Users\Yorch\.m2\repository\org\springframework\spring-web\6.1.10\spring-web-6.1.10.jar;C:\Users\Yorch\.m2\repository\io\micrometer\micrometer-observation\1.13.1\micrometer-observation-1.13.1.jar;C:\Users\Yorch\.m2\repository\io\micrometer\micrometer-commons\1.13.1\micrometer-commons-1.13.1.jar;C:\Users\Yorch\.m2\repository\org\springframework\spring-webmvc\6.1.10\spring-webmvc-6.1.10.jar;C:\Users\Yorch\.m2\repository\org\springframework\spring-expression\6.1.10\spring-expression-6.1.10.jar;C:\Users\Yorch\.m2\repository\org\springframework\boot\spring-boot-devtools\3.3.1\spring-boot-devtools-3.3.1.jar;C:\Users\Yorch\.m2\repository\org\springframework\boot\spring-boot\3.3.1\spring-boot-3.3.1.jar;C:\Users\Yorch\.m2\repository\org\springframework\boot\spring-boot-autoconfigure\3.3.1\spring-boot-autoconfigure-3.3.1.jar;C:\Users\Yorch\.m2\repository\com\mysql\mysql-connector-j\8.3.0\mysql-connector-j-8.3.0.jar;C:\Users\Yorch\.m2\repository\org\postgresql\postgresql\42.7.3\postgresql-42.7.3.jar;C:\Users\Yorch\.m2\repository\org\checkerframework\checker-qual\3.42.0\checker-qual-3.42.0.jar;C:\Users\Yorch\.m2\repository\org\projectlombok\lombok\1.18.32\lombok-1.18.32.jar;C:\Users\Yorch\.m2\repository\org\springframework\boot\spring-boot-starter-test\3.3.1\spring-boot-starter-test-3.3.1.jar;C:\Users\Yorch\.m2\repository\org\springframework\boot\spring-boot-test\3.3.1\spring-boot-test-3.3.1.jar;C:\Users\Yorch\.m2\repository\org\springframework\boot\spring-boot-test-autoconfigure\3.3.1\spring-boot-test-autoconfigure-3.3.1.jar;C:\Users\Yorch\.m2\repository\com\jayway\jsonpath\json-path\2.9.0\json-path-2.9.0.jar;C:\Users\Yorch\.m2\repository\jakarta\xml\bind\jakarta.xml.bind-api\4.0.2\jakarta.xml.bind-api-4.0.2.jar;C:\Users\Yorch\.m2\repository\net\minidev\json-smart\2.5.1\json-smart-2.5.1.jar;C:\Users\Yorch\.m2\repository\net\minidev\accessors-smart\2.5.1\accessors-smart-2.5.1.jar;C:\Users\Yorch\.m2\repository\org\ow2\asm\asm\9.6\asm-9.6.jar;C:\Users\Yorch\.m2\repository\org\assertj\assertj-core\3.25.3\assertj-core-3.25.3.jar;C:\Users\Yorch\.m2\repository\org\awaitility\awaitility\4.2.1\awaitility-4.2.1.jar;C:\Users\Yorch\.m2\repository\org\hamcrest\hamcrest\2.2\hamcrest-2.2.jar;C:\Users\Yorch\.m2\repository\org\junit\jupiter\junit-jupiter\5.10.2\junit-jupiter-5.10.2.jar;C:\Users\Yorch\.m2\repository\org\junit\jupiter\junit-jupiter-api\5.10.2\junit-jupiter-api-5.10.2.jar;C:\Users\Yorch\.m2\repository\org\opentest4j\opentest4j\1.3.0\opentest4j-1.3.0.jar;C:\Users\Yorch\.m2\repository\org\junit\platform\junit-platform-commons\1.10.2\junit-platform-commons-1.10.2.jar;C:\Users\Yorch\.m2\repository\org\apiguardian\apiguardian-api\1.1.2\apiguardian-api-1.1.2.jar;C:\Users\Yorch\.m2\repository\org\junit\jupiter\junit-jupiter-params\5.10.2\junit-jupiter-params-5.10.2.jar;C:\Users\Yorch\.m2\repository\org\junit\jupiter\junit-jupiter-engine\5.10.2\junit-jupiter-engine-5.10.2.jar;C:\Users\Yorch\.m2\repository\org\junit\platform\junit-platform-engine\1.10.2\junit-platform-engine-1.10.2.jar;C:\Users\Yorch\.m2\repository\org\mockito\mockito-core\5.11.0\mockito-core-5.11.0.jar;C:\Users\Yorch\.m2\repository\net\bytebuddy\byte-buddy-agent\1.14.17\byte-buddy-agent-1.14.17.jar;C:\Users\Yorch\.m2\repository\org\objenesis\objenesis\3.3\objenesis-3.3.jar;C:\Users\Yorch\.m2\repository\org\mockito\mockito-junit-jupiter\5.11.0\mockito-junit-jupiter-5.11.0.jar;C:\Users\Yorch\.m2\repository\org\skyscreamer\jsonassert\1.5.1\jsonassert-1.5.1.jar;C:\Users\Yorch\.m2\repository\com\vaadin\external\google\android-json\0.0.20131108.vaadin1\android-json-0.0.20131108.vaadin1.jar;C:\Users\Yorch\.m2\repository\org\springframework\spring-core\6.1.10\spring-core-6.1.10.jar;C:\Users\Yorch\.m2\repository\org\springframework\spring-jcl\6.1.10\spring-jcl-6.1.10.jar;C:\Users\Yorch\.m2\repository\org\springframework\spring-test\6.1.10\spring-test-6.1.10.jar;C:\Users\Yorch\.m2\repository\org\xmlunit\xmlunit-core\2.9.1\xmlunit-core-2.9.1.jar;"/>
    <property name="java.vm.vendor" value="Eclipse Adoptium"/>
    <property name="sun.arch.data.model" value="64"/>
    <property name="user.variant" value=""/>
    <property name="java.vendor.url" value="https://adoptium.net/"/>
    <property name="user.timezone" value="America/Mexico_City"/>
    <property name="org.jboss.logging.provider" value="slf4j"/>
    <property name="os.name" value="Windows 10"/>
    <property name="java.vm.specification.version" value="17"/>
    <property name="sun.java.launcher" value="SUN_STANDARD"/>
    <property name="user.country" value="MX"/>
    <property name="sun.boot.library.path" value="C:\Users\Yorch\Documents\ESCOM\Web Client\sts\sts-4.22.0.RELEASE\plugins\org.eclipse.justj.openjdk.hotspot.jre.full.win32.x86_64_17.0.10.v20240120-1143\jre\bin"/>
    <property name="sun.java.command" value="C:\Users\Yorch\AppData\Local\Temp\surefire4218141581645502979\surefirebooter-20240628222722979_3.jar C:\Users\Yorch\AppData\Local\Temp\surefire4218141581645502979 2024-06-28T22-27-21_950-jvmRun1 surefire-20240628222722979_1tmp surefire_0-20240628222722979_2tmp"/>
    <property name="jdk.debug" value="release"/>
    <property name="surefire.test.class.path" value="C:\Users\Yorch\Documents\ESCOM\Web Client\sts\workspace\alumnos\target\test-classes;C:\Users\Yorch\Documents\ESCOM\Web Client\sts\workspace\alumnos\target\classes;C:\Users\Yorch\.m2\repository\org\springframework\boot\spring-boot-starter-data-jpa\3.3.1\spring-boot-starter-data-jpa-3.3.1.jar;C:\Users\Yorch\.m2\repository\org\springframework\boot\spring-boot-starter-aop\3.3.1\spring-boot-starter-aop-3.3.1.jar;C:\Users\Yorch\.m2\repository\org\springframework\spring-aop\6.1.10\spring-aop-6.1.10.jar;C:\Users\Yorch\.m2\repository\org\aspectj\aspectjweaver\1.9.22\aspectjweaver-1.9.22.jar;C:\Users\Yorch\.m2\repository\org\springframework\boot\spring-boot-starter-jdbc\3.3.1\spring-boot-starter-jdbc-3.3.1.jar;C:\Users\Yorch\.m2\repository\com\zaxxer\HikariCP\5.1.0\HikariCP-5.1.0.jar;C:\Users\Yorch\.m2\repository\org\springframework\spring-jdbc\6.1.10\spring-jdbc-6.1.10.jar;C:\Users\Yorch\.m2\repository\org\hibernate\orm\hibernate-core\6.5.2.Final\hibernate-core-6.5.2.Final.jar;C:\Users\Yorch\.m2\repository\jakarta\persistence\jakarta.persistence-api\3.1.0\jakarta.persistence-api-3.1.0.jar;C:\Users\Yorch\.m2\repository\jakarta\transaction\jakarta.transaction-api\2.0.1\jakarta.transaction-api-2.0.1.jar;C:\Users\Yorch\.m2\repository\org\jboss\logging\jboss-logging\3.5.3.Final\jboss-logging-3.5.3.Final.jar;C:\Users\Yorch\.m2\repository\org\hibernate\common\hibernate-commons-annotations\6.0.6.Final\hibernate-commons-annotations-6.0.6.Final.jar;C:\Users\Yorch\.m2\repository\io\smallrye\jandex\3.1.2\jandex-3.1.2.jar;C:\Users\Yorch\.m2\repository\com\fasterxml\classmate\1.7.0\classmate-1.7.0.jar;C:\Users\Yorch\.m2\repository\net\bytebuddy\byte-buddy\1.14.17\byte-buddy-1.14.17.jar;C:\Users\Yorch\.m2\repository\org\glassfish\jaxb\jaxb-runtime\4.0.5\jaxb-runtime-4.0.5.jar;C:\Users\Yorch\.m2\repository\org\glassfish\jaxb\jaxb-core\4.0.5\jaxb-core-4.0.5.jar;C:\Users\Yorch\.m2\repository\org\glassfish\jaxb\txw2\4.0.5\txw2-4.0.5.jar;C:\Users\Yorch\.m2\repository\com\sun\istack\istack-commons-runtime\4.1.2\istack-commons-runtime-4.1.2.jar;C:\Users\Yorch\.m2\repository\jakarta\inject\jakarta.inject-api\2.0.1\jakarta.inject-api-2.0.1.jar;C:\Users\Yorch\.m2\repository\org\antlr\antlr4-runtime\4.13.0\antlr4-runtime-4.13.0.jar;C:\Users\Yorch\.m2\repository\org\springframework\data\spring-data-jpa\3.3.1\spring-data-jpa-3.3.1.jar;C:\Users\Yorch\.m2\repository\org\springframework\data\spring-data-commons\3.3.1\spring-data-commons-3.3.1.jar;C:\Users\Yorch\.m2\repository\org\springframework\spring-orm\6.1.10\spring-orm-6.1.10.jar;C:\Users\Yorch\.m2\repository\org\springframework\spring-context\6.1.10\spring-context-6.1.10.jar;C:\Users\Yorch\.m2\repository\org\springframework\spring-tx\6.1.10\spring-tx-6.1.10.jar;C:\Users\Yorch\.m2\repository\org\springframework\spring-beans\6.1.10\spring-beans-6.1.10.jar;C:\Users\Yorch\.m2\repository\jakarta\annotation\jakarta.annotation-api\2.1.1\jakarta.annotation-api-2.1.1.jar;C:\Users\Yorch\.m2\repository\org\slf4j\slf4j-api\2.0.13\slf4j-api-2.0.13.jar;C:\Users\Yorch\.m2\repository\org\springframework\spring-aspects\6.1.10\spring-aspects-6.1.10.jar;C:\Users\Yorch\.m2\repository\org\springframework\boot\spring-boot-starter-mail\3.3.1\spring-boot-starter-mail-3.3.1.jar;C:\Users\Yorch\.m2\repository\org\springframework\boot\spring-boot-starter\3.3.1\spring-boot-starter-3.3.1.jar;C:\Users\Yorch\.m2\repository\org\springframework\boot\spring-boot-starter-logging\3.3.1\spring-boot-starter-logging-3.3.1.jar;C:\Users\Yorch\.m2\repository\ch\qos\logback\logback-classic\1.5.6\logback-classic-1.5.6.jar;C:\Users\Yorch\.m2\repository\ch\qos\logback\logback-core\1.5.6\logback-core-1.5.6.jar;C:\Users\Yorch\.m2\repository\org\apache\logging\log4j\log4j-to-slf4j\2.23.1\log4j-to-slf4j-2.23.1.jar;C:\Users\Yorch\.m2\repository\org\apache\logging\log4j\log4j-api\2.23.1\log4j-api-2.23.1.jar;C:\Users\Yorch\.m2\repository\org\slf4j\jul-to-slf4j\2.0.13\jul-to-slf4j-2.0.13.jar;C:\Users\Yorch\.m2\repository\org\yaml\snakeyaml\2.2\snakeyaml-2.2.jar;C:\Users\Yorch\.m2\repository\org\springframework\spring-context-support\6.1.10\spring-context-support-6.1.10.jar;C:\Users\Yorch\.m2\repository\org\eclipse\angus\jakarta.mail\2.0.3\jakarta.mail-2.0.3.jar;C:\Users\Yorch\.m2\repository\jakarta\activation\jakarta.activation-api\2.1.3\jakarta.activation-api-2.1.3.jar;C:\Users\Yorch\.m2\repository\org\eclipse\angus\angus-activation\2.0.2\angus-activation-2.0.2.jar;C:\Users\Yorch\.m2\repository\org\springframework\boot\spring-boot-starter-validation\3.3.1\spring-boot-starter-validation-3.3.1.jar;C:\Users\Yorch\.m2\repository\org\apache\tomcat\embed\tomcat-embed-el\10.1.25\tomcat-embed-el-10.1.25.jar;C:\Users\Yorch\.m2\repository\org\hibernate\validator\hibernate-validator\8.0.1.Final\hibernate-validator-8.0.1.Final.jar;C:\Users\Yorch\.m2\repository\jakarta\validation\jakarta.validation-api\3.0.2\jakarta.validation-api-3.0.2.jar;C:\Users\Yorch\.m2\repository\org\springframework\boot\spring-boot-starter-web\3.3.1\spring-boot-starter-web-3.3.1.jar;C:\Users\Yorch\.m2\repository\org\springframework\boot\spring-boot-starter-json\3.3.1\spring-boot-starter-json-3.3.1.jar;C:\Users\Yorch\.m2\repository\com\fasterxml\jackson\core\jackson-databind\2.17.1\jackson-databind-2.17.1.jar;C:\Users\Yorch\.m2\repository\com\fasterxml\jackson\core\jackson-annotations\2.17.1\jackson-annotations-2.17.1.jar;C:\Users\Yorch\.m2\repository\com\fasterxml\jackson\core\jackson-core\2.17.1\jackson-core-2.17.1.jar;C:\Users\Yorch\.m2\repository\com\fasterxml\jackson\datatype\jackson-datatype-jdk8\2.17.1\jackson-datatype-jdk8-2.17.1.jar;C:\Users\Yorch\.m2\repository\com\fasterxml\jackson\datatype\jackson-datatype-jsr310\2.17.1\jackson-datatype-jsr310-2.17.1.jar;C:\Users\Yorch\.m2\repository\com\fasterxml\jackson\module\jackson-module-parameter-names\2.17.1\jackson-module-parameter-names-2.17.1.jar;C:\Users\Yorch\.m2\repository\org\springframework\boot\spring-boot-starter-tomcat\3.3.1\spring-boot-starter-tomcat-3.3.1.jar;C:\Users\Yorch\.m2\repository\org\apache\tomcat\embed\tomcat-embed-core\10.1.25\tomcat-embed-core-10.1.25.jar;C:\Users\Yorch\.m2\repository\org\apache\tomcat\embed\tomcat-embed-websocket\10.1.25\tomcat-embed-websocket-10.1.25.jar;C:\Users\Yorch\.m2\repository\org\springframework\spring-web\6.1.10\spring-web-6.1.10.jar;C:\Users\Yorch\.m2\repository\io\micrometer\micrometer-observation\1.13.1\micrometer-observation-1.13.1.jar;C:\Users\Yorch\.m2\repository\io\micrometer\micrometer-commons\1.13.1\micrometer-commons-1.13.1.jar;C:\Users\Yorch\.m2\repository\org\springframework\spring-webmvc\6.1.10\spring-webmvc-6.1.10.jar;C:\Users\Yorch\.m2\repository\org\springframework\spring-expression\6.1.10\spring-expression-6.1.10.jar;C:\Users\Yorch\.m2\repository\org\springframework\boot\spring-boot-devtools\3.3.1\spring-boot-devtools-3.3.1.jar;C:\Users\Yorch\.m2\repository\org\springframework\boot\spring-boot\3.3.1\spring-boot-3.3.1.jar;C:\Users\Yorch\.m2\repository\org\springframework\boot\spring-boot-autoconfigure\3.3.1\spring-boot-autoconfigure-3.3.1.jar;C:\Users\Yorch\.m2\repository\com\mysql\mysql-connector-j\8.3.0\mysql-connector-j-8.3.0.jar;C:\Users\Yorch\.m2\repository\org\postgresql\postgresql\42.7.3\postgresql-42.7.3.jar;C:\Users\Yorch\.m2\repository\org\checkerframework\checker-qual\3.42.0\checker-qual-3.42.0.jar;C:\Users\Yorch\.m2\repository\org\projectlombok\lombok\1.18.32\lombok-1.18.32.jar;C:\Users\Yorch\.m2\repository\org\springframework\boot\spring-boot-starter-test\3.3.1\spring-boot-starter-test-3.3.1.jar;C:\Users\Yorch\.m2\repository\org\springframework\boot\spring-boot-test\3.3.1\spring-boot-test-3.3.1.jar;C:\Users\Yorch\.m2\repository\org\springframework\boot\spring-boot-test-autoconfigure\3.3.1\spring-boot-test-autoconfigure-3.3.1.jar;C:\Users\Yorch\.m2\repository\com\jayway\jsonpath\json-path\2.9.0\json-path-2.9.0.jar;C:\Users\Yorch\.m2\repository\jakarta\xml\bind\jakarta.xml.bind-api\4.0.2\jakarta.xml.bind-api-4.0.2.jar;C:\Users\Yorch\.m2\repository\net\minidev\json-smart\2.5.1\json-smart-2.5.1.jar;C:\Users\Yorch\.m2\repository\net\minidev\accessors-smart\2.5.1\accessors-smart-2.5.1.jar;C:\Users\Yorch\.m2\repository\org\ow2\asm\asm\9.6\asm-9.6.jar;C:\Users\Yorch\.m2\repository\org\assertj\assertj-core\3.25.3\assertj-core-3.25.3.jar;C:\Users\Yorch\.m2\repository\org\awaitility\awaitility\4.2.1\awaitility-4.2.1.jar;C:\Users\Yorch\.m2\repository\org\hamcrest\hamcrest\2.2\hamcrest-2.2.jar;C:\Users\Yorch\.m2\repository\org\junit\jupiter\junit-jupiter\5.10.2\junit-jupiter-5.10.2.jar;C:\Users\Yorch\.m2\repository\org\junit\jupiter\junit-jupiter-api\5.10.2\junit-jupiter-api-5.10.2.jar;C:\Users\Yorch\.m2\repository\org\opentest4j\opentest4j\1.3.0\opentest4j-1.3.0.jar;C:\Users\Yorch\.m2\repository\org\junit\platform\junit-platform-commons\1.10.2\junit-platform-commons-1.10.2.jar;C:\Users\Yorch\.m2\repository\org\apiguardian\apiguardian-api\1.1.2\apiguardian-api-1.1.2.jar;C:\Users\Yorch\.m2\repository\org\junit\jupiter\junit-jupiter-params\5.10.2\junit-jupiter-params-5.10.2.jar;C:\Users\Yorch\.m2\repository\org\junit\jupiter\junit-jupiter-engine\5.10.2\junit-jupiter-engine-5.10.2.jar;C:\Users\Yorch\.m2\repository\org\junit\platform\junit-platform-engine\1.10.2\junit-platform-engine-1.10.2.jar;C:\Users\Yorch\.m2\repository\org\mockito\mockito-core\5.11.0\mockito-core-5.11.0.jar;C:\Users\Yorch\.m2\repository\net\bytebuddy\byte-buddy-agent\1.14.17\byte-buddy-agent-1.14.17.jar;C:\Users\Yorch\.m2\repository\org\objenesis\objenesis\3.3\objenesis-3.3.jar;C:\Users\Yorch\.m2\repository\org\mockito\mockito-junit-jupiter\5.11.0\mockito-junit-jupiter-5.11.0.jar;C:\Users\Yorch\.m2\repository\org\skyscreamer\jsonassert\1.5.1\jsonassert-1.5.1.jar;C:\Users\Yorch\.m2\repository\com\vaadin\external\google\android-json\0.0.20131108.vaadin1\android-json-0.0.20131108.vaadin1.jar;C:\Users\Yorch\.m2\repository\org\springframework\spring-core\6.1.10\spring-core-6.1.10.jar;C:\Users\Yorch\.m2\repository\org\springframework\spring-jcl\6.1.10\spring-jcl-6.1.10.jar;C:\Users\Yorch\.m2\repository\org\springframework\spring-test\6.1.10\spring-test-6.1.10.jar;C:\Users\Yorch\.m2\repository\org\xmlunit\xmlunit-core\2.9.1\xmlunit-core-2.9.1.jar;"/>
    <property name="sun.cpu.endian" value="little"/>
    <property name="user.home" value="C:\Users\Yorch"/>
    <property name="user.language" value="es"/>
    <property name="java.specification.vendor" value="Oracle Corporation"/>
    <property name="java.version.date" value="2024-01-16"/>
    <property name="java.home" value="C:\Users\Yorch\Documents\ESCOM\Web Client\sts\sts-4.22.0.RELEASE\plugins\org.eclipse.justj.openjdk.hotspot.jre.full.win32.x86_64_17.0.10.v20240120-1143\jre"/>
    <property name="file.separator" value="\"/>
    <property name="style.color" value="always"/>
    <property name="basedir" value="C:\Users\Yorch\Documents\ESCOM\Web Client\sts\workspace\alumnos"/>
    <property name="java.vm.compressedOopsMode" value="Zero based"/>
    <property name="line.separator" value="&#10;"/>
    <property name="java.vm.specification.vendor" value="Oracle Corporation"/>
    <property name="java.specification.name" value="Java Platform API Specification"/>
    <property name="FILE_LOG_CHARSET" value="windows-1252"/>
    <property name="java.awt.headless" value="true"/>
    <property name="surefire.real.class.path" value="C:\Users\Yorch\AppData\Local\Temp\surefire4218141581645502979\surefirebooter-20240628222722979_3.jar"/>
    <property name="user.script" value=""/>
    <property name="sun.management.compiler" value="HotSpot 64-Bit Tiered Compilers"/>
    <property name="java.runtime.version" value="17.0.10+7"/>
    <property name="user.name" value="Yorch"/>
    <property name="path.separator" value=";"/>
    <property name="os.version" value="10.0"/>
    <property name="java.runtime.name" value="OpenJDK Runtime Environment"/>
    <property name="file.encoding" value="Cp1252"/>
    <property name="java.vm.name" value="OpenJDK 64-Bit Server VM"/>
    <property name="java.vendor.version" value="Temurin-17.0.10+7"/>
    <property name="localRepository" value="C:\Users\Yorch\.m2\repository"/>
    <property name="java.vendor.url.bug" value="https://github.com/adoptium/adoptium-support/issues"/>
    <property name="java.io.tmpdir" value="C:\Users\Yorch\AppData\Local\Temp\"/>
    <property name="com.zaxxer.hikari.pool_number" value="1"/>
    <property name="java.version" value="17.0.10"/>
    <property name="user.dir" value="C:\Users\Yorch\Documents\ESCOM\Web Client\sts\workspace\alumnos"/>
    <property name="os.arch" value="amd64"/>
    <property name="java.vm.specification.name" value="Java Virtual Machine Specification"/>
    <property name="PID" value="9756"/>
    <property name="sun.os.patch.level" value=""/>
    <property name="CONSOLE_LOG_CHARSET" value="windows-1252"/>
    <property name="native.encoding" value="Cp1252"/>
    <property name="java.library.path" value="C:\Users\Yorch\Documents\ESCOM\Web Client\sts\sts-4.22.0.RELEASE\plugins\org.eclipse.justj.openjdk.hotspot.jre.full.win32.x86_64_17.0.10.v20240120-1143\jre\bin;C:\Windows\Sun\Java\bin;C:\Windows\system32;C:\Windows;C:/Users/Yorch/Documents/ESCOM/Web Client/sts/sts-4.22.0.RELEASE//plugins/org.eclipse.justj.openjdk.hotspot.jre.full.win32.x86_64_17.0.10.v20240120-1143/jre/bin/server;C:/Users/Yorch/Documents/ESCOM/Web Client/sts/sts-4.22.0.RELEASE//plugins/org.eclipse.justj.openjdk.hotspot.jre.full.win32.x86_64_17.0.10.v20240120-1143/jre/bin;C:\Program Files\Common Files\Oracle\Java\javapath;C:\Program Files (x86)\Common Files\Oracle\Java\javapath;C:\Windows\system32;C:\Windows;C:\Windows\System32\Wbem;C:\Windows\System32\WindowsPowerShell\v1.0\;C:\Windows\System32\OpenSSH\;C:\Program Files\Git\cmd;C:\Program Files\nodejs\;C:\ProgramData\chocolatey\bin;C:\Program Files\Docker\Docker\resources\bin;C:\Program Files\MySQL\MySQL Shell 8.3\bin\;C:\Users\Yorch\AppData\Local\Microsoft\WindowsApps;C:\Users\Yorch\AppData\Local\Programs\Microsoft VS Code\bin;C:\Users\Yorch\AppData\Roaming\npm;C:\Users\Yorch\AppData\Local\Programs\MiKTeX\miktex\bin\x64\;C:\Program Files\JetBrains\IntelliJ IDEA 2023.3.5\bin;C:\adb;C:\Program Files\MATLAB\R2024a\runtime\win64;C:\Program Files\MATLAB\R2024a\bin;C:\Program Files\Java\jdk-17.0.2\bin;C:\Python312;C:\Python312\Scripts;C:\Program Files\MySQL\MySQL Shell 8.3\bin\;C:\Users\Yorch\AppData\Local\Programs\Python\Python312\Scripts\;C:\Users\Yorch\AppData\Local\Programs\Python\Python312\;C:\Users\Yorch\AppData\Local\Microsoft\WindowsApps;C:\Users\Yorch\AppData\Local\Programs\Microsoft VS Code\bin;C:\Users\Yorch\AppData\Roaming\npm;C:\Users\Yorch\AppData\Local\Programs\MiKTeX\miktex\bin\x64\;C:\Program Files\JetBrains\IntelliJ IDEA 2023.3.5\bin;;C:\Windows\system32;;."/>
    <property name="java.vm.info" value="mixed mode"/>
    <property name="java.vendor" value="Eclipse Adoptium"/>
    <property name="java.vm.version" value="17.0.10+7"/>
    <property name="sun.io.unicode.encoding" value="UnicodeLittle"/>
    <property name="java.class.version" value="61.0"/>
    <property name="LOGGED_APPLICATION_NAME" value="[alumnos] "/>
  </properties>
  <testcase name="contextLoads" classname="com.ipn.mx.AlumnosApplicationTests" time="0.924">
    <system-out><![CDATA[22:27:24.688 [main] INFO org.springframework.test.context.support.AnnotationConfigContextLoaderUtils -- Could not detect default configuration classes for test class [com.ipn.mx.AlumnosApplicationTests]: AlumnosApplicationTests does not declare any static, non-private, non-final, nested classes annotated with @Configuration.
22:27:24.888 [main] INFO org.springframework.boot.test.context.SpringBootTestContextBootstrapper -- Found @SpringBootConfiguration com.ipn.mx.AlumnosApplication for test class com.ipn.mx.AlumnosApplicationTests
22:27:25.183 [main] INFO org.springframework.boot.devtools.restart.RestartApplicationListener -- Restart disabled due to context in which it is running

  .   ____          _            __ _ _
 /\\ / ___'_ __ _ _(_)_ __  __ _ \ \ \ \
( ( )\___ | '_ | '_| | '_ \/ _` | \ \ \ \
 \\/  ___)| |_)| | | | | || (_| |  ) ) ) )
  '  |____| .__|_| |_|_| |_\__, | / / / /
 =========|_|==============|___/=/_/_/_/

 :: Spring Boot ::                (v3.3.1)

2024-06-28T22:27:25.631-06:00 DEBUG 9756 --- [alumnos] [kground-preinit] o.h.v.i.xml.config.ValidationXmlParser   : Trying to load META-INF/validation.xml for XML based Validator configuration.
2024-06-28T22:27:25.636-06:00 DEBUG 9756 --- [alumnos] [kground-preinit] o.h.v.i.xml.config.ResourceLoaderHelper  : Trying to load META-INF/validation.xml via TCCL
2024-06-28T22:27:25.638-06:00 DEBUG 9756 --- [alumnos] [kground-preinit] o.h.v.i.xml.config.ResourceLoaderHelper  : Trying to load META-INF/validation.xml via Hibernate Validator's class loader
2024-06-28T22:27:25.638-06:00 DEBUG 9756 --- [alumnos] [kground-preinit] o.h.v.i.xml.config.ValidationXmlParser   : No META-INF/validation.xml found. Using annotation based configuration only.
2024-06-28T22:27:25.655-06:00 DEBUG 9756 --- [alumnos] [kground-preinit] o.h.v.i.e.resolver.TraversableResolvers  : Found jakarta.persistence.Persistence on classpath containing 'getPersistenceUtil'. Assuming JPA 2 environment. Trying to instantiate JPA aware TraversableResolver
2024-06-28T22:27:25.660-06:00 DEBUG 9756 --- [alumnos] [kground-preinit] o.h.v.i.e.resolver.TraversableResolvers  : Instantiated JPA aware TraversableResolver of type org.hibernate.validator.internal.engine.resolver.JPATraversableResolver.
2024-06-28T22:27:25.695-06:00  INFO 9756 --- [alumnos] [           main] com.ipn.mx.AlumnosApplicationTests       : Starting AlumnosApplicationTests using Java 17.0.10 with PID 9756 (started by Yorch in C:\Users\Yorch\Documents\ESCOM\Web Client\sts\workspace\alumnos)
2024-06-28T22:27:25.698-06:00  INFO 9756 --- [alumnos] [           main] com.ipn.mx.AlumnosApplicationTests       : No active profile set, falling back to 1 default profile: "default"
2024-06-28T22:27:25.749-06:00 DEBUG 9756 --- [alumnos] [kground-preinit] .h.v.m.ResourceBundleMessageInterpolator : Loaded expression factory via original TCCL
2024-06-28T22:27:25.990-06:00 DEBUG 9756 --- [alumnos] [kground-preinit] .i.e.ValidatorFactoryConfigurationHelper : HV000252: Using org.hibernate.validator.internal.engine.DefaultPropertyNodeNameProvider as property node name provider.
2024-06-28T22:27:26.000-06:00 DEBUG 9756 --- [alumnos] [kground-preinit] .i.e.ValidatorFactoryConfigurationHelper : HV000234: Using org.hibernate.validator.messageinterpolation.ResourceBundleMessageInterpolator as ValidatorFactory-scoped message interpolator.
2024-06-28T22:27:26.001-06:00 DEBUG 9756 --- [alumnos] [kground-preinit] .i.e.ValidatorFactoryConfigurationHelper : HV000234: Using org.hibernate.validator.internal.engine.resolver.JPATraversableResolver as ValidatorFactory-scoped traversable resolver.
2024-06-28T22:27:26.002-06:00 DEBUG 9756 --- [alumnos] [kground-preinit] .i.e.ValidatorFactoryConfigurationHelper : HV000234: Using org.hibernate.validator.internal.util.ExecutableParameterNameProvider as ValidatorFactory-scoped parameter name provider.
2024-06-28T22:27:26.002-06:00 DEBUG 9756 --- [alumnos] [kground-preinit] .i.e.ValidatorFactoryConfigurationHelper : HV000234: Using org.hibernate.validator.internal.engine.DefaultClockProvider as ValidatorFactory-scoped clock provider.
2024-06-28T22:27:26.003-06:00 DEBUG 9756 --- [alumnos] [kground-preinit] .i.e.ValidatorFactoryConfigurationHelper : HV000234: Using org.hibernate.validator.internal.engine.scripting.DefaultScriptEvaluatorFactory as ValidatorFactory-scoped script evaluator factory.
2024-06-28T22:27:27.240-06:00  INFO 9756 --- [alumnos] [           main] .s.d.r.c.RepositoryConfigurationDelegate : Bootstrapping Spring Data JPA repositories in DEFAULT mode.
2024-06-28T22:27:27.380-06:00  INFO 9756 --- [alumnos] [           main] .s.d.r.c.RepositoryConfigurationDelegate : Finished Spring Data repository scanning in 120 ms. Found 1 JPA repository interface.
2024-06-28T22:27:28.277-06:00 DEBUG 9756 --- [alumnos] [           main] o.hibernate.jpa.internal.util.LogHelper  : PersistenceUnitInfo [
	name: default
	persistence provider classname: null
	classloader: jdk.internal.loader.ClassLoaders$AppClassLoader@28c97a5
	excludeUnlistedClasses: true
	JTA datasource: null
	Non JTA datasource: HikariDataSource (null)
	Transaction type: RESOURCE_LOCAL
	PU root URL: file:/C:/Users/Yorch/Documents/ESCOM/Web%20Client/sts/workspace/alumnos/target/test-classes/
	Shared Cache Mode: UNSPECIFIED
	Validation Mode: AUTO
	Jar files URLs []
	Managed classes names [
		com.ipn.mx.domain.entity.Usuario]
	Mapping files names []
	Properties []
2024-06-28T22:27:28.302-06:00 DEBUG 9756 --- [alumnos] [           main] o.h.i.internal.IntegratorServiceImpl     : Adding Integrator [org.hibernate.boot.beanvalidation.BeanValidationIntegrator].
2024-06-28T22:27:28.305-06:00 DEBUG 9756 --- [alumnos] [           main] o.h.i.internal.IntegratorServiceImpl     : Adding Integrator [org.hibernate.cache.internal.CollectionCacheInvalidator].
2024-06-28T22:27:28.494-06:00  INFO 9756 --- [alumnos] [           main] org.hibernate.Version                    : HHH000412: Hibernate ORM core version 6.5.2.Final
2024-06-28T22:27:28.500-06:00 DEBUG 9756 --- [alumnos] [           main] org.hibernate.cfg.Environment            : HHH000206: 'hibernate.properties' not found
2024-06-28T22:27:28.604-06:00 DEBUG 9756 --- [alumnos] [           main] org.hibernate.orm.idgen.factory          : Registering IdentifierGenerator strategy [uuid2] -> [org.hibernate.id.UUIDGenerator]
2024-06-28T22:27:28.605-06:00 DEBUG 9756 --- [alumnos] [           main] org.hibernate.orm.idgen.factory          : Registering IdentifierGenerator strategy [guid] -> [org.hibernate.id.GUIDGenerator]
2024-06-28T22:27:28.607-06:00 DEBUG 9756 --- [alumnos] [           main] org.hibernate.orm.idgen.factory          : Registering IdentifierGenerator strategy [uuid] -> [org.hibernate.id.UUIDHexGenerator]
2024-06-28T22:27:28.607-06:00 DEBUG 9756 --- [alumnos] [           main] org.hibernate.orm.idgen.factory          : Registering IdentifierGenerator strategy [uuid.hex] -> [org.hibernate.id.UUIDHexGenerator]
2024-06-28T22:27:28.608-06:00 DEBUG 9756 --- [alumnos] [           main] org.hibernate.orm.idgen.factory          : Registering IdentifierGenerator strategy [assigned] -> [org.hibernate.id.Assigned]
2024-06-28T22:27:28.611-06:00 DEBUG 9756 --- [alumnos] [           main] org.hibernate.orm.idgen.factory          : Registering IdentifierGenerator strategy [identity] -> [org.hibernate.id.IdentityGenerator]
2024-06-28T22:27:28.613-06:00 DEBUG 9756 --- [alumnos] [           main] org.hibernate.orm.idgen.factory          : Registering IdentifierGenerator strategy [select] -> [org.hibernate.id.SelectGenerator]
2024-06-28T22:27:28.617-06:00 DEBUG 9756 --- [alumnos] [           main] org.hibernate.orm.idgen.factory          : Registering IdentifierGenerator strategy [sequence] -> [org.hibernate.id.enhanced.SequenceStyleGenerator]
2024-06-28T22:27:28.618-06:00 DEBUG 9756 --- [alumnos] [           main] org.hibernate.orm.idgen.factory          : Registering IdentifierGenerator strategy [increment] -> [org.hibernate.id.IncrementGenerator]
2024-06-28T22:27:28.619-06:00 DEBUG 9756 --- [alumnos] [           main] org.hibernate.orm.idgen.factory          : Registering IdentifierGenerator strategy [foreign] -> [org.hibernate.id.ForeignGenerator]
2024-06-28T22:27:28.620-06:00 DEBUG 9756 --- [alumnos] [           main] org.hibernate.orm.idgen.factory          : Registering IdentifierGenerator strategy [enhanced-sequence] -> [org.hibernate.id.enhanced.SequenceStyleGenerator]
2024-06-28T22:27:28.622-06:00 DEBUG 9756 --- [alumnos] [           main] org.hibernate.orm.idgen.factory          : Registering IdentifierGenerator strategy [enhanced-table] -> [org.hibernate.id.enhanced.TableGenerator]
2024-06-28T22:27:28.636-06:00 DEBUG 9756 --- [alumnos] [           main] o.h.c.internal.RegionFactoryInitiator    : Cannot default RegionFactory based on registered strategies as `[]` RegionFactory strategies were registered
2024-06-28T22:27:28.637-06:00  INFO 9756 --- [alumnos] [           main] o.h.c.internal.RegionFactoryInitiator    : HHH000026: Second-level cache disabled
2024-06-28T22:27:28.912-06:00 DEBUG 9756 --- [alumnos] [           main] org.hibernate.type.BasicTypeRegistry     : Adding type registration boolean -> org.hibernate.type.BasicTypeReference@581c9bb7
2024-06-28T22:27:28.912-06:00 DEBUG 9756 --- [alumnos] [           main] org.hibernate.type.BasicTypeRegistry     : Adding type registration boolean -> org.hibernate.type.BasicTypeReference@581c9bb7
2024-06-28T22:27:28.912-06:00 DEBUG 9756 --- [alumnos] [           main] org.hibernate.type.BasicTypeRegistry     : Adding type registration java.lang.Boolean -> org.hibernate.type.BasicTypeReference@581c9bb7
2024-06-28T22:27:28.913-06:00 DEBUG 9756 --- [alumnos] [           main] org.hibernate.type.BasicTypeRegistry     : Adding type registration numeric_boolean -> org.hibernate.type.BasicTypeReference@138f0661
2024-06-28T22:27:28.913-06:00 DEBUG 9756 --- [alumnos] [           main] org.hibernate.type.BasicTypeRegistry     : Adding type registration org.hibernate.type.NumericBooleanConverter -> org.hibernate.type.BasicTypeReference@138f0661
2024-06-28T22:27:28.913-06:00 DEBUG 9756 --- [alumnos] [           main] org.hibernate.type.BasicTypeRegistry     : Adding type registration true_false -> org.hibernate.type.BasicTypeReference@212fafd1
2024-06-28T22:27:28.913-06:00 DEBUG 9756 --- [alumnos] [           main] org.hibernate.type.BasicTypeRegistry     : Adding type registration org.hibernate.type.TrueFalseConverter -> org.hibernate.type.BasicTypeReference@212fafd1
2024-06-28T22:27:28.913-06:00 DEBUG 9756 --- [alumnos] [           main] org.hibernate.type.BasicTypeRegistry     : Adding type registration yes_no -> org.hibernate.type.BasicTypeReference@448462f0
2024-06-28T22:27:28.914-06:00 DEBUG 9756 --- [alumnos] [           main] org.hibernate.type.BasicTypeRegistry     : Adding type registration org.hibernate.type.YesNoConverter -> org.hibernate.type.BasicTypeReference@448462f0
2024-06-28T22:27:28.914-06:00 DEBUG 9756 --- [alumnos] [           main] org.hibernate.type.BasicTypeRegistry     : Adding type registration byte -> org.hibernate.type.BasicTypeReference@787988f4
2024-06-28T22:27:28.914-06:00 DEBUG 9756 --- [alumnos] [           main] org.hibernate.type.BasicTypeRegistry     : Adding type registration byte -> org.hibernate.type.BasicTypeReference@787988f4
2024-06-28T22:27:28.915-06:00 DEBUG 9756 --- [alumnos] [           main] org.hibernate.type.BasicTypeRegistry     : Adding type registration java.lang.Byte -> org.hibernate.type.BasicTypeReference@787988f4
2024-06-28T22:27:28.915-06:00 DEBUG 9756 --- [alumnos] [           main] org.hibernate.type.BasicTypeRegistry     : Adding type registration binary -> org.hibernate.type.BasicTypeReference@132e3594
2024-06-28T22:27:28.915-06:00 DEBUG 9756 --- [alumnos] [           main] org.hibernate.type.BasicTypeRegistry     : Adding type registration byte[] -> org.hibernate.type.BasicTypeReference@132e3594
2024-06-28T22:27:28.916-06:00 DEBUG 9756 --- [alumnos] [           main] org.hibernate.type.BasicTypeRegistry     : Adding type registration [B -> org.hibernate.type.BasicTypeReference@132e3594
2024-06-28T22:27:28.916-06:00 DEBUG 9756 --- [alumnos] [           main] org.hibernate.type.BasicTypeRegistry     : Adding type registration binary_wrapper -> org.hibernate.type.BasicTypeReference@4f235107
2024-06-28T22:27:28.916-06:00 DEBUG 9756 --- [alumnos] [           main] org.hibernate.type.BasicTypeRegistry     : Adding type registration wrapper-binary -> org.hibernate.type.BasicTypeReference@4f235107
2024-06-28T22:27:28.916-06:00 DEBUG 9756 --- [alumnos] [           main] org.hibernate.type.BasicTypeRegistry     : Adding type registration image -> org.hibernate.type.BasicTypeReference@28d739f1
2024-06-28T22:27:28.917-06:00 DEBUG 9756 --- [alumnos] [           main] org.hibernate.type.BasicTypeRegistry     : Adding type registration blob -> org.hibernate.type.BasicTypeReference@1c5d3a37
2024-06-28T22:27:28.917-06:00 DEBUG 9756 --- [alumnos] [           main] org.hibernate.type.BasicTypeRegistry     : Adding type registration java.sql.Blob -> org.hibernate.type.BasicTypeReference@1c5d3a37
2024-06-28T22:27:28.917-06:00 DEBUG 9756 --- [alumnos] [           main] org.hibernate.type.BasicTypeRegistry     : Adding type registration materialized_blob -> org.hibernate.type.BasicTypeReference@7e3d2ebd
2024-06-28T22:27:28.917-06:00 DEBUG 9756 --- [alumnos] [           main] org.hibernate.type.BasicTypeRegistry     : Adding type registration materialized_blob_wrapper -> org.hibernate.type.BasicTypeReference@2b43f314
2024-06-28T22:27:28.917-06:00 DEBUG 9756 --- [alumnos] [           main] org.hibernate.type.BasicTypeRegistry     : Adding type registration short -> org.hibernate.type.BasicTypeReference@3a4a5f3c
2024-06-28T22:27:28.917-06:00 DEBUG 9756 --- [alumnos] [           main] org.hibernate.type.BasicTypeRegistry     : Adding type registration short -> org.hibernate.type.BasicTypeReference@3a4a5f3c
2024-06-28T22:27:28.918-06:00 DEBUG 9756 --- [alumnos] [           main] org.hibernate.type.BasicTypeRegistry     : Adding type registration java.lang.Short -> org.hibernate.type.BasicTypeReference@3a4a5f3c
2024-06-28T22:27:28.918-06:00 DEBUG 9756 --- [alumnos] [           main] org.hibernate.type.BasicTypeRegistry     : Adding type registration integer -> org.hibernate.type.BasicTypeReference@4f3356c0
2024-06-28T22:27:28.918-06:00 DEBUG 9756 --- [alumnos] [           main] org.hibernate.type.BasicTypeRegistry     : Adding type registration int -> org.hibernate.type.BasicTypeReference@4f3356c0
2024-06-28T22:27:28.918-06:00 DEBUG 9756 --- [alumnos] [           main] org.hibernate.type.BasicTypeRegistry     : Adding type registration java.lang.Integer -> org.hibernate.type.BasicTypeReference@4f3356c0
2024-06-28T22:27:28.918-06:00 DEBUG 9756 --- [alumnos] [           main] org.hibernate.type.BasicTypeRegistry     : Adding type registration long -> org.hibernate.type.BasicTypeReference@586cc15d
2024-06-28T22:27:28.918-06:00 DEBUG 9756 --- [alumnos] [           main] org.hibernate.type.BasicTypeRegistry     : Adding type registration long -> org.hibernate.type.BasicTypeReference@586cc15d
2024-06-28T22:27:28.918-06:00 DEBUG 9756 --- [alumnos] [           main] org.hibernate.type.BasicTypeRegistry     : Adding type registration java.lang.Long -> org.hibernate.type.BasicTypeReference@586cc15d
2024-06-28T22:27:28.918-06:00 DEBUG 9756 --- [alumnos] [           main] org.hibernate.type.BasicTypeRegistry     : Adding type registration float -> org.hibernate.type.BasicTypeReference@6c835217
2024-06-28T22:27:28.919-06:00 DEBUG 9756 --- [alumnos] [           main] org.hibernate.type.BasicTypeRegistry     : Adding type registration float -> org.hibernate.type.BasicTypeReference@6c835217
2024-06-28T22:27:28.919-06:00 DEBUG 9756 --- [alumnos] [           main] org.hibernate.type.BasicTypeRegistry     : Adding type registration java.lang.Float -> org.hibernate.type.BasicTypeReference@6c835217
2024-06-28T22:27:28.919-06:00 DEBUG 9756 --- [alumnos] [           main] org.hibernate.type.BasicTypeRegistry     : Adding type registration double -> org.hibernate.type.BasicTypeReference@4584304
2024-06-28T22:27:28.919-06:00 DEBUG 9756 --- [alumnos] [           main] org.hibernate.type.BasicTypeRegistry     : Adding type registration double -> org.hibernate.type.BasicTypeReference@4584304
2024-06-28T22:27:28.919-06:00 DEBUG 9756 --- [alumnos] [           main] org.hibernate.type.BasicTypeRegistry     : Adding type registration java.lang.Double -> org.hibernate.type.BasicTypeReference@4584304
2024-06-28T22:27:28.919-06:00 DEBUG 9756 --- [alumnos] [           main] org.hibernate.type.BasicTypeRegistry     : Adding type registration big_integer -> org.hibernate.type.BasicTypeReference@51888019
2024-06-28T22:27:28.919-06:00 DEBUG 9756 --- [alumnos] [           main] org.hibernate.type.BasicTypeRegistry     : Adding type registration java.math.BigInteger -> org.hibernate.type.BasicTypeReference@51888019
2024-06-28T22:27:28.919-06:00 DEBUG 9756 --- [alumnos] [           main] org.hibernate.type.BasicTypeRegistry     : Adding type registration big_decimal -> org.hibernate.type.BasicTypeReference@6f50d55c
2024-06-28T22:27:28.919-06:00 DEBUG 9756 --- [alumnos] [           main] org.hibernate.type.BasicTypeRegistry     : Adding type registration java.math.BigDecimal -> org.hibernate.type.BasicTypeReference@6f50d55c
2024-06-28T22:27:28.920-06:00 DEBUG 9756 --- [alumnos] [           main] org.hibernate.type.BasicTypeRegistry     : Adding type registration character -> org.hibernate.type.BasicTypeReference@19b5214b
2024-06-28T22:27:28.920-06:00 DEBUG 9756 --- [alumnos] [           main] org.hibernate.type.BasicTypeRegistry     : Adding type registration char -> org.hibernate.type.BasicTypeReference@19b5214b
2024-06-28T22:27:28.920-06:00 DEBUG 9756 --- [alumnos] [           main] org.hibernate.type.BasicTypeRegistry     : Adding type registration java.lang.Character -> org.hibernate.type.BasicTypeReference@19b5214b
2024-06-28T22:27:28.920-06:00 DEBUG 9756 --- [alumnos] [           main] org.hibernate.type.BasicTypeRegistry     : Adding type registration character_nchar -> org.hibernate.type.BasicTypeReference@5fb3111a
2024-06-28T22:27:28.920-06:00 DEBUG 9756 --- [alumnos] [           main] org.hibernate.type.BasicTypeRegistry     : Adding type registration string -> org.hibernate.type.BasicTypeReference@4aaecabd
2024-06-28T22:27:28.920-06:00 DEBUG 9756 --- [alumnos] [           main] org.hibernate.type.BasicTypeRegistry     : Adding type registration java.lang.String -> org.hibernate.type.BasicTypeReference@4aaecabd
2024-06-28T22:27:28.920-06:00 DEBUG 9756 --- [alumnos] [           main] org.hibernate.type.BasicTypeRegistry     : Adding type registration nstring -> org.hibernate.type.BasicTypeReference@23bd0c81
2024-06-28T22:27:28.920-06:00 DEBUG 9756 --- [alumnos] [           main] org.hibernate.type.BasicTypeRegistry     : Adding type registration characters -> org.hibernate.type.BasicTypeReference@1332dec4
2024-06-28T22:27:28.921-06:00 DEBUG 9756 --- [alumnos] [           main] org.hibernate.type.BasicTypeRegistry     : Adding type registration char[] -> org.hibernate.type.BasicTypeReference@1332dec4
2024-06-28T22:27:28.921-06:00 DEBUG 9756 --- [alumnos] [           main] org.hibernate.type.BasicTypeRegistry     : Adding type registration [C -> org.hibernate.type.BasicTypeReference@1332dec4
2024-06-28T22:27:28.921-06:00 DEBUG 9756 --- [alumnos] [           main] org.hibernate.type.BasicTypeRegistry     : Adding type registration wrapper-characters -> org.hibernate.type.BasicTypeReference@544e3679
2024-06-28T22:27:28.921-06:00 DEBUG 9756 --- [alumnos] [           main] org.hibernate.type.BasicTypeRegistry     : Adding type registration text -> org.hibernate.type.BasicTypeReference@6889f56f
2024-06-28T22:27:28.921-06:00 DEBUG 9756 --- [alumnos] [           main] org.hibernate.type.BasicTypeRegistry     : Adding type registration ntext -> org.hibernate.type.BasicTypeReference@231b35fb
2024-06-28T22:27:28.921-06:00 DEBUG 9756 --- [alumnos] [           main] org.hibernate.type.BasicTypeRegistry     : Adding type registration clob -> org.hibernate.type.BasicTypeReference@26da1ba2
2024-06-28T22:27:28.921-06:00 DEBUG 9756 --- [alumnos] [           main] org.hibernate.type.BasicTypeRegistry     : Adding type registration java.sql.Clob -> org.hibernate.type.BasicTypeReference@26da1ba2
2024-06-28T22:27:28.921-06:00 DEBUG 9756 --- [alumnos] [           main] org.hibernate.type.BasicTypeRegistry     : Adding type registration nclob -> org.hibernate.type.BasicTypeReference@3820cfe
2024-06-28T22:27:28.922-06:00 DEBUG 9756 --- [alumnos] [           main] org.hibernate.type.BasicTypeRegistry     : Adding type registration java.sql.NClob -> org.hibernate.type.BasicTypeReference@3820cfe
2024-06-28T22:27:28.922-06:00 DEBUG 9756 --- [alumnos] [           main] org.hibernate.type.BasicTypeRegistry     : Adding type registration materialized_clob -> org.hibernate.type.BasicTypeReference@2407a36c
2024-06-28T22:27:28.922-06:00 DEBUG 9756 --- [alumnos] [           main] org.hibernate.type.BasicTypeRegistry     : Adding type registration materialized_clob_char_array -> org.hibernate.type.BasicTypeReference@5ec9eefa
2024-06-28T22:27:28.922-06:00 DEBUG 9756 --- [alumnos] [           main] org.hibernate.type.BasicTypeRegistry     : Adding type registration materialized_clob_character_array -> org.hibernate.type.BasicTypeReference@28b8f98a
2024-06-28T22:27:28.922-06:00 DEBUG 9756 --- [alumnos] [           main] org.hibernate.type.BasicTypeRegistry     : Adding type registration materialized_nclob -> org.hibernate.type.BasicTypeReference@3b4ef59f
2024-06-28T22:27:28.922-06:00 DEBUG 9756 --- [alumnos] [           main] org.hibernate.type.BasicTypeRegistry     : Adding type registration materialized_nclob_character_array -> org.hibernate.type.BasicTypeReference@22cb3d59
2024-06-28T22:27:28.922-06:00 DEBUG 9756 --- [alumnos] [           main] org.hibernate.type.BasicTypeRegistry     : Adding type registration materialized_nclob_char_array -> org.hibernate.type.BasicTypeReference@33e4b9c4
2024-06-28T22:27:28.922-06:00 DEBUG 9756 --- [alumnos] [           main] org.hibernate.type.BasicTypeRegistry     : Adding type registration Duration -> org.hibernate.type.BasicTypeReference@5cff729b
2024-06-28T22:27:28.923-06:00 DEBUG 9756 --- [alumnos] [           main] org.hibernate.type.BasicTypeRegistry     : Adding type registration java.time.Duration -> org.hibernate.type.BasicTypeReference@5cff729b
2024-06-28T22:27:28.923-06:00 DEBUG 9756 --- [alumnos] [           main] org.hibernate.type.BasicTypeRegistry     : Adding type registration LocalDateTime -> org.hibernate.type.BasicTypeReference@10d18696
2024-06-28T22:27:28.923-06:00 DEBUG 9756 --- [alumnos] [           main] org.hibernate.type.BasicTypeRegistry     : Adding type registration java.time.LocalDateTime -> org.hibernate.type.BasicTypeReference@10d18696
2024-06-28T22:27:28.923-06:00 DEBUG 9756 --- [alumnos] [           main] org.hibernate.type.BasicTypeRegistry     : Adding type registration LocalDate -> org.hibernate.type.BasicTypeReference@6b8b5020
2024-06-28T22:27:28.923-06:00 DEBUG 9756 --- [alumnos] [           main] org.hibernate.type.BasicTypeRegistry     : Adding type registration java.time.LocalDate -> org.hibernate.type.BasicTypeReference@6b8b5020
2024-06-28T22:27:28.923-06:00 DEBUG 9756 --- [alumnos] [           main] org.hibernate.type.BasicTypeRegistry     : Adding type registration LocalTime -> org.hibernate.type.BasicTypeReference@7d37ee0c
2024-06-28T22:27:28.923-06:00 DEBUG 9756 --- [alumnos] [           main] org.hibernate.type.BasicTypeRegistry     : Adding type registration java.time.LocalTime -> org.hibernate.type.BasicTypeReference@7d37ee0c
2024-06-28T22:27:28.924-06:00 DEBUG 9756 --- [alumnos] [           main] org.hibernate.type.BasicTypeRegistry     : Adding type registration OffsetDateTime -> org.hibernate.type.BasicTypeReference@5a7b309b
2024-06-28T22:27:28.924-06:00 DEBUG 9756 --- [alumnos] [           main] org.hibernate.type.BasicTypeRegistry     : Adding type registration java.time.OffsetDateTime -> org.hibernate.type.BasicTypeReference@5a7b309b
2024-06-28T22:27:28.924-06:00 DEBUG 9756 --- [alumnos] [           main] org.hibernate.type.BasicTypeRegistry     : Adding type registration OffsetDateTimeWithTimezone -> org.hibernate.type.BasicTypeReference@4602f874
2024-06-28T22:27:28.924-06:00 DEBUG 9756 --- [alumnos] [           main] org.hibernate.type.BasicTypeRegistry     : Adding type registration OffsetDateTimeWithoutTimezone -> org.hibernate.type.BasicTypeReference@7739aac4
2024-06-28T22:27:28.924-06:00 DEBUG 9756 --- [alumnos] [           main] org.hibernate.type.BasicTypeRegistry     : Adding type registration OffsetTime -> org.hibernate.type.BasicTypeReference@353c6da1
2024-06-28T22:27:28.924-06:00 DEBUG 9756 --- [alumnos] [           main] org.hibernate.type.BasicTypeRegistry     : Adding type registration java.time.OffsetTime -> org.hibernate.type.BasicTypeReference@353c6da1
2024-06-28T22:27:28.924-06:00 DEBUG 9756 --- [alumnos] [           main] org.hibernate.type.BasicTypeRegistry     : Adding type registration OffsetTimeUtc -> org.hibernate.type.BasicTypeReference@36c07c75
2024-06-28T22:27:28.925-06:00 DEBUG 9756 --- [alumnos] [           main] org.hibernate.type.BasicTypeRegistry     : Adding type registration OffsetTimeWithTimezone -> org.hibernate.type.BasicTypeReference@6750e381
2024-06-28T22:27:28.925-06:00 DEBUG 9756 --- [alumnos] [           main] org.hibernate.type.BasicTypeRegistry     : Adding type registration OffsetTimeWithoutTimezone -> org.hibernate.type.BasicTypeReference@5d850a25
2024-06-28T22:27:28.925-06:00 DEBUG 9756 --- [alumnos] [           main] org.hibernate.type.BasicTypeRegistry     : Adding type registration ZonedDateTime -> org.hibernate.type.BasicTypeReference@b022551
2024-06-28T22:27:28.925-06:00 DEBUG 9756 --- [alumnos] [           main] org.hibernate.type.BasicTypeRegistry     : Adding type registration java.time.ZonedDateTime -> org.hibernate.type.BasicTypeReference@b022551
2024-06-28T22:27:28.925-06:00 DEBUG 9756 --- [alumnos] [           main] org.hibernate.type.BasicTypeRegistry     : Adding type registration ZonedDateTimeWithTimezone -> org.hibernate.type.BasicTypeReference@3e14d390
2024-06-28T22:27:28.925-06:00 DEBUG 9756 --- [alumnos] [           main] org.hibernate.type.BasicTypeRegistry     : Adding type registration ZonedDateTimeWithoutTimezone -> org.hibernate.type.BasicTypeReference@5eb87338
2024-06-28T22:27:28.925-06:00 DEBUG 9756 --- [alumnos] [           main] org.hibernate.type.BasicTypeRegistry     : Adding type registration date -> org.hibernate.type.BasicTypeReference@2b999ee8
2024-06-28T22:27:28.925-06:00 DEBUG 9756 --- [alumnos] [           main] org.hibernate.type.BasicTypeRegistry     : Adding type registration java.sql.Date -> org.hibernate.type.BasicTypeReference@2b999ee8
2024-06-28T22:27:28.926-06:00 DEBUG 9756 --- [alumnos] [           main] org.hibernate.type.BasicTypeRegistry     : Adding type registration time -> org.hibernate.type.BasicTypeReference@31ab1e67
2024-06-28T22:27:28.926-06:00 DEBUG 9756 --- [alumnos] [           main] org.hibernate.type.BasicTypeRegistry     : Adding type registration java.sql.Time -> org.hibernate.type.BasicTypeReference@31ab1e67
2024-06-28T22:27:28.926-06:00 DEBUG 9756 --- [alumnos] [           main] org.hibernate.type.BasicTypeRegistry     : Adding type registration timestamp -> org.hibernate.type.BasicTypeReference@29bbc391
2024-06-28T22:27:28.926-06:00 DEBUG 9756 --- [alumnos] [           main] org.hibernate.type.BasicTypeRegistry     : Adding type registration java.sql.Timestamp -> org.hibernate.type.BasicTypeReference@29bbc391
2024-06-28T22:27:28.926-06:00 DEBUG 9756 --- [alumnos] [           main] org.hibernate.type.BasicTypeRegistry     : Adding type registration java.util.Date -> org.hibernate.type.BasicTypeReference@29bbc391
2024-06-28T22:27:28.926-06:00 DEBUG 9756 --- [alumnos] [           main] org.hibernate.type.BasicTypeRegistry     : Adding type registration calendar -> org.hibernate.type.BasicTypeReference@3487442d
2024-06-28T22:27:28.927-06:00 DEBUG 9756 --- [alumnos] [           main] org.hibernate.type.BasicTypeRegistry     : Adding type registration java.util.Calendar -> org.hibernate.type.BasicTypeReference@3487442d
2024-06-28T22:27:28.927-06:00 DEBUG 9756 --- [alumnos] [           main] org.hibernate.type.BasicTypeRegistry     : Adding type registration java.util.GregorianCalendar -> org.hibernate.type.BasicTypeReference@3487442d
2024-06-28T22:27:28.927-06:00 DEBUG 9756 --- [alumnos] [           main] org.hibernate.type.BasicTypeRegistry     : Adding type registration calendar_date -> org.hibernate.type.BasicTypeReference@530ee28b
2024-06-28T22:27:28.927-06:00 DEBUG 9756 --- [alumnos] [           main] org.hibernate.type.BasicTypeRegistry     : Adding type registration calendar_time -> org.hibernate.type.BasicTypeReference@3a3f96ab
2024-06-28T22:27:28.927-06:00 DEBUG 9756 --- [alumnos] [           main] org.hibernate.type.BasicTypeRegistry     : Adding type registration instant -> org.hibernate.type.BasicTypeReference@4def7d36
2024-06-28T22:27:28.927-06:00 DEBUG 9756 --- [alumnos] [           main] org.hibernate.type.BasicTypeRegistry     : Adding type registration java.time.Instant -> org.hibernate.type.BasicTypeReference@4def7d36
2024-06-28T22:27:28.928-06:00 DEBUG 9756 --- [alumnos] [           main] org.hibernate.type.BasicTypeRegistry     : Adding type registration uuid -> org.hibernate.type.BasicTypeReference@43c7fe8a
2024-06-28T22:27:28.928-06:00 DEBUG 9756 --- [alumnos] [           main] org.hibernate.type.BasicTypeRegistry     : Adding type registration java.util.UUID -> org.hibernate.type.BasicTypeReference@43c7fe8a
2024-06-28T22:27:28.928-06:00 DEBUG 9756 --- [alumnos] [           main] org.hibernate.type.BasicTypeRegistry     : Adding type registration pg-uuid -> org.hibernate.type.BasicTypeReference@43c7fe8a
2024-06-28T22:27:28.928-06:00 DEBUG 9756 --- [alumnos] [           main] org.hibernate.type.BasicTypeRegistry     : Adding type registration uuid-binary -> org.hibernate.type.BasicTypeReference@67f946c3
2024-06-28T22:27:28.928-06:00 DEBUG 9756 --- [alumnos] [           main] org.hibernate.type.BasicTypeRegistry     : Adding type registration uuid-char -> org.hibernate.type.BasicTypeReference@21b51e59
2024-06-28T22:27:28.928-06:00 DEBUG 9756 --- [alumnos] [           main] org.hibernate.type.BasicTypeRegistry     : Adding type registration class -> org.hibernate.type.BasicTypeReference@1785d194
2024-06-28T22:27:28.928-06:00 DEBUG 9756 --- [alumnos] [           main] org.hibernate.type.BasicTypeRegistry     : Adding type registration java.lang.Class -> org.hibernate.type.BasicTypeReference@1785d194
2024-06-28T22:27:28.928-06:00 DEBUG 9756 --- [alumnos] [           main] org.hibernate.type.BasicTypeRegistry     : Adding type registration currency -> org.hibernate.type.BasicTypeReference@6b4a4e40
2024-06-28T22:27:28.928-06:00 DEBUG 9756 --- [alumnos] [           main] org.hibernate.type.BasicTypeRegistry     : Adding type registration Currency -> org.hibernate.type.BasicTypeReference@6b4a4e40
2024-06-28T22:27:28.929-06:00 DEBUG 9756 --- [alumnos] [           main] org.hibernate.type.BasicTypeRegistry     : Adding type registration java.util.Currency -> org.hibernate.type.BasicTypeReference@6b4a4e40
2024-06-28T22:27:28.929-06:00 DEBUG 9756 --- [alumnos] [           main] org.hibernate.type.BasicTypeRegistry     : Adding type registration locale -> org.hibernate.type.BasicTypeReference@46a8c2b4
2024-06-28T22:27:28.929-06:00 DEBUG 9756 --- [alumnos] [           main] org.hibernate.type.BasicTypeRegistry     : Adding type registration java.util.Locale -> org.hibernate.type.BasicTypeReference@46a8c2b4
2024-06-28T22:27:28.929-06:00 DEBUG 9756 --- [alumnos] [           main] org.hibernate.type.BasicTypeRegistry     : Adding type registration serializable -> org.hibernate.type.BasicTypeReference@4f664bee
2024-06-28T22:27:28.929-06:00 DEBUG 9756 --- [alumnos] [           main] org.hibernate.type.BasicTypeRegistry     : Adding type registration java.io.Serializable -> org.hibernate.type.BasicTypeReference@4f664bee
2024-06-28T22:27:28.929-06:00 DEBUG 9756 --- [alumnos] [           main] org.hibernate.type.BasicTypeRegistry     : Adding type registration timezone -> org.hibernate.type.BasicTypeReference@76563ae7
2024-06-28T22:27:28.929-06:00 DEBUG 9756 --- [alumnos] [           main] org.hibernate.type.BasicTypeRegistry     : Adding type registration java.util.TimeZone -> org.hibernate.type.BasicTypeReference@76563ae7
2024-06-28T22:27:28.929-06:00 DEBUG 9756 --- [alumnos] [           main] org.hibernate.type.BasicTypeRegistry     : Adding type registration ZoneOffset -> org.hibernate.type.BasicTypeReference@4fd74223
2024-06-28T22:27:28.930-06:00 DEBUG 9756 --- [alumnos] [           main] org.hibernate.type.BasicTypeRegistry     : Adding type registration java.time.ZoneOffset -> org.hibernate.type.BasicTypeReference@4fd74223
2024-06-28T22:27:28.930-06:00 DEBUG 9756 --- [alumnos] [           main] org.hibernate.type.BasicTypeRegistry     : Adding type registration url -> org.hibernate.type.BasicTypeReference@4fea840f
2024-06-28T22:27:28.930-06:00 DEBUG 9756 --- [alumnos] [           main] org.hibernate.type.BasicTypeRegistry     : Adding type registration java.net.URL -> org.hibernate.type.BasicTypeReference@4fea840f
2024-06-28T22:27:28.930-06:00 DEBUG 9756 --- [alumnos] [           main] org.hibernate.type.BasicTypeRegistry     : Adding type registration vector -> org.hibernate.type.BasicTypeReference@32ae8f27
2024-06-28T22:27:28.930-06:00 DEBUG 9756 --- [alumnos] [           main] org.hibernate.type.BasicTypeRegistry     : Adding type registration row_version -> org.hibernate.type.BasicTypeReference@75e80a97
2024-06-28T22:27:28.938-06:00 DEBUG 9756 --- [alumnos] [           main] org.hibernate.type.BasicTypeRegistry     : Adding type registration object -> org.hibernate.type.JavaObjectType@681e913c
2024-06-28T22:27:28.938-06:00 DEBUG 9756 --- [alumnos] [           main] org.hibernate.type.BasicTypeRegistry     : Adding type registration java.lang.Object -> org.hibernate.type.JavaObjectType@681e913c
2024-06-28T22:27:28.940-06:00 DEBUG 9756 --- [alumnos] [           main] org.hibernate.type.BasicTypeRegistry     : Adding type registration null -> org.hibernate.type.NullType@5ea7bc4
2024-06-28T22:27:28.940-06:00 DEBUG 9756 --- [alumnos] [           main] org.hibernate.type.BasicTypeRegistry     : Adding type registration imm_date -> org.hibernate.type.BasicTypeReference@39d77de9
2024-06-28T22:27:28.941-06:00 DEBUG 9756 --- [alumnos] [           main] org.hibernate.type.BasicTypeRegistry     : Adding type registration imm_time -> org.hibernate.type.BasicTypeReference@696fad31
2024-06-28T22:27:28.941-06:00 DEBUG 9756 --- [alumnos] [           main] org.hibernate.type.BasicTypeRegistry     : Adding type registration imm_timestamp -> org.hibernate.type.BasicTypeReference@2c06b113
2024-06-28T22:27:28.941-06:00 DEBUG 9756 --- [alumnos] [           main] org.hibernate.type.BasicTypeRegistry     : Adding type registration imm_calendar -> org.hibernate.type.BasicTypeReference@7a64cb0c
2024-06-28T22:27:28.941-06:00 DEBUG 9756 --- [alumnos] [           main] org.hibernate.type.BasicTypeRegistry     : Adding type registration imm_calendar_date -> org.hibernate.type.BasicTypeReference@785ed99c
2024-06-28T22:27:28.941-06:00 DEBUG 9756 --- [alumnos] [           main] org.hibernate.type.BasicTypeRegistry     : Adding type registration imm_calendar_time -> org.hibernate.type.BasicTypeReference@6c4ce583
2024-06-28T22:27:28.941-06:00 DEBUG 9756 --- [alumnos] [           main] org.hibernate.type.BasicTypeRegistry     : Adding type registration imm_binary -> org.hibernate.type.BasicTypeReference@755b5f30
2024-06-28T22:27:28.941-06:00 DEBUG 9756 --- [alumnos] [           main] org.hibernate.type.BasicTypeRegistry     : Adding type registration imm_serializable -> org.hibernate.type.BasicTypeReference@29bbc63c
2024-06-28T22:27:28.952-06:00 DEBUG 9756 --- [alumnos] [           main] o.h.boot.internal.BootstrapContextImpl   : Injecting JPA temp ClassLoader [org.springframework.instrument.classloading.SimpleThrowawayClassLoader@231df705] into BootstrapContext; was [null]
2024-06-28T22:27:28.952-06:00 DEBUG 9756 --- [alumnos] [           main] o.h.boot.internal.ClassLoaderAccessImpl  : ClassLoaderAccessImpl#injectTempClassLoader(org.springframework.instrument.classloading.SimpleThrowawayClassLoader@231df705) [was null]
2024-06-28T22:27:28.953-06:00 DEBUG 9756 --- [alumnos] [           main] o.h.boot.internal.BootstrapContextImpl   : Injecting ScanEnvironment [org.hibernate.jpa.boot.internal.StandardJpaScanEnvironmentImpl@60591e1b] into BootstrapContext; was [null]
2024-06-28T22:27:28.953-06:00 DEBUG 9756 --- [alumnos] [           main] o.h.boot.internal.BootstrapContextImpl   : Injecting ScanOptions [org.hibernate.boot.archive.scan.internal.StandardScanOptions@29c53c4f] into BootstrapContext; was [org.hibernate.boot.archive.scan.internal.StandardScanOptions@3009eed7]
2024-06-28T22:27:29.391-06:00  INFO 9756 --- [alumnos] [           main] o.s.o.j.p.SpringPersistenceUnitInfo      : No LoadTimeWeaver setup: ignoring JPA class transformer
2024-06-28T22:27:29.391-06:00 DEBUG 9756 --- [alumnos] [           main] o.h.boot.internal.BootstrapContextImpl   : Injecting JPA temp ClassLoader [null] into BootstrapContext; was [org.springframework.instrument.classloading.SimpleThrowawayClassLoader@231df705]
2024-06-28T22:27:29.391-06:00 DEBUG 9756 --- [alumnos] [           main] o.h.boot.internal.ClassLoaderAccessImpl  : ClassLoaderAccessImpl#injectTempClassLoader(null) [was org.springframework.instrument.classloading.SimpleThrowawayClassLoader@231df705]
2024-06-28T22:27:29.433-06:00  INFO 9756 --- [alumnos] [           main] com.zaxxer.hikari.HikariDataSource       : HikariPool-1 - Starting...
2024-06-28T22:27:30.710-06:00  INFO 9756 --- [alumnos] [           main] com.zaxxer.hikari.pool.HikariPool        : HikariPool-1 - Added connection org.postgresql.jdbc.PgConnection@5d800a56
2024-06-28T22:27:30.713-06:00  INFO 9756 --- [alumnos] [           main] com.zaxxer.hikari.HikariDataSource       : HikariPool-1 - Start completed.
2024-06-28T22:27:30.722-06:00 DEBUG 9756 --- [alumnos] [           main] o.h.e.j.e.i.JdbcEnvironmentInitiator     : Database ->
	   name : PostgreSQL
	version : 15.1 (Ubuntu 15.1-1.pgdg20.04+1)
	  major : 15
	  minor : 1
2024-06-28T22:27:30.722-06:00 DEBUG 9756 --- [alumnos] [           main] o.h.e.j.e.i.JdbcEnvironmentInitiator     : Driver ->
	   name : PostgreSQL JDBC Driver
	version : 42.7.3
	  major : 42
	  minor : 7
2024-06-28T22:27:30.722-06:00 DEBUG 9756 --- [alumnos] [           main] o.h.e.j.e.i.JdbcEnvironmentInitiator     : JDBC version : 4.2
2024-06-28T22:27:30.828-06:00  WARN 9756 --- [alumnos] [           main] org.hibernate.orm.deprecation            : HHH90000025: PostgreSQLDialect does not need to be specified explicitly using 'hibernate.dialect' (remove the property setting and it will be selected by default)
2024-06-28T22:27:30.830-06:00 DEBUG 9756 --- [alumnos] [           main] org.hibernate.orm.dialect                : HHH035001: Using dialect: org.hibernate.dialect.PostgreSQLDialect, version: 15.1
2024-06-28T22:27:30.836-06:00 DEBUG 9756 --- [alumnos] [           main] o.h.e.j.env.spi.IdentifierHelperBuilder  : JDBC driver metadata reported database stores quoted identifiers in neither upper, lower nor mixed case
2024-06-28T22:27:31.003-06:00 DEBUG 9756 --- [alumnos] [           main] org.hibernate.orm.jdbc.lob               : HHH10010004: Disabling contextual LOB creation as Dialect reported it is not supported
2024-06-28T22:27:31.029-06:00 DEBUG 9756 --- [alumnos] [           main] o.h.t.d.sql.spi.DdlTypeRegistry          : addDescriptor(2003, org.hibernate.type.descriptor.sql.internal.ArrayDdlTypeImpl@6de33fde) replaced previous registration(org.hibernate.type.descriptor.sql.internal.ArrayDdlTypeImpl@69c33ea2)
2024-06-28T22:27:31.029-06:00 DEBUG 9756 --- [alumnos] [           main] o.h.t.d.sql.spi.DdlTypeRegistry          : addDescriptor(6, org.hibernate.type.descriptor.sql.internal.CapacityDependentDdlType@59e0d521) replaced previous registration(org.hibernate.type.descriptor.sql.internal.DdlTypeImpl@2e3900dc)
2024-06-28T22:27:31.038-06:00 DEBUG 9756 --- [alumnos] [           main] o.h.t.d.jdbc.spi.JdbcTypeRegistry        : addDescriptor(2004, BlobTypeDescriptor(BLOB_BINDING)) replaced previous registration(BlobTypeDescriptor(DEFAULT))
2024-06-28T22:27:31.038-06:00 DEBUG 9756 --- [alumnos] [           main] o.h.t.d.jdbc.spi.JdbcTypeRegistry        : addDescriptor(2005, ClobTypeDescriptor(CLOB_BINDING)) replaced previous registration(ClobTypeDescriptor(DEFAULT))
2024-06-28T22:27:31.057-06:00 DEBUG 9756 --- [alumnos] [           main] org.hibernate.type.BasicTypeRegistry     : Adding type registration JAVA_OBJECT -> org.hibernate.type.JavaObjectType@6ac9b66b
2024-06-28T22:27:31.057-06:00 DEBUG 9756 --- [alumnos] [           main] org.hibernate.type.BasicTypeRegistry     : Adding type registration java.lang.Object -> org.hibernate.type.JavaObjectType@6ac9b66b
2024-06-28T22:27:31.057-06:00 DEBUG 9756 --- [alumnos] [           main] org.hibernate.type.BasicTypeRegistry     : Type registration key [java.lang.Object] overrode previous entry : `org.hibernate.type.JavaObjectType@681e913c`
2024-06-28T22:27:31.070-06:00 DEBUG 9756 --- [alumnos] [           main] org.hibernate.type.BasicTypeRegistry     : Adding type registration org.hibernate.type.DurationType -> basicType@1(java.time.Duration,3015)
2024-06-28T22:27:31.070-06:00 DEBUG 9756 --- [alumnos] [           main] org.hibernate.type.BasicTypeRegistry     : Adding type registration Duration -> basicType@1(java.time.Duration,3015)
2024-06-28T22:27:31.070-06:00 DEBUG 9756 --- [alumnos] [           main] org.hibernate.type.BasicTypeRegistry     : Adding type registration java.time.Duration -> basicType@1(java.time.Duration,3015)
2024-06-28T22:27:31.080-06:00 DEBUG 9756 --- [alumnos] [           main] org.hibernate.type.BasicTypeRegistry     : Adding type registration org.hibernate.type.OffsetDateTimeType -> basicType@2(java.time.OffsetDateTime,3003)
2024-06-28T22:27:31.080-06:00 DEBUG 9756 --- [alumnos] [           main] org.hibernate.type.BasicTypeRegistry     : Adding type registration OffsetDateTime -> basicType@2(java.time.OffsetDateTime,3003)
2024-06-28T22:27:31.080-06:00 DEBUG 9756 --- [alumnos] [           main] org.hibernate.type.BasicTypeRegistry     : Adding type registration java.time.OffsetDateTime -> basicType@2(java.time.OffsetDateTime,3003)
2024-06-28T22:27:31.080-06:00 DEBUG 9756 --- [alumnos] [           main] org.hibernate.type.BasicTypeRegistry     : Adding type registration org.hibernate.type.ZonedDateTimeType -> basicType@3(java.time.ZonedDateTime,3003)
2024-06-28T22:27:31.081-06:00 DEBUG 9756 --- [alumnos] [           main] org.hibernate.type.BasicTypeRegistry     : Adding type registration ZonedDateTime -> basicType@3(java.time.ZonedDateTime,3003)
2024-06-28T22:27:31.082-06:00 DEBUG 9756 --- [alumnos] [           main] org.hibernate.type.BasicTypeRegistry     : Adding type registration java.time.ZonedDateTime -> basicType@3(java.time.ZonedDateTime,3003)
2024-06-28T22:27:31.084-06:00 DEBUG 9756 --- [alumnos] [           main] org.hibernate.type.BasicTypeRegistry     : Adding type registration org.hibernate.type.OffsetTimeType -> basicType@4(java.time.OffsetTime,3007)
2024-06-28T22:27:31.084-06:00 DEBUG 9756 --- [alumnos] [           main] org.hibernate.type.BasicTypeRegistry     : Adding type registration OffsetTime -> basicType@4(java.time.OffsetTime,3007)
2024-06-28T22:27:31.085-06:00 DEBUG 9756 --- [alumnos] [           main] org.hibernate.type.BasicTypeRegistry     : Adding type registration java.time.OffsetTime -> basicType@4(java.time.OffsetTime,3007)
2024-06-28T22:27:31.087-06:00 DEBUG 9756 --- [alumnos] [           main] o.h.type.spi.TypeConfiguration$Scope     : Scoping TypeConfiguration [org.hibernate.type.spi.TypeConfiguration@537b3be1] to MetadataBuildingContext [org.hibernate.boot.internal.MetadataBuildingContextRootImpl@15d58530]
2024-06-28T22:27:31.156-06:00 DEBUG 9756 --- [alumnos] [           main] o.h.boot.model.relational.Namespace      : Created database namespace [logicalName=Name{catalog=null, schema=null}, physicalName=Name{catalog=null, schema=null}]
2024-06-28T22:27:31.194-06:00 DEBUG 9756 --- [alumnos] [           main] o.h.boot.model.internal.EntityBinder     : Binding entity from annotated class: com.ipn.mx.domain.entity.Usuario
2024-06-28T22:27:31.204-06:00 DEBUG 9756 --- [alumnos] [           main] o.h.boot.model.internal.EntityBinder     : Import with entity name Usuario
2024-06-28T22:27:31.213-06:00 DEBUG 9756 --- [alumnos] [           main] o.h.boot.model.internal.EntityBinder     : Bind entity com.ipn.mx.domain.entity.Usuario on table usuarios
2024-06-28T22:27:31.229-06:00 DEBUG 9756 --- [alumnos] [           main] o.h.boot.model.internal.AnnotatedColumn  : Binding column: AnnotatedDiscriminatorColumn(column='DTYPE')
2024-06-28T22:27:31.258-06:00 DEBUG 9756 --- [alumnos] [           main] o.h.boot.model.internal.AnnotatedColumn  : Binding column: AnnotatedColumn(column='idusuario')
2024-06-28T22:27:31.260-06:00 DEBUG 9756 --- [alumnos] [           main] o.h.boot.internal.ClassLoaderAccessImpl  : Not known whether passed class name [com.ipn.mx.domain.entity.Usuario] is safe
2024-06-28T22:27:31.261-06:00 DEBUG 9756 --- [alumnos] [           main] o.h.boot.internal.ClassLoaderAccessImpl  : No temp ClassLoader provided; using live ClassLoader for loading potentially unsafe class : com.ipn.mx.domain.entity.Usuario
2024-06-28T22:27:31.266-06:00 DEBUG 9756 --- [alumnos] [           main] o.h.boot.model.internal.PropertyBinder   : MetadataSourceProcessor property idusuario with lazy=false
2024-06-28T22:27:31.274-06:00 DEBUG 9756 --- [alumnos] [           main] o.h.b.m.internal.AbstractPropertyHolder  : Attempting to locate auto-apply AttributeConverter for property [com.ipn.mx.domain.entity.Usuario:idusuario]
2024-06-28T22:27:31.279-06:00 DEBUG 9756 --- [alumnos] [           main] o.h.b.model.internal.BasicValueBinder    : building BasicValue for idusuario
2024-06-28T22:27:31.283-06:00 DEBUG 9756 --- [alumnos] [           main] org.hibernate.mapping.BasicValue         : Skipping column re-registration: usuarios.idusuario
2024-06-28T22:27:31.283-06:00 DEBUG 9756 --- [alumnos] [           main] o.h.boot.model.internal.PropertyBinder   : Building property idusuario
2024-06-28T22:27:31.289-06:00 DEBUG 9756 --- [alumnos] [           main] o.h.boot.model.internal.BinderHelper     : #makeIdGenerator(BasicValue([Column(idusuario)]), idusuario, identity, , ...)
2024-06-28T22:27:31.290-06:00 DEBUG 9756 --- [alumnos] [           main] o.h.boot.model.internal.AnnotatedColumn  : Binding column: AnnotatedColumn(column='email')
2024-06-28T22:27:31.291-06:00 DEBUG 9756 --- [alumnos] [           main] o.h.boot.model.internal.PropertyBinder   : MetadataSourceProcessor property email with lazy=false
2024-06-28T22:27:31.291-06:00 DEBUG 9756 --- [alumnos] [           main] o.h.b.m.internal.AbstractPropertyHolder  : Attempting to locate auto-apply AttributeConverter for property [com.ipn.mx.domain.entity.Usuario:email]
2024-06-28T22:27:31.291-06:00 DEBUG 9756 --- [alumnos] [           main] o.h.b.model.internal.BasicValueBinder    : building BasicValue for email
2024-06-28T22:27:31.291-06:00 DEBUG 9756 --- [alumnos] [           main] org.hibernate.mapping.BasicValue         : Skipping column re-registration: usuarios.email
2024-06-28T22:27:31.291-06:00 DEBUG 9756 --- [alumnos] [           main] o.h.boot.model.internal.PropertyBinder   : Building property email
2024-06-28T22:27:31.292-06:00 DEBUG 9756 --- [alumnos] [           main] o.h.boot.model.internal.AnnotatedColumn  : Binding column: AnnotatedColumn(column='materno')
2024-06-28T22:27:31.292-06:00 DEBUG 9756 --- [alumnos] [           main] o.h.boot.model.internal.PropertyBinder   : MetadataSourceProcessor property materno with lazy=false
2024-06-28T22:27:31.292-06:00 DEBUG 9756 --- [alumnos] [           main] o.h.b.m.internal.AbstractPropertyHolder  : Attempting to locate auto-apply AttributeConverter for property [com.ipn.mx.domain.entity.Usuario:materno]
2024-06-28T22:27:31.292-06:00 DEBUG 9756 --- [alumnos] [           main] o.h.b.model.internal.BasicValueBinder    : building BasicValue for materno
2024-06-28T22:27:31.292-06:00 DEBUG 9756 --- [alumnos] [           main] org.hibernate.mapping.BasicValue         : Skipping column re-registration: usuarios.materno
2024-06-28T22:27:31.292-06:00 DEBUG 9756 --- [alumnos] [           main] o.h.boot.model.internal.PropertyBinder   : Building property materno
2024-06-28T22:27:31.293-06:00 DEBUG 9756 --- [alumnos] [           main] o.h.boot.model.internal.AnnotatedColumn  : Binding column: AnnotatedColumn(column='nombre')
2024-06-28T22:27:31.293-06:00 DEBUG 9756 --- [alumnos] [           main] o.h.boot.model.internal.PropertyBinder   : MetadataSourceProcessor property nombre with lazy=false
2024-06-28T22:27:31.293-06:00 DEBUG 9756 --- [alumnos] [           main] o.h.b.m.internal.AbstractPropertyHolder  : Attempting to locate auto-apply AttributeConverter for property [com.ipn.mx.domain.entity.Usuario:nombre]
2024-06-28T22:27:31.293-06:00 DEBUG 9756 --- [alumnos] [           main] o.h.b.model.internal.BasicValueBinder    : building BasicValue for nombre
2024-06-28T22:27:31.293-06:00 DEBUG 9756 --- [alumnos] [           main] org.hibernate.mapping.BasicValue         : Skipping column re-registration: usuarios.nombre
2024-06-28T22:27:31.293-06:00 DEBUG 9756 --- [alumnos] [           main] o.h.boot.model.internal.PropertyBinder   : Building property nombre
2024-06-28T22:27:31.294-06:00 DEBUG 9756 --- [alumnos] [           main] o.h.boot.model.internal.AnnotatedColumn  : Binding column: AnnotatedColumn(column='paterno')
2024-06-28T22:27:31.294-06:00 DEBUG 9756 --- [alumnos] [           main] o.h.boot.model.internal.PropertyBinder   : MetadataSourceProcessor property paterno with lazy=false
2024-06-28T22:27:31.294-06:00 DEBUG 9756 --- [alumnos] [           main] o.h.b.m.internal.AbstractPropertyHolder  : Attempting to locate auto-apply AttributeConverter for property [com.ipn.mx.domain.entity.Usuario:paterno]
2024-06-28T22:27:31.294-06:00 DEBUG 9756 --- [alumnos] [           main] o.h.b.model.internal.BasicValueBinder    : building BasicValue for paterno
2024-06-28T22:27:31.294-06:00 DEBUG 9756 --- [alumnos] [           main] org.hibernate.mapping.BasicValue         : Skipping column re-registration: usuarios.paterno
2024-06-28T22:27:31.294-06:00 DEBUG 9756 --- [alumnos] [           main] o.h.boot.model.internal.PropertyBinder   : Building property paterno
2024-06-28T22:27:31.296-06:00 DEBUG 9756 --- [alumnos] [           main] o.h.b.r.c.i.ClassLoaderServiceImpl       : HHH000194: Package not found or no package-info.java: com.ipn.mx.domain.entity
2024-06-28T22:27:31.304-06:00 DEBUG 9756 --- [alumnos] [           main] o.h.b.model.internal.BasicValueBinder    : Starting `BasicValueBinder#fillSimpleValue` for idusuario
2024-06-28T22:27:31.304-06:00 DEBUG 9756 --- [alumnos] [           main] o.h.b.model.internal.BasicValueBinder    : Starting `BasicValueBinder#fillSimpleValue` for email
2024-06-28T22:27:31.306-06:00 DEBUG 9756 --- [alumnos] [           main] o.h.b.model.internal.BasicValueBinder    : Starting `BasicValueBinder#fillSimpleValue` for materno
2024-06-28T22:27:31.306-06:00 DEBUG 9756 --- [alumnos] [           main] o.h.b.model.internal.BasicValueBinder    : Starting `BasicValueBinder#fillSimpleValue` for nombre
2024-06-28T22:27:31.306-06:00 DEBUG 9756 --- [alumnos] [           main] o.h.b.model.internal.BasicValueBinder    : Starting `BasicValueBinder#fillSimpleValue` for paterno
2024-06-28T22:27:31.310-06:00 DEBUG 9756 --- [alumnos] [           main] org.hibernate.mapping.PrimaryKey         : Forcing column [idusuario] to be non-null as it is part of the primary key for table [usuarios]
2024-06-28T22:27:31.406-06:00 DEBUG 9756 --- [alumnos] [           main] o.hibernate.internal.SessionFactoryImpl  : Building session factory
2024-06-28T22:27:31.471-06:00 DEBUG 9756 --- [alumnos] [           main] .h.s.i.SessionFactoryServiceRegistryImpl : EventListenerRegistry access via ServiceRegistry is deprecated.  Use `sessionFactory.getEventEngine().getListenerRegistry()` instead
2024-06-28T22:27:31.471-06:00 DEBUG 9756 --- [alumnos] [           main] o.hibernate.internal.SessionFactoryImpl  : Instantiating SessionFactory with settings: {java.specification.version=17, sun.cpu.isalist=amd64, hibernate.resource.beans.container=org.springframework.orm.hibernate5.SpringBeanContainer@4c02899, hibernate.connection.handling_mode=DELAYED_ACQUISITION_AND_HOLD, sun.jnu.encoding=Cp1252, hibernate.dialect=org.hibernate.dialect.PostgreSQLDialect, hibernate.implicit_naming_strategy=org.hibernate.boot.model.naming.ImplicitNamingStrategyLegacyJpaImpl, java.class.path=C:\Users\Yorch\Documents\ESCOM\Web Client\sts\workspace\alumnos\target\test-classes;C:\Users\Yorch\Documents\ESCOM\Web Client\sts\workspace\alumnos\target\classes;C:\Users\Yorch\.m2\repository\org\springframework\boot\spring-boot-starter-data-jpa\3.3.1\spring-boot-starter-data-jpa-3.3.1.jar;C:\Users\Yorch\.m2\repository\org\springframework\boot\spring-boot-starter-aop\3.3.1\spring-boot-starter-aop-3.3.1.jar;C:\Users\Yorch\.m2\repository\org\springframework\spring-aop\6.1.10\spring-aop-6.1.10.jar;C:\Users\Yorch\.m2\repository\org\aspectj\aspectjweaver\1.9.22\aspectjweaver-1.9.22.jar;C:\Users\Yorch\.m2\repository\org\springframework\boot\spring-boot-starter-jdbc\3.3.1\spring-boot-starter-jdbc-3.3.1.jar;C:\Users\Yorch\.m2\repository\com\zaxxer\HikariCP\5.1.0\HikariCP-5.1.0.jar;C:\Users\Yorch\.m2\repository\org\springframework\spring-jdbc\6.1.10\spring-jdbc-6.1.10.jar;C:\Users\Yorch\.m2\repository\org\hibernate\orm\hibernate-core\6.5.2.Final\hibernate-core-6.5.2.Final.jar;C:\Users\Yorch\.m2\repository\jakarta\persistence\jakarta.persistence-api\3.1.0\jakarta.persistence-api-3.1.0.jar;C:\Users\Yorch\.m2\repository\jakarta\transaction\jakarta.transaction-api\2.0.1\jakarta.transaction-api-2.0.1.jar;C:\Users\Yorch\.m2\repository\org\jboss\logging\jboss-logging\3.5.3.Final\jboss-logging-3.5.3.Final.jar;C:\Users\Yorch\.m2\repository\org\hibernate\common\hibernate-commons-annotations\6.0.6.Final\hibernate-commons-annotations-6.0.6.Final.jar;C:\Users\Yorch\.m2\repository\io\smallrye\jandex\3.1.2\jandex-3.1.2.jar;C:\Users\Yorch\.m2\repository\com\fasterxml\classmate\1.7.0\classmate-1.7.0.jar;C:\Users\Yorch\.m2\repository\net\bytebuddy\byte-buddy\1.14.17\byte-buddy-1.14.17.jar;C:\Users\Yorch\.m2\repository\org\glassfish\jaxb\jaxb-runtime\4.0.5\jaxb-runtime-4.0.5.jar;C:\Users\Yorch\.m2\repository\org\glassfish\jaxb\jaxb-core\4.0.5\jaxb-core-4.0.5.jar;C:\Users\Yorch\.m2\repository\org\glassfish\jaxb\txw2\4.0.5\txw2-4.0.5.jar;C:\Users\Yorch\.m2\repository\com\sun\istack\istack-commons-runtime\4.1.2\istack-commons-runtime-4.1.2.jar;C:\Users\Yorch\.m2\repository\jakarta\inject\jakarta.inject-api\2.0.1\jakarta.inject-api-2.0.1.jar;C:\Users\Yorch\.m2\repository\org\antlr\antlr4-runtime\4.13.0\antlr4-runtime-4.13.0.jar;C:\Users\Yorch\.m2\repository\org\springframework\data\spring-data-jpa\3.3.1\spring-data-jpa-3.3.1.jar;C:\Users\Yorch\.m2\repository\org\springframework\data\spring-data-commons\3.3.1\spring-data-commons-3.3.1.jar;C:\Users\Yorch\.m2\repository\org\springframework\spring-orm\6.1.10\spring-orm-6.1.10.jar;C:\Users\Yorch\.m2\repository\org\springframework\spring-context\6.1.10\spring-context-6.1.10.jar;C:\Users\Yorch\.m2\repository\org\springframework\spring-tx\6.1.10\spring-tx-6.1.10.jar;C:\Users\Yorch\.m2\repository\org\springframework\spring-beans\6.1.10\spring-beans-6.1.10.jar;C:\Users\Yorch\.m2\repository\jakarta\annotation\jakarta.annotation-api\2.1.1\jakarta.annotation-api-2.1.1.jar;C:\Users\Yorch\.m2\repository\org\slf4j\slf4j-api\2.0.13\slf4j-api-2.0.13.jar;C:\Users\Yorch\.m2\repository\org\springframework\spring-aspects\6.1.10\spring-aspects-6.1.10.jar;C:\Users\Yorch\.m2\repository\org\springframework\boot\spring-boot-starter-mail\3.3.1\spring-boot-starter-mail-3.3.1.jar;C:\Users\Yorch\.m2\repository\org\springframework\boot\spring-boot-starter\3.3.1\spring-boot-starter-3.3.1.jar;C:\Users\Yorch\.m2\repository\org\springframework\boot\spring-boot-starter-logging\3.3.1\spring-boot-starter-logging-3.3.1.jar;C:\Users\Yorch\.m2\repository\ch\qos\logback\logback-classic\1.5.6\logback-classic-1.5.6.jar;C:\Users\Yorch\.m2\repository\ch\qos\logback\logback-core\1.5.6\logback-core-1.5.6.jar;C:\Users\Yorch\.m2\repository\org\apache\logging\log4j\log4j-to-slf4j\2.23.1\log4j-to-slf4j-2.23.1.jar;C:\Users\Yorch\.m2\repository\org\apache\logging\log4j\log4j-api\2.23.1\log4j-api-2.23.1.jar;C:\Users\Yorch\.m2\repository\org\slf4j\jul-to-slf4j\2.0.13\jul-to-slf4j-2.0.13.jar;C:\Users\Yorch\.m2\repository\org\yaml\snakeyaml\2.2\snakeyaml-2.2.jar;C:\Users\Yorch\.m2\repository\org\springframework\spring-context-support\6.1.10\spring-context-support-6.1.10.jar;C:\Users\Yorch\.m2\repository\org\eclipse\angus\jakarta.mail\2.0.3\jakarta.mail-2.0.3.jar;C:\Users\Yorch\.m2\repository\jakarta\activation\jakarta.activation-api\2.1.3\jakarta.activation-api-2.1.3.jar;C:\Users\Yorch\.m2\repository\org\eclipse\angus\angus-activation\2.0.2\angus-activation-2.0.2.jar;C:\Users\Yorch\.m2\repository\org\springframework\boot\spring-boot-starter-validation\3.3.1\spring-boot-starter-validation-3.3.1.jar;C:\Users\Yorch\.m2\repository\org\apache\tomcat\embed\tomcat-embed-el\10.1.25\tomcat-embed-el-10.1.25.jar;C:\Users\Yorch\.m2\repository\org\hibernate\validator\hibernate-validator\8.0.1.Final\hibernate-validator-8.0.1.Final.jar;C:\Users\Yorch\.m2\repository\jakarta\validation\jakarta.validation-api\3.0.2\jakarta.validation-api-3.0.2.jar;C:\Users\Yorch\.m2\repository\org\springframework\boot\spring-boot-starter-web\3.3.1\spring-boot-starter-web-3.3.1.jar;C:\Users\Yorch\.m2\repository\org\springframework\boot\spring-boot-starter-json\3.3.1\spring-boot-starter-json-3.3.1.jar;C:\Users\Yorch\.m2\repository\com\fasterxml\jackson\core\jackson-databind\2.17.1\jackson-databind-2.17.1.jar;C:\Users\Yorch\.m2\repository\com\fasterxml\jackson\core\jackson-annotations\2.17.1\jackson-annotations-2.17.1.jar;C:\Users\Yorch\.m2\repository\com\fasterxml\jackson\core\jackson-core\2.17.1\jackson-core-2.17.1.jar;C:\Users\Yorch\.m2\repository\com\fasterxml\jackson\datatype\jackson-datatype-jdk8\2.17.1\jackson-datatype-jdk8-2.17.1.jar;C:\Users\Yorch\.m2\repository\com\fasterxml\jackson\datatype\jackson-datatype-jsr310\2.17.1\jackson-datatype-jsr310-2.17.1.jar;C:\Users\Yorch\.m2\repository\com\fasterxml\jackson\module\jackson-module-parameter-names\2.17.1\jackson-module-parameter-names-2.17.1.jar;C:\Users\Yorch\.m2\repository\org\springframework\boot\spring-boot-starter-tomcat\3.3.1\spring-boot-starter-tomcat-3.3.1.jar;C:\Users\Yorch\.m2\repository\org\apache\tomcat\embed\tomcat-embed-core\10.1.25\tomcat-embed-core-10.1.25.jar;C:\Users\Yorch\.m2\repository\org\apache\tomcat\embed\tomcat-embed-websocket\10.1.25\tomcat-embed-websocket-10.1.25.jar;C:\Users\Yorch\.m2\repository\org\springframework\spring-web\6.1.10\spring-web-6.1.10.jar;C:\Users\Yorch\.m2\repository\io\micrometer\micrometer-observation\1.13.1\micrometer-observation-1.13.1.jar;C:\Users\Yorch\.m2\repository\io\micrometer\micrometer-commons\1.13.1\micrometer-commons-1.13.1.jar;C:\Users\Yorch\.m2\repository\org\springframework\spring-webmvc\6.1.10\spring-webmvc-6.1.10.jar;C:\Users\Yorch\.m2\repository\org\springframework\spring-expression\6.1.10\spring-expression-6.1.10.jar;C:\Users\Yorch\.m2\repository\org\springframework\boot\spring-boot-devtools\3.3.1\spring-boot-devtools-3.3.1.jar;C:\Users\Yorch\.m2\repository\org\springframework\boot\spring-boot\3.3.1\spring-boot-3.3.1.jar;C:\Users\Yorch\.m2\repository\org\springframework\boot\spring-boot-autoconfigure\3.3.1\spring-boot-autoconfigure-3.3.1.jar;C:\Users\Yorch\.m2\repository\com\mysql\mysql-connector-j\8.3.0\mysql-connector-j-8.3.0.jar;C:\Users\Yorch\.m2\repository\org\postgresql\postgresql\42.7.3\postgresql-42.7.3.jar;C:\Users\Yorch\.m2\repository\org\checkerframework\checker-qual\3.42.0\checker-qual-3.42.0.jar;C:\Users\Yorch\.m2\repository\org\projectlombok\lombok\1.18.32\lombok-1.18.32.jar;C:\Users\Yorch\.m2\repository\org\springframework\boot\spring-boot-starter-test\3.3.1\spring-boot-starter-test-3.3.1.jar;C:\Users\Yorch\.m2\repository\org\springframework\boot\spring-boot-test\3.3.1\spring-boot-test-3.3.1.jar;C:\Users\Yorch\.m2\repository\org\springframework\boot\spring-boot-test-autoconfigure\3.3.1\spring-boot-test-autoconfigure-3.3.1.jar;C:\Users\Yorch\.m2\repository\com\jayway\jsonpath\json-path\2.9.0\json-path-2.9.0.jar;C:\Users\Yorch\.m2\repository\jakarta\xml\bind\jakarta.xml.bind-api\4.0.2\jakarta.xml.bind-api-4.0.2.jar;C:\Users\Yorch\.m2\repository\net\minidev\json-smart\2.5.1\json-smart-2.5.1.jar;C:\Users\Yorch\.m2\repository\net\minidev\accessors-smart\2.5.1\accessors-smart-2.5.1.jar;C:\Users\Yorch\.m2\repository\org\ow2\asm\asm\9.6\asm-9.6.jar;C:\Users\Yorch\.m2\repository\org\assertj\assertj-core\3.25.3\assertj-core-3.25.3.jar;C:\Users\Yorch\.m2\repository\org\awaitility\awaitility\4.2.1\awaitility-4.2.1.jar;C:\Users\Yorch\.m2\repository\org\hamcrest\hamcrest\2.2\hamcrest-2.2.jar;C:\Users\Yorch\.m2\repository\org\junit\jupiter\junit-jupiter\5.10.2\junit-jupiter-5.10.2.jar;C:\Users\Yorch\.m2\repository\org\junit\jupiter\junit-jupiter-api\5.10.2\junit-jupiter-api-5.10.2.jar;C:\Users\Yorch\.m2\repository\org\opentest4j\opentest4j\1.3.0\opentest4j-1.3.0.jar;C:\Users\Yorch\.m2\repository\org\junit\platform\junit-platform-commons\1.10.2\junit-platform-commons-1.10.2.jar;C:\Users\Yorch\.m2\repository\org\apiguardian\apiguardian-api\1.1.2\apiguardian-api-1.1.2.jar;C:\Users\Yorch\.m2\repository\org\junit\jupiter\junit-jupiter-params\5.10.2\junit-jupiter-params-5.10.2.jar;C:\Users\Yorch\.m2\repository\org\junit\jupiter\junit-jupiter-engine\5.10.2\junit-jupiter-engine-5.10.2.jar;C:\Users\Yorch\.m2\repository\org\junit\platform\junit-platform-engine\1.10.2\junit-platform-engine-1.10.2.jar;C:\Users\Yorch\.m2\repository\org\mockito\mockito-core\5.11.0\mockito-core-5.11.0.jar;C:\Users\Yorch\.m2\repository\net\bytebuddy\byte-buddy-agent\1.14.17\byte-buddy-agent-1.14.17.jar;C:\Users\Yorch\.m2\repository\org\objenesis\objenesis\3.3\objenesis-3.3.jar;C:\Users\Yorch\.m2\repository\org\mockito\mockito-junit-jupiter\5.11.0\mockito-junit-jupiter-5.11.0.jar;C:\Users\Yorch\.m2\repository\org\skyscreamer\jsonassert\1.5.1\jsonassert-1.5.1.jar;C:\Users\Yorch\.m2\repository\com\vaadin\external\google\android-json\0.0.20131108.vaadin1\android-json-0.0.20131108.vaadin1.jar;C:\Users\Yorch\.m2\repository\org\springframework\spring-core\6.1.10\spring-core-6.1.10.jar;C:\Users\Yorch\.m2\repository\org\springframework\spring-jcl\6.1.10\spring-jcl-6.1.10.jar;C:\Users\Yorch\.m2\repository\org\springframework\spring-test\6.1.10\spring-test-6.1.10.jar;C:\Users\Yorch\.m2\repository\org\xmlunit\xmlunit-core\2.9.1\xmlunit-core-2.9.1.jar;, java.vm.vendor=Eclipse Adoptium, sun.arch.data.model=64, user.variant=, java.vendor.url=https://adoptium.net/, user.timezone=America/Mexico_City, jakarta.persistence.sharedCache.mode=UNSPECIFIED, org.jboss.logging.provider=slf4j, java.vm.specification.version=17, os.name=Windows 10, jakarta.persistence.nonJtaDataSource=HikariDataSource (HikariPool-1), sun.java.launcher=SUN_STANDARD, user.country=MX, sun.boot.library.path=C:\Users\Yorch\Documents\ESCOM\Web Client\sts\sts-4.22.0.RELEASE\plugins\org.eclipse.justj.openjdk.hotspot.jre.full.win32.x86_64_17.0.10.v20240120-1143\jre\bin, sun.java.command=C:\Users\Yorch\AppData\Local\Temp\surefire4218141581645502979\surefirebooter-20240628222722979_3.jar C:\Users\Yorch\AppData\Local\Temp\surefire4218141581645502979 2024-06-28T22-27-21_950-jvmRun1 surefire-20240628222722979_1tmp surefire_0-20240628222722979_2tmp, javax.persistence.nonJtaDataSource=HikariDataSource (HikariPool-1), hibernate.transaction.jta.platform=org.hibernate.engine.transaction.jta.platform.internal.NoJtaPlatform@5b895e76, jdk.debug=release, surefire.test.class.path=C:\Users\Yorch\Documents\ESCOM\Web Client\sts\workspace\alumnos\target\test-classes;C:\Users\Yorch\Documents\ESCOM\Web Client\sts\workspace\alumnos\target\classes;C:\Users\Yorch\.m2\repository\org\springframework\boot\spring-boot-starter-data-jpa\3.3.1\spring-boot-starter-data-jpa-3.3.1.jar;C:\Users\Yorch\.m2\repository\org\springframework\boot\spring-boot-starter-aop\3.3.1\spring-boot-starter-aop-3.3.1.jar;C:\Users\Yorch\.m2\repository\org\springframework\spring-aop\6.1.10\spring-aop-6.1.10.jar;C:\Users\Yorch\.m2\repository\org\aspectj\aspectjweaver\1.9.22\aspectjweaver-1.9.22.jar;C:\Users\Yorch\.m2\repository\org\springframework\boot\spring-boot-starter-jdbc\3.3.1\spring-boot-starter-jdbc-3.3.1.jar;C:\Users\Yorch\.m2\repository\com\zaxxer\HikariCP\5.1.0\HikariCP-5.1.0.jar;C:\Users\Yorch\.m2\repository\org\springframework\spring-jdbc\6.1.10\spring-jdbc-6.1.10.jar;C:\Users\Yorch\.m2\repository\org\hibernate\orm\hibernate-core\6.5.2.Final\hibernate-core-6.5.2.Final.jar;C:\Users\Yorch\.m2\repository\jakarta\persistence\jakarta.persistence-api\3.1.0\jakarta.persistence-api-3.1.0.jar;C:\Users\Yorch\.m2\repository\jakarta\transaction\jakarta.transaction-api\2.0.1\jakarta.transaction-api-2.0.1.jar;C:\Users\Yorch\.m2\repository\org\jboss\logging\jboss-logging\3.5.3.Final\jboss-logging-3.5.3.Final.jar;C:\Users\Yorch\.m2\repository\org\hibernate\common\hibernate-commons-annotations\6.0.6.Final\hibernate-commons-annotations-6.0.6.Final.jar;C:\Users\Yorch\.m2\repository\io\smallrye\jandex\3.1.2\jandex-3.1.2.jar;C:\Users\Yorch\.m2\repository\com\fasterxml\classmate\1.7.0\classmate-1.7.0.jar;C:\Users\Yorch\.m2\repository\net\bytebuddy\byte-buddy\1.14.17\byte-buddy-1.14.17.jar;C:\Users\Yorch\.m2\repository\org\glassfish\jaxb\jaxb-runtime\4.0.5\jaxb-runtime-4.0.5.jar;C:\Users\Yorch\.m2\repository\org\glassfish\jaxb\jaxb-core\4.0.5\jaxb-core-4.0.5.jar;C:\Users\Yorch\.m2\repository\org\glassfish\jaxb\txw2\4.0.5\txw2-4.0.5.jar;C:\Users\Yorch\.m2\repository\com\sun\istack\istack-commons-runtime\4.1.2\istack-commons-runtime-4.1.2.jar;C:\Users\Yorch\.m2\repository\jakarta\inject\jakarta.inject-api\2.0.1\jakarta.inject-api-2.0.1.jar;C:\Users\Yorch\.m2\repository\org\antlr\antlr4-runtime\4.13.0\antlr4-runtime-4.13.0.jar;C:\Users\Yorch\.m2\repository\org\springframework\data\spring-data-jpa\3.3.1\spring-data-jpa-3.3.1.jar;C:\Users\Yorch\.m2\repository\org\springframework\data\spring-data-commons\3.3.1\spring-data-commons-3.3.1.jar;C:\Users\Yorch\.m2\repository\org\springframework\spring-orm\6.1.10\spring-orm-6.1.10.jar;C:\Users\Yorch\.m2\repository\org\springframework\spring-context\6.1.10\spring-context-6.1.10.jar;C:\Users\Yorch\.m2\repository\org\springframework\spring-tx\6.1.10\spring-tx-6.1.10.jar;C:\Users\Yorch\.m2\repository\org\springframework\spring-beans\6.1.10\spring-beans-6.1.10.jar;C:\Users\Yorch\.m2\repository\jakarta\annotation\jakarta.annotation-api\2.1.1\jakarta.annotation-api-2.1.1.jar;C:\Users\Yorch\.m2\repository\org\slf4j\slf4j-api\2.0.13\slf4j-api-2.0.13.jar;C:\Users\Yorch\.m2\repository\org\springframework\spring-aspects\6.1.10\spring-aspects-6.1.10.jar;C:\Users\Yorch\.m2\repository\org\springframework\boot\spring-boot-starter-mail\3.3.1\spring-boot-starter-mail-3.3.1.jar;C:\Users\Yorch\.m2\repository\org\springframework\boot\spring-boot-starter\3.3.1\spring-boot-starter-3.3.1.jar;C:\Users\Yorch\.m2\repository\org\springframework\boot\spring-boot-starter-logging\3.3.1\spring-boot-starter-logging-3.3.1.jar;C:\Users\Yorch\.m2\repository\ch\qos\logback\logback-classic\1.5.6\logback-classic-1.5.6.jar;C:\Users\Yorch\.m2\repository\ch\qos\logback\logback-core\1.5.6\logback-core-1.5.6.jar;C:\Users\Yorch\.m2\repository\org\apache\logging\log4j\log4j-to-slf4j\2.23.1\log4j-to-slf4j-2.23.1.jar;C:\Users\Yorch\.m2\repository\org\apache\logging\log4j\log4j-api\2.23.1\log4j-api-2.23.1.jar;C:\Users\Yorch\.m2\repository\org\slf4j\jul-to-slf4j\2.0.13\jul-to-slf4j-2.0.13.jar;C:\Users\Yorch\.m2\repository\org\yaml\snakeyaml\2.2\snakeyaml-2.2.jar;C:\Users\Yorch\.m2\repository\org\springframework\spring-context-support\6.1.10\spring-context-support-6.1.10.jar;C:\Users\Yorch\.m2\repository\org\eclipse\angus\jakarta.mail\2.0.3\jakarta.mail-2.0.3.jar;C:\Users\Yorch\.m2\repository\jakarta\activation\jakarta.activation-api\2.1.3\jakarta.activation-api-2.1.3.jar;C:\Users\Yorch\.m2\repository\org\eclipse\angus\angus-activation\2.0.2\angus-activation-2.0.2.jar;C:\Users\Yorch\.m2\repository\org\springframework\boot\spring-boot-starter-validation\3.3.1\spring-boot-starter-validation-3.3.1.jar;C:\Users\Yorch\.m2\repository\org\apache\tomcat\embed\tomcat-embed-el\10.1.25\tomcat-embed-el-10.1.25.jar;C:\Users\Yorch\.m2\repository\org\hibernate\validator\hibernate-validator\8.0.1.Final\hibernate-validator-8.0.1.Final.jar;C:\Users\Yorch\.m2\repository\jakarta\validation\jakarta.validation-api\3.0.2\jakarta.validation-api-3.0.2.jar;C:\Users\Yorch\.m2\repository\org\springframework\boot\spring-boot-starter-web\3.3.1\spring-boot-starter-web-3.3.1.jar;C:\Users\Yorch\.m2\repository\org\springframework\boot\spring-boot-starter-json\3.3.1\spring-boot-starter-json-3.3.1.jar;C:\Users\Yorch\.m2\repository\com\fasterxml\jackson\core\jackson-databind\2.17.1\jackson-databind-2.17.1.jar;C:\Users\Yorch\.m2\repository\com\fasterxml\jackson\core\jackson-annotations\2.17.1\jackson-annotations-2.17.1.jar;C:\Users\Yorch\.m2\repository\com\fasterxml\jackson\core\jackson-core\2.17.1\jackson-core-2.17.1.jar;C:\Users\Yorch\.m2\repository\com\fasterxml\jackson\datatype\jackson-datatype-jdk8\2.17.1\jackson-datatype-jdk8-2.17.1.jar;C:\Users\Yorch\.m2\repository\com\fasterxml\jackson\datatype\jackson-datatype-jsr310\2.17.1\jackson-datatype-jsr310-2.17.1.jar;C:\Users\Yorch\.m2\repository\com\fasterxml\jackson\module\jackson-module-parameter-names\2.17.1\jackson-module-parameter-names-2.17.1.jar;C:\Users\Yorch\.m2\repository\org\springframework\boot\spring-boot-starter-tomcat\3.3.1\spring-boot-starter-tomcat-3.3.1.jar;C:\Users\Yorch\.m2\repository\org\apache\tomcat\embed\tomcat-embed-core\10.1.25\tomcat-embed-core-10.1.25.jar;C:\Users\Yorch\.m2\repository\org\apache\tomcat\embed\tomcat-embed-websocket\10.1.25\tomcat-embed-websocket-10.1.25.jar;C:\Users\Yorch\.m2\repository\org\springframework\spring-web\6.1.10\spring-web-6.1.10.jar;C:\Users\Yorch\.m2\repository\io\micrometer\micrometer-observation\1.13.1\micrometer-observation-1.13.1.jar;C:\Users\Yorch\.m2\repository\io\micrometer\micrometer-commons\1.13.1\micrometer-commons-1.13.1.jar;C:\Users\Yorch\.m2\repository\org\springframework\spring-webmvc\6.1.10\spring-webmvc-6.1.10.jar;C:\Users\Yorch\.m2\repository\org\springframework\spring-expression\6.1.10\spring-expression-6.1.10.jar;C:\Users\Yorch\.m2\repository\org\springframework\boot\spring-boot-devtools\3.3.1\spring-boot-devtools-3.3.1.jar;C:\Users\Yorch\.m2\repository\org\springframework\boot\spring-boot\3.3.1\spring-boot-3.3.1.jar;C:\Users\Yorch\.m2\repository\org\springframework\boot\spring-boot-autoconfigure\3.3.1\spring-boot-autoconfigure-3.3.1.jar;C:\Users\Yorch\.m2\repository\com\mysql\mysql-connector-j\8.3.0\mysql-connector-j-8.3.0.jar;C:\Users\Yorch\.m2\repository\org\postgresql\postgresql\42.7.3\postgresql-42.7.3.jar;C:\Users\Yorch\.m2\repository\org\checkerframework\checker-qual\3.42.0\checker-qual-3.42.0.jar;C:\Users\Yorch\.m2\repository\org\projectlombok\lombok\1.18.32\lombok-1.18.32.jar;C:\Users\Yorch\.m2\repository\org\springframework\boot\spring-boot-starter-test\3.3.1\spring-boot-starter-test-3.3.1.jar;C:\Users\Yorch\.m2\repository\org\springframework\boot\spring-boot-test\3.3.1\spring-boot-test-3.3.1.jar;C:\Users\Yorch\.m2\repository\org\springframework\boot\spring-boot-test-autoconfigure\3.3.1\spring-boot-test-autoconfigure-3.3.1.jar;C:\Users\Yorch\.m2\repository\com\jayway\jsonpath\json-path\2.9.0\json-path-2.9.0.jar;C:\Users\Yorch\.m2\repository\jakarta\xml\bind\jakarta.xml.bind-api\4.0.2\jakarta.xml.bind-api-4.0.2.jar;C:\Users\Yorch\.m2\repository\net\minidev\json-smart\2.5.1\json-smart-2.5.1.jar;C:\Users\Yorch\.m2\repository\net\minidev\accessors-smart\2.5.1\accessors-smart-2.5.1.jar;C:\Users\Yorch\.m2\repository\org\ow2\asm\asm\9.6\asm-9.6.jar;C:\Users\Yorch\.m2\repository\org\assertj\assertj-core\3.25.3\assertj-core-3.25.3.jar;C:\Users\Yorch\.m2\repository\org\awaitility\awaitility\4.2.1\awaitility-4.2.1.jar;C:\Users\Yorch\.m2\repository\org\hamcrest\hamcrest\2.2\hamcrest-2.2.jar;C:\Users\Yorch\.m2\repository\org\junit\jupiter\junit-jupiter\5.10.2\junit-jupiter-5.10.2.jar;C:\Users\Yorch\.m2\repository\org\junit\jupiter\junit-jupiter-api\5.10.2\junit-jupiter-api-5.10.2.jar;C:\Users\Yorch\.m2\repository\org\opentest4j\opentest4j\1.3.0\opentest4j-1.3.0.jar;C:\Users\Yorch\.m2\repository\org\junit\platform\junit-platform-commons\1.10.2\junit-platform-commons-1.10.2.jar;C:\Users\Yorch\.m2\repository\org\apiguardian\apiguardian-api\1.1.2\apiguardian-api-1.1.2.jar;C:\Users\Yorch\.m2\repository\org\junit\jupiter\junit-jupiter-params\5.10.2\junit-jupiter-params-5.10.2.jar;C:\Users\Yorch\.m2\repository\org\junit\jupiter\junit-jupiter-engine\5.10.2\junit-jupiter-engine-5.10.2.jar;C:\Users\Yorch\.m2\repository\org\junit\platform\junit-platform-engine\1.10.2\junit-platform-engine-1.10.2.jar;C:\Users\Yorch\.m2\repository\org\mockito\mockito-core\5.11.0\mockito-core-5.11.0.jar;C:\Users\Yorch\.m2\repository\net\bytebuddy\byte-buddy-agent\1.14.17\byte-buddy-agent-1.14.17.jar;C:\Users\Yorch\.m2\repository\org\objenesis\objenesis\3.3\objenesis-3.3.jar;C:\Users\Yorch\.m2\repository\org\mockito\mockito-junit-jupiter\5.11.0\mockito-junit-jupiter-5.11.0.jar;C:\Users\Yorch\.m2\repository\org\skyscreamer\jsonassert\1.5.1\jsonassert-1.5.1.jar;C:\Users\Yorch\.m2\repository\com\vaadin\external\google\android-json\0.0.20131108.vaadin1\android-json-0.0.20131108.vaadin1.jar;C:\Users\Yorch\.m2\repository\org\springframework\spring-core\6.1.10\spring-core-6.1.10.jar;C:\Users\Yorch\.m2\repository\org\springframework\spring-jcl\6.1.10\spring-jcl-6.1.10.jar;C:\Users\Yorch\.m2\repository\org\springframework\spring-test\6.1.10\spring-test-6.1.10.jar;C:\Users\Yorch\.m2\repository\org\xmlunit\xmlunit-core\2.9.1\xmlunit-core-2.9.1.jar;, sun.cpu.endian=little, hibernate.cdi.extensions=true, user.home=C:\Users\Yorch, user.language=es, java.specification.vendor=Oracle Corporation, java.version.date=2024-01-16, java.home=C:\Users\Yorch\Documents\ESCOM\Web Client\sts\sts-4.22.0.RELEASE\plugins\org.eclipse.justj.openjdk.hotspot.jre.full.win32.x86_64_17.0.10.v20240120-1143\jre, file.separator=\, basedir=C:\Users\Yorch\Documents\ESCOM\Web Client\sts\workspace\alumnos, style.color=always, java.vm.compressedOopsMode=Zero based, line.separator=
, hibernate.persistenceUnitName=default, java.vm.specification.vendor=Oracle Corporation, java.specification.name=Java Platform API Specification, FILE_LOG_CHARSET=windows-1252, hibernate.transaction.coordinator_class=class org.hibernate.resource.transaction.backend.jdbc.internal.JdbcResourceLocalTransactionCoordinatorBuilderImpl, java.awt.headless=true, surefire.real.class.path=C:\Users\Yorch\AppData\Local\Temp\surefire4218141581645502979\surefirebooter-20240628222722979_3.jar, jakarta.persistence.validation.mode=AUTO, hibernate.hbm2ddl.auto=update, user.script=, sun.management.compiler=HotSpot 64-Bit Tiered Compilers, java.runtime.version=17.0.10+7, user.name=Yorch, path.separator=;, os.version=10.0, java.runtime.name=OpenJDK Runtime Environment, file.encoding=Cp1252, java.vm.name=OpenJDK 64-Bit Server VM, hibernate.show_sql=true, java.vendor.version=Temurin-17.0.10+7, localRepository=C:\Users\Yorch\.m2\repository, java.vendor.url.bug=https://github.com/adoptium/adoptium-support/issues, java.io.tmpdir=C:\Users\Yorch\AppData\Local\Temp\, java.version=17.0.10, hibernate.physical_naming_strategy=org.hibernate.boot.model.naming.PhysicalNamingStrategyStandardImpl, user.dir=C:\Users\Yorch\Documents\ESCOM\Web Client\sts\workspace\alumnos, os.arch=amd64, java.vm.specification.name=Java Virtual Machine Specification, PID=9756, sun.os.patch.level=, CONSOLE_LOG_CHARSET=windows-1252, hibernate.boot.CfgXmlAccessService.key=org.hibernate.boot.registry.StandardServiceRegistryBuilder$1@74231642, native.encoding=Cp1252, java.library.path=C:\Users\Yorch\Documents\ESCOM\Web Client\sts\sts-4.22.0.RELEASE\plugins\org.eclipse.justj.openjdk.hotspot.jre.full.win32.x86_64_17.0.10.v20240120-1143\jre\bin;C:\Windows\Sun\Java\bin;C:\Windows\system32;C:\Windows;C:/Users/Yorch/Documents/ESCOM/Web Client/sts/sts-4.22.0.RELEASE//plugins/org.eclipse.justj.openjdk.hotspot.jre.full.win32.x86_64_17.0.10.v20240120-1143/jre/bin/server;C:/Users/Yorch/Documents/ESCOM/Web Client/sts/sts-4.22.0.RELEASE//plugins/org.eclipse.justj.openjdk.hotspot.jre.full.win32.x86_64_17.0.10.v20240120-1143/jre/bin;C:\Program Files\Common Files\Oracle\Java\javapath;C:\Program Files (x86)\Common Files\Oracle\Java\javapath;C:\Windows\system32;C:\Windows;C:\Windows\System32\Wbem;C:\Windows\System32\WindowsPowerShell\v1.0\;C:\Windows\System32\OpenSSH\;C:\Program Files\Git\cmd;C:\Program Files\nodejs\;C:\ProgramData\chocolatey\bin;C:\Program Files\Docker\Docker\resources\bin;C:\Program Files\MySQL\MySQL Shell 8.3\bin\;C:\Users\Yorch\AppData\Local\Microsoft\WindowsApps;C:\Users\Yorch\AppData\Local\Programs\Microsoft VS Code\bin;C:\Users\Yorch\AppData\Roaming\npm;C:\Users\Yorch\AppData\Local\Programs\MiKTeX\miktex\bin\x64\;C:\Program Files\JetBrains\IntelliJ IDEA 2023.3.5\bin;C:\adb;C:\Program Files\MATLAB\R2024a\runtime\win64;C:\Program Files\MATLAB\R2024a\bin;C:\Program Files\Java\jdk-17.0.2\bin;C:\Python312;C:\Python312\Scripts;C:\Program Files\MySQL\MySQL Shell 8.3\bin\;C:\Users\Yorch\AppData\Local\Programs\Python\Python312\Scripts\;C:\Users\Yorch\AppData\Local\Programs\Python\Python312\;C:\Users\Yorch\AppData\Local\Microsoft\WindowsApps;C:\Users\Yorch\AppData\Local\Programs\Microsoft VS Code\bin;C:\Users\Yorch\AppData\Roaming\npm;C:\Users\Yorch\AppData\Local\Programs\MiKTeX\miktex\bin\x64\;C:\Program Files\JetBrains\IntelliJ IDEA 2023.3.5\bin;;C:\Windows\system32;;., java.vendor=Eclipse Adoptium, java.vm.info=mixed mode, java.vm.version=17.0.10+7, sun.io.unicode.encoding=UnicodeLittle, hibernate.archive.scanner=org.hibernate.boot.archive.scan.internal.DisabledScanner, hibernate.connection.datasource=HikariDataSource (HikariPool-1), java.class.version=61.0, LOGGED_APPLICATION_NAME=[alumnos] }
2024-06-28T22:27:31.482-06:00 DEBUG 9756 --- [alumnos] [           main] o.hibernate.internal.SessionFactoryImpl  : Session factory constructed with filter configurations : {}
2024-06-28T22:27:31.488-06:00 DEBUG 9756 --- [alumnos] [           main] o.h.v.i.xml.config.ValidationXmlParser   : Trying to load META-INF/validation.xml for XML based Validator configuration.
2024-06-28T22:27:31.488-06:00 DEBUG 9756 --- [alumnos] [           main] o.h.v.i.xml.config.ResourceLoaderHelper  : Trying to load META-INF/validation.xml via TCCL
2024-06-28T22:27:31.488-06:00 DEBUG 9756 --- [alumnos] [           main] o.h.v.i.xml.config.ResourceLoaderHelper  : Trying to load META-INF/validation.xml via Hibernate Validator's class loader
2024-06-28T22:27:31.489-06:00 DEBUG 9756 --- [alumnos] [           main] o.h.v.i.xml.config.ValidationXmlParser   : No META-INF/validation.xml found. Using annotation based configuration only.
2024-06-28T22:27:31.489-06:00 DEBUG 9756 --- [alumnos] [           main] o.h.v.i.e.resolver.TraversableResolvers  : Found jakarta.persistence.Persistence on classpath containing 'getPersistenceUtil'. Assuming JPA 2 environment. Trying to instantiate JPA aware TraversableResolver
2024-06-28T22:27:31.489-06:00 DEBUG 9756 --- [alumnos] [           main] o.h.v.i.e.resolver.TraversableResolvers  : Instantiated JPA aware TraversableResolver of type org.hibernate.validator.internal.engine.resolver.JPATraversableResolver.
2024-06-28T22:27:31.490-06:00 DEBUG 9756 --- [alumnos] [           main] .h.v.m.ResourceBundleMessageInterpolator : Loaded expression factory via original TCCL
2024-06-28T22:27:31.492-06:00 DEBUG 9756 --- [alumnos] [           main] .i.e.ValidatorFactoryConfigurationHelper : HV000252: Using org.hibernate.validator.internal.engine.DefaultPropertyNodeNameProvider as property node name provider.
2024-06-28T22:27:31.493-06:00 DEBUG 9756 --- [alumnos] [           main] .i.e.ValidatorFactoryConfigurationHelper : HV000234: Using org.hibernate.validator.messageinterpolation.ResourceBundleMessageInterpolator as ValidatorFactory-scoped message interpolator.
2024-06-28T22:27:31.493-06:00 DEBUG 9756 --- [alumnos] [           main] .i.e.ValidatorFactoryConfigurationHelper : HV000234: Using org.hibernate.validator.internal.engine.resolver.JPATraversableResolver as ValidatorFactory-scoped traversable resolver.
2024-06-28T22:27:31.493-06:00 DEBUG 9756 --- [alumnos] [           main] .i.e.ValidatorFactoryConfigurationHelper : HV000234: Using org.hibernate.validator.internal.util.ExecutableParameterNameProvider as ValidatorFactory-scoped parameter name provider.
2024-06-28T22:27:31.493-06:00 DEBUG 9756 --- [alumnos] [           main] .i.e.ValidatorFactoryConfigurationHelper : HV000234: Using org.hibernate.validator.internal.engine.DefaultClockProvider as ValidatorFactory-scoped clock provider.
2024-06-28T22:27:31.493-06:00 DEBUG 9756 --- [alumnos] [           main] .i.e.ValidatorFactoryConfigurationHelper : HV000234: Using org.hibernate.validator.internal.engine.scripting.DefaultScriptEvaluatorFactory as ValidatorFactory-scoped script evaluator factory.
2024-06-28T22:27:31.496-06:00 DEBUG 9756 --- [alumnos] [           main] o.h.boot.internal.ClassLoaderAccessImpl  : Not known whether passed class name [com.ipn.mx.domain.entity.Usuario] is safe
2024-06-28T22:27:31.496-06:00 DEBUG 9756 --- [alumnos] [           main] o.h.boot.internal.ClassLoaderAccessImpl  : No temp ClassLoader provided; using live ClassLoader for loading potentially unsafe class : com.ipn.mx.domain.entity.Usuario
2024-06-28T22:27:31.544-06:00 DEBUG 9756 --- [alumnos] [           main] .h.s.i.SessionFactoryServiceRegistryImpl : EventListenerRegistry access via ServiceRegistry is deprecated.  Use `sessionFactory.getEventEngine().getListenerRegistry()` instead
2024-06-28T22:27:31.611-06:00 DEBUG 9756 --- [alumnos] [           main] o.h.q.sqm.function.SqmFunctionRegistry   : Registered SqmFunctionTemplate [NamedSqmFunctionTemplate(max)] under max; prior registration was null
2024-06-28T22:27:31.611-06:00 DEBUG 9756 --- [alumnos] [           main] o.h.q.sqm.function.SqmFunctionRegistry   : Registered SqmFunctionTemplate [NamedSqmFunctionTemplate(min)] under min; prior registration was null
2024-06-28T22:27:31.612-06:00 DEBUG 9756 --- [alumnos] [           main] o.h.q.sqm.function.SqmFunctionRegistry   : Registered SqmFunctionTemplate [NamedSqmFunctionTemplate(sum)] under sum; prior registration was null
2024-06-28T22:27:31.613-06:00 DEBUG 9756 --- [alumnos] [           main] o.h.q.sqm.function.SqmFunctionRegistry   : Registered SqmFunctionTemplate [NamedSqmFunctionTemplate(avg)] under avg; prior registration was null
2024-06-28T22:27:31.615-06:00 DEBUG 9756 --- [alumnos] [           main] o.h.q.sqm.function.SqmFunctionRegistry   : Registered SqmFunctionTemplate [org.hibernate.dialect.function.CountFunction@65a2755e] under count; prior registration was null
2024-06-28T22:27:31.617-06:00 DEBUG 9756 --- [alumnos] [           main] o.h.q.sqm.function.SqmFunctionRegistry   : Registered SqmFunctionTemplate [org.hibernate.dialect.function.EveryAnyEmulation@6796a873] under every; prior registration was null
2024-06-28T22:27:31.617-06:00 DEBUG 9756 --- [alumnos] [           main] o.h.q.sqm.function.SqmFunctionRegistry   : Registered SqmFunctionTemplate [org.hibernate.dialect.function.EveryAnyEmulation@3acc3ee] under any; prior registration was null
2024-06-28T22:27:31.617-06:00 DEBUG 9756 --- [alumnos] [           main] o.h.q.sqm.function.SqmFunctionRegistry   : Registered SqmFunctionTemplate [NamedSqmFunctionTemplate(floor)] under floor; prior registration was null
2024-06-28T22:27:31.617-06:00 DEBUG 9756 --- [alumnos] [           main] o.h.q.sqm.function.SqmFunctionRegistry   : Registered SqmFunctionTemplate [NamedSqmFunctionTemplate(ceiling)] under ceiling; prior registration was null
2024-06-28T22:27:31.617-06:00 DEBUG 9756 --- [alumnos] [           main] o.h.q.sqm.function.SqmFunctionRegistry   : Registered SqmFunctionTemplate [NamedSqmFunctionTemplate(mod)] under mod; prior registration was null
2024-06-28T22:27:31.618-06:00 DEBUG 9756 --- [alumnos] [           main] o.h.q.sqm.function.SqmFunctionRegistry   : Registered SqmFunctionTemplate [NamedSqmFunctionTemplate(abs)] under abs; prior registration was null
2024-06-28T22:27:31.618-06:00 DEBUG 9756 --- [alumnos] [           main] o.h.q.sqm.function.SqmFunctionRegistry   : Registered SqmFunctionTemplate [NamedSqmFunctionTemplate(sign)] under sign; prior registration was null
2024-06-28T22:27:31.618-06:00 DEBUG 9756 --- [alumnos] [           main] o.h.q.sqm.function.SqmFunctionRegistry   : Registered SqmFunctionTemplate [NamedSqmFunctionTemplate(sqrt)] under sqrt; prior registration was null
2024-06-28T22:27:31.618-06:00 DEBUG 9756 --- [alumnos] [           main] o.h.q.sqm.function.SqmFunctionRegistry   : Registered SqmFunctionTemplate [NamedSqmFunctionTemplate(ln)] under ln; prior registration was null
2024-06-28T22:27:31.618-06:00 DEBUG 9756 --- [alumnos] [           main] o.h.q.sqm.function.SqmFunctionRegistry   : Registered SqmFunctionTemplate [NamedSqmFunctionTemplate(exp)] under exp; prior registration was null
2024-06-28T22:27:31.618-06:00 DEBUG 9756 --- [alumnos] [           main] o.h.q.sqm.function.SqmFunctionRegistry   : Registered SqmFunctionTemplate [NamedSqmFunctionTemplate(power)] under power; prior registration was null
2024-06-28T22:27:31.619-06:00 DEBUG 9756 --- [alumnos] [           main] o.h.q.sqm.function.SqmFunctionRegistry   : Registered SqmFunctionTemplate [NamedSqmFunctionTemplate(round)] under round; prior registration was null
2024-06-28T22:27:31.619-06:00 DEBUG 9756 --- [alumnos] [           main] o.h.q.sqm.function.SqmFunctionRegistry   : Registered SqmFunctionTemplate [NamedSqmFunctionTemplate(sin)] under sin; prior registration was null
2024-06-28T22:27:31.619-06:00 DEBUG 9756 --- [alumnos] [           main] o.h.q.sqm.function.SqmFunctionRegistry   : Registered SqmFunctionTemplate [NamedSqmFunctionTemplate(cos)] under cos; prior registration was null
2024-06-28T22:27:31.619-06:00 DEBUG 9756 --- [alumnos] [           main] o.h.q.sqm.function.SqmFunctionRegistry   : Registered SqmFunctionTemplate [NamedSqmFunctionTemplate(tan)] under tan; prior registration was null
2024-06-28T22:27:31.619-06:00 DEBUG 9756 --- [alumnos] [           main] o.h.q.sqm.function.SqmFunctionRegistry   : Registered SqmFunctionTemplate [NamedSqmFunctionTemplate(asin)] under asin; prior registration was null
2024-06-28T22:27:31.619-06:00 DEBUG 9756 --- [alumnos] [           main] o.h.q.sqm.function.SqmFunctionRegistry   : Registered SqmFunctionTemplate [NamedSqmFunctionTemplate(acos)] under acos; prior registration was null
2024-06-28T22:27:31.620-06:00 DEBUG 9756 --- [alumnos] [           main] o.h.q.sqm.function.SqmFunctionRegistry   : Registered SqmFunctionTemplate [NamedSqmFunctionTemplate(atan)] under atan; prior registration was null
2024-06-28T22:27:31.620-06:00 DEBUG 9756 --- [alumnos] [           main] o.h.q.sqm.function.SqmFunctionRegistry   : Registered SqmFunctionTemplate [NamedSqmFunctionTemplate(atan2)] under atan2; prior registration was null
2024-06-28T22:27:31.623-06:00 DEBUG 9756 --- [alumnos] [           main] o.h.q.sqm.function.SqmFunctionRegistry   : Registered SqmFunctionTemplate [org.hibernate.query.sqm.function.PatternBasedSqmFunctionDescriptor@16c0be3b] under sinh; prior registration was null
2024-06-28T22:27:31.623-06:00 DEBUG 9756 --- [alumnos] [           main] o.h.q.sqm.function.SqmFunctionRegistry   : Registered SqmFunctionTemplate [org.hibernate.query.sqm.function.PatternBasedSqmFunctionDescriptor@219edc05] under cosh; prior registration was null
2024-06-28T22:27:31.624-06:00 DEBUG 9756 --- [alumnos] [           main] o.h.q.sqm.function.SqmFunctionRegistry   : Registered SqmFunctionTemplate [org.hibernate.query.sqm.function.PatternBasedSqmFunctionDescriptor@62f37bfd] under tanh; prior registration was null
2024-06-28T22:27:31.624-06:00 DEBUG 9756 --- [alumnos] [           main] o.h.q.sqm.function.SqmFunctionRegistry   : Registered SqmFunctionTemplate [org.hibernate.query.sqm.function.PatternBasedSqmFunctionDescriptor@1818d00b] under pi; prior registration was null
2024-06-28T22:27:31.624-06:00 DEBUG 9756 --- [alumnos] [           main] o.h.q.sqm.function.SqmFunctionRegistry   : Registered SqmFunctionTemplate [org.hibernate.query.sqm.function.PatternBasedSqmFunctionDescriptor@b3a8455] under log; prior registration was null
2024-06-28T22:27:31.625-06:00 DEBUG 9756 --- [alumnos] [           main] o.h.q.sqm.function.SqmFunctionRegistry   : Registered SqmFunctionTemplate [NamedSqmFunctionTemplate(coalesce)] under coalesce; prior registration was null
2024-06-28T22:27:31.625-06:00 DEBUG 9756 --- [alumnos] [           main] o.h.q.sqm.function.SqmFunctionRegistry   : Registered SqmFunctionTemplate [NamedSqmFunctionTemplate(nullif)] under nullif; prior registration was null
2024-06-28T22:27:31.625-06:00 DEBUG 9756 --- [alumnos] [           main] o.h.q.sqm.function.SqmFunctionRegistry   : Registered SqmFunctionTemplate [NamedSqmFunctionTemplate(left)] under left; prior registration was null
2024-06-28T22:27:31.625-06:00 DEBUG 9756 --- [alumnos] [           main] o.h.q.sqm.function.SqmFunctionRegistry   : Registered SqmFunctionTemplate [NamedSqmFunctionTemplate(right)] under right; prior registration was null
2024-06-28T22:27:31.625-06:00 DEBUG 9756 --- [alumnos] [           main] o.h.q.sqm.function.SqmFunctionRegistry   : Registered SqmFunctionTemplate [NamedSqmFunctionTemplate(replace)] under replace; prior registration was null
2024-06-28T22:27:31.626-06:00 DEBUG 9756 --- [alumnos] [           main] o.h.q.sqm.function.SqmFunctionRegistry   : Registered SqmFunctionTemplate [NamedSqmFunctionTemplate(concat)] under concat; prior registration was null
2024-06-28T22:27:31.626-06:00 DEBUG 9756 --- [alumnos] [           main] o.h.q.sqm.function.SqmFunctionRegistry   : Registered SqmFunctionTemplate [NamedSqmFunctionTemplate(lower)] under lower; prior registration was null
2024-06-28T22:27:31.626-06:00 DEBUG 9756 --- [alumnos] [           main] o.h.q.sqm.function.SqmFunctionRegistry   : Registered SqmFunctionTemplate [NamedSqmFunctionTemplate(upper)] under upper; prior registration was null
2024-06-28T22:27:31.626-06:00 DEBUG 9756 --- [alumnos] [           main] o.h.q.sqm.function.SqmFunctionRegistry   : Registered SqmFunctionTemplate [NamedSqmFunctionTemplate(substring)] under substring; prior registration was null
2024-06-28T22:27:31.626-06:00 DEBUG 9756 --- [alumnos] [           main] o.h.q.sqm.function.SqmFunctionRegistry   : Registered SqmFunctionTemplate [NamedSqmFunctionTemplate(locate)] under locate; prior registration was null
2024-06-28T22:27:31.626-06:00 DEBUG 9756 --- [alumnos] [           main] o.h.q.sqm.function.SqmFunctionRegistry   : Registered SqmFunctionTemplate [NamedSqmFunctionTemplate(character_length)] under character_length; prior registration was null
2024-06-28T22:27:31.626-06:00 DEBUG 9756 --- [alumnos] [           main] o.h.q.sqm.function.SqmFunctionRegistry   : Registering alternate key : length -> character_length
2024-06-28T22:27:31.627-06:00 DEBUG 9756 --- [alumnos] [           main] o.h.q.sqm.function.SqmFunctionRegistry   : Registered SqmFunctionTemplate [org.hibernate.dialect.function.LocatePositionEmulation@787a0fd6] under position; prior registration was null
2024-06-28T22:27:31.629-06:00 DEBUG 9756 --- [alumnos] [           main] o.h.q.sqm.function.SqmFunctionRegistry   : Registered SqmFunctionTemplate [org.hibernate.dialect.function.InsertSubstringOverlayEmulation@3e55d844] under overlay; prior registration was null
2024-06-28T22:27:31.630-06:00 DEBUG 9756 --- [alumnos] [           main] o.h.q.sqm.function.SqmFunctionRegistry   : Registered SqmFunctionTemplate [org.hibernate.dialect.function.TrimFunction@13a9cdae] under trim; prior registration was null
2024-06-28T22:27:31.631-06:00 DEBUG 9756 --- [alumnos] [           main] o.h.q.sqm.function.SqmFunctionRegistry   : Registered SqmFunctionTemplate [org.hibernate.dialect.function.CastFunction@47ae6c18] under cast; prior registration was null
2024-06-28T22:27:31.631-06:00 DEBUG 9756 --- [alumnos] [           main] o.h.q.sqm.function.SqmFunctionRegistry   : Registered SqmFunctionTemplate [org.hibernate.query.sqm.function.PatternBasedSqmFunctionDescriptor@3835b281] under collate; prior registration was null
2024-06-28T22:27:31.632-06:00 DEBUG 9756 --- [alumnos] [           main] o.h.q.sqm.function.SqmFunctionRegistry   : Registered SqmFunctionTemplate [org.hibernate.dialect.function.ExtractFunction@74e2cfc5] under extract; prior registration was null
2024-06-28T22:27:31.632-06:00 DEBUG 9756 --- [alumnos] [           main] o.h.q.sqm.function.SqmFunctionRegistry   : Registered SqmFunctionTemplate [NamedSqmFunctionTemplate(least)] under least; prior registration was null
2024-06-28T22:27:31.632-06:00 DEBUG 9756 --- [alumnos] [           main] o.h.q.sqm.function.SqmFunctionRegistry   : Registered SqmFunctionTemplate [NamedSqmFunctionTemplate(greatest)] under greatest; prior registration was null
2024-06-28T22:27:31.633-06:00 DEBUG 9756 --- [alumnos] [           main] o.h.q.sqm.function.SqmFunctionRegistry   : Registered SqmFunctionTemplate [org.hibernate.dialect.function.CoalesceIfnullEmulation@4f7ef948] under ifnull; prior registration was null
2024-06-28T22:27:31.633-06:00 DEBUG 9756 --- [alumnos] [           main] o.h.q.sqm.function.SqmFunctionRegistry   : Registered SqmFunctionTemplate [NamedSqmFunctionTemplate(lpad)] under lpad; prior registration was null
2024-06-28T22:27:31.633-06:00 DEBUG 9756 --- [alumnos] [           main] o.h.q.sqm.function.SqmFunctionRegistry   : Registered SqmFunctionTemplate [NamedSqmFunctionTemplate(rpad)] under rpad; prior registration was null
2024-06-28T22:27:31.633-06:00 DEBUG 9756 --- [alumnos] [           main] o.h.q.sqm.function.SqmFunctionRegistry   : Registered SqmFunctionTemplate [org.hibernate.dialect.function.LpadRpadPadEmulation@3bc6c10f] under pad; prior registration was null
2024-06-28T22:27:31.634-06:00 DEBUG 9756 --- [alumnos] [           main] o.h.q.sqm.function.SqmFunctionRegistry   : Registered SqmFunctionTemplate [org.hibernate.dialect.function.CastStrEmulation@18f8ebd4] under str; prior registration was null
2024-06-28T22:27:31.638-06:00 DEBUG 9756 --- [alumnos] [           main] o.h.q.sqm.function.SqmFunctionRegistry   : Registered SqmFunctionTemplate [org.hibernate.dialect.function.FormatFunction@3e61cffd] under format; prior registration was null
2024-06-28T22:27:31.639-06:00 DEBUG 9756 --- [alumnos] [           main] o.h.q.sqm.function.SqmFunctionRegistry   : Registered SqmFunctionTemplate [org.hibernate.dialect.function.TimestampaddFunction@c697186] under timestampadd; prior registration was null
2024-06-28T22:27:31.641-06:00 DEBUG 9756 --- [alumnos] [           main] o.h.q.sqm.function.SqmFunctionRegistry   : Registered SqmFunctionTemplate [org.hibernate.dialect.function.TimestampdiffFunction@516b84d1] under timestampdiff; prior registration was null
2024-06-28T22:27:31.641-06:00 DEBUG 9756 --- [alumnos] [           main] o.h.q.sqm.function.SqmFunctionRegistry   : Registering alternate key : dateadd -> timestampadd
2024-06-28T22:27:31.641-06:00 DEBUG 9756 --- [alumnos] [           main] o.h.q.sqm.function.SqmFunctionRegistry   : Registering alternate key : datediff -> timestampdiff
2024-06-28T22:27:31.642-06:00 DEBUG 9756 --- [alumnos] [           main] o.h.q.sqm.function.SqmFunctionRegistry   : Registered SqmFunctionTemplate [org.hibernate.dialect.function.CurrentFunction@30eb55c9] under current_date; prior registration was null
2024-06-28T22:27:31.642-06:00 DEBUG 9756 --- [alumnos] [           main] o.h.q.sqm.function.SqmFunctionRegistry   : Registered SqmFunctionTemplate [org.hibernate.dialect.function.CurrentFunction@2524d07a] under current_time; prior registration was null
2024-06-28T22:27:31.642-06:00 DEBUG 9756 --- [alumnos] [           main] o.h.q.sqm.function.SqmFunctionRegistry   : Registered SqmFunctionTemplate [org.hibernate.dialect.function.CurrentFunction@309e3f34] under current_timestamp; prior registration was null
2024-06-28T22:27:31.642-06:00 DEBUG 9756 --- [alumnos] [           main] o.h.q.sqm.function.SqmFunctionRegistry   : Registering alternate key : current date -> current_date
2024-06-28T22:27:31.642-06:00 DEBUG 9756 --- [alumnos] [           main] o.h.q.sqm.function.SqmFunctionRegistry   : Registering alternate key : current time -> current_time
2024-06-28T22:27:31.642-06:00 DEBUG 9756 --- [alumnos] [           main] o.h.q.sqm.function.SqmFunctionRegistry   : Registering alternate key : current timestamp -> current_timestamp
2024-06-28T22:27:31.642-06:00 DEBUG 9756 --- [alumnos] [           main] o.h.q.sqm.function.SqmFunctionRegistry   : Registered SqmFunctionTemplate [org.hibernate.dialect.function.CurrentFunction@554d040d] under local_date; prior registration was null
2024-06-28T22:27:31.642-06:00 DEBUG 9756 --- [alumnos] [           main] o.h.q.sqm.function.SqmFunctionRegistry   : Registered SqmFunctionTemplate [org.hibernate.dialect.function.CurrentFunction@3fe24670] under local_time; prior registration was null
2024-06-28T22:27:31.643-06:00 DEBUG 9756 --- [alumnos] [           main] o.h.q.sqm.function.SqmFunctionRegistry   : Registered SqmFunctionTemplate [org.hibernate.dialect.function.CurrentFunction@3c46e6f6] under local_datetime; prior registration was null
2024-06-28T22:27:31.643-06:00 DEBUG 9756 --- [alumnos] [           main] o.h.q.sqm.function.SqmFunctionRegistry   : Registered SqmFunctionTemplate [org.hibernate.dialect.function.CurrentFunction@7d6019d5] under offset_datetime; prior registration was null
2024-06-28T22:27:31.643-06:00 DEBUG 9756 --- [alumnos] [           main] o.h.q.sqm.function.SqmFunctionRegistry   : Registering alternate key : local date -> local_date
2024-06-28T22:27:31.643-06:00 DEBUG 9756 --- [alumnos] [           main] o.h.q.sqm.function.SqmFunctionRegistry   : Registering alternate key : local time -> local_time
2024-06-28T22:27:31.643-06:00 DEBUG 9756 --- [alumnos] [           main] o.h.q.sqm.function.SqmFunctionRegistry   : Registering alternate key : local datetime -> local_datetime
2024-06-28T22:27:31.643-06:00 DEBUG 9756 --- [alumnos] [           main] o.h.q.sqm.function.SqmFunctionRegistry   : Registering alternate key : offset datetime -> offset_datetime
2024-06-28T22:27:31.643-06:00 DEBUG 9756 --- [alumnos] [           main] o.h.q.sqm.function.SqmFunctionRegistry   : Registered SqmFunctionTemplate [org.hibernate.dialect.function.CurrentFunction@40b01718] under instant; prior registration was null
2024-06-28T22:27:31.643-06:00 DEBUG 9756 --- [alumnos] [           main] o.h.q.sqm.function.SqmFunctionRegistry   : Registering alternate key : current_instant -> instant
2024-06-28T22:27:31.644-06:00 DEBUG 9756 --- [alumnos] [           main] o.h.q.sqm.function.SqmFunctionRegistry   : Registered SqmFunctionTemplate [org.hibernate.dialect.function.SqlFunction@5badeda0] under sql; prior registration was null
2024-06-28T22:27:31.644-06:00 DEBUG 9756 --- [alumnos] [           main] o.h.q.sqm.function.SqmFunctionRegistry   : Registered SqmFunctionTemplate [NamedSqmFunctionTemplate(cot)] under cot; prior registration was null
2024-06-28T22:27:31.644-06:00 DEBUG 9756 --- [alumnos] [           main] o.h.q.sqm.function.SqmFunctionRegistry   : Registered SqmFunctionTemplate [NamedSqmFunctionTemplate(radians)] under radians; prior registration was null
2024-06-28T22:27:31.644-06:00 DEBUG 9756 --- [alumnos] [           main] o.h.q.sqm.function.SqmFunctionRegistry   : Registered SqmFunctionTemplate [NamedSqmFunctionTemplate(degrees)] under degrees; prior registration was null
2024-06-28T22:27:31.644-06:00 DEBUG 9756 --- [alumnos] [           main] o.h.q.sqm.function.SqmFunctionRegistry   : Registered SqmFunctionTemplate [NamedSqmFunctionTemplate(log)] under log; prior registration was org.hibernate.query.sqm.function.PatternBasedSqmFunctionDescriptor@b3a8455
2024-06-28T22:27:31.644-06:00 DEBUG 9756 --- [alumnos] [           main] o.h.q.sqm.function.SqmFunctionRegistry   : Registered SqmFunctionTemplate [org.hibernate.query.sqm.function.PatternBasedSqmFunctionDescriptor@56a9a7b5] under mod; prior registration was NamedSqmFunctionTemplate(mod)
2024-06-28T22:27:31.644-06:00 DEBUG 9756 --- [alumnos] [           main] o.h.q.sqm.function.SqmFunctionRegistry   : Registered SqmFunctionTemplate [NamedSqmFunctionTemplate(log10)] under log10; prior registration was null
2024-06-28T22:27:31.644-06:00 DEBUG 9756 --- [alumnos] [           main] o.h.q.sqm.function.SqmFunctionRegistry   : Registered SqmFunctionTemplate [NamedSqmFunctionTemplate(tanh)] under tanh; prior registration was org.hibernate.query.sqm.function.PatternBasedSqmFunctionDescriptor@62f37bfd
2024-06-28T22:27:31.644-06:00 DEBUG 9756 --- [alumnos] [           main] o.h.q.sqm.function.SqmFunctionRegistry   : Registered SqmFunctionTemplate [NamedSqmFunctionTemplate(sinh)] under sinh; prior registration was org.hibernate.query.sqm.function.PatternBasedSqmFunctionDescriptor@16c0be3b
2024-06-28T22:27:31.645-06:00 DEBUG 9756 --- [alumnos] [           main] o.h.q.sqm.function.SqmFunctionRegistry   : Registered SqmFunctionTemplate [NamedSqmFunctionTemplate(cosh)] under cosh; prior registration was org.hibernate.query.sqm.function.PatternBasedSqmFunctionDescriptor@219edc05
2024-06-28T22:27:31.645-06:00 DEBUG 9756 --- [alumnos] [           main] o.h.q.sqm.function.SqmFunctionRegistry   : Registered SqmFunctionTemplate [NamedSqmFunctionTemplate(acosh)] under acosh; prior registration was null
2024-06-28T22:27:31.645-06:00 DEBUG 9756 --- [alumnos] [           main] o.h.q.sqm.function.SqmFunctionRegistry   : Registered SqmFunctionTemplate [NamedSqmFunctionTemplate(asinh)] under asinh; prior registration was null
2024-06-28T22:27:31.645-06:00 DEBUG 9756 --- [alumnos] [           main] o.h.q.sqm.function.SqmFunctionRegistry   : Registered SqmFunctionTemplate [NamedSqmFunctionTemplate(atanh)] under atanh; prior registration was null
2024-06-28T22:27:31.645-06:00 DEBUG 9756 --- [alumnos] [           main] o.h.q.sqm.function.SqmFunctionRegistry   : Registered SqmFunctionTemplate [NamedSqmFunctionTemplate(cbrt)] under cbrt; prior registration was null
2024-06-28T22:27:31.645-06:00 DEBUG 9756 --- [alumnos] [           main] o.h.q.sqm.function.SqmFunctionRegistry   : Registered SqmFunctionTemplate [NamedSqmFunctionTemplate(pi)] under pi; prior registration was org.hibernate.query.sqm.function.PatternBasedSqmFunctionDescriptor@1818d00b
2024-06-28T22:27:31.645-06:00 DEBUG 9756 --- [alumnos] [           main] o.h.q.sqm.function.SqmFunctionRegistry   : Registered SqmFunctionTemplate [NamedSqmFunctionTemplate(ltrim)] under ltrim; prior registration was null
2024-06-28T22:27:31.645-06:00 DEBUG 9756 --- [alumnos] [           main] o.h.q.sqm.function.SqmFunctionRegistry   : Registered SqmFunctionTemplate [NamedSqmFunctionTemplate(rtrim)] under rtrim; prior registration was null
2024-06-28T22:27:31.645-06:00 DEBUG 9756 --- [alumnos] [           main] o.h.q.sqm.function.SqmFunctionRegistry   : Registered SqmFunctionTemplate [NamedSqmFunctionTemplate(repeat)] under repeat; prior registration was null
2024-06-28T22:27:31.645-06:00 DEBUG 9756 --- [alumnos] [           main] o.h.q.sqm.function.SqmFunctionRegistry   : Registered SqmFunctionTemplate [NamedSqmFunctionTemplate(md5)] under md5; prior registration was null
2024-06-28T22:27:31.645-06:00 DEBUG 9756 --- [alumnos] [           main] o.h.q.sqm.function.SqmFunctionRegistry   : Registered SqmFunctionTemplate [NamedSqmFunctionTemplate(initcap)] under initcap; prior registration was null
2024-06-28T22:27:31.645-06:00 DEBUG 9756 --- [alumnos] [           main] o.h.q.sqm.function.SqmFunctionRegistry   : Registered SqmFunctionTemplate [NamedSqmFunctionTemplate(substr)] under substr; prior registration was null
2024-06-28T22:27:31.645-06:00 DEBUG 9756 --- [alumnos] [           main] o.h.q.sqm.function.SqmFunctionRegistry   : Registered SqmFunctionTemplate [NamedSqmFunctionTemplate(substr)] under substring; prior registration was NamedSqmFunctionTemplate(substring)
2024-06-28T22:27:31.645-06:00 DEBUG 9756 --- [alumnos] [           main] o.h.q.sqm.function.SqmFunctionRegistry   : Registered SqmFunctionTemplate [NamedSqmFunctionTemplate(translate)] under translate; prior registration was null
2024-06-28T22:27:31.646-06:00 DEBUG 9756 --- [alumnos] [           main] o.h.q.sqm.function.SqmFunctionRegistry   : Registered SqmFunctionTemplate [NamedSqmFunctionTemplate(to_number)] under to_number; prior registration was null
2024-06-28T22:27:31.646-06:00 DEBUG 9756 --- [alumnos] [           main] o.h.q.sqm.function.SqmFunctionRegistry   : Registered SqmFunctionTemplate [NamedSqmFunctionTemplate(to_char)] under to_char; prior registration was null
2024-06-28T22:27:31.646-06:00 DEBUG 9756 --- [alumnos] [           main] o.h.q.sqm.function.SqmFunctionRegistry   : Registered SqmFunctionTemplate [NamedSqmFunctionTemplate(to_date)] under to_date; prior registration was null
2024-06-28T22:27:31.646-06:00 DEBUG 9756 --- [alumnos] [           main] o.h.q.sqm.function.SqmFunctionRegistry   : Registered SqmFunctionTemplate [NamedSqmFunctionTemplate(to_timestamp)] under to_timestamp; prior registration was null
2024-06-28T22:27:31.647-06:00 DEBUG 9756 --- [alumnos] [           main] o.h.q.sqm.function.SqmFunctionRegistry   : Registered SqmFunctionTemplate [org.hibernate.dialect.function.ConcatPipeFunction@1c79d093] under concat; prior registration was NamedSqmFunctionTemplate(concat)
2024-06-28T22:27:31.647-06:00 DEBUG 9756 --- [alumnos] [           main] o.h.q.sqm.function.SqmFunctionRegistry   : Registered SqmFunctionTemplate [NamedSqmFunctionTemplate(localtime)] under localtime; prior registration was null
2024-06-28T22:27:31.647-06:00 DEBUG 9756 --- [alumnos] [           main] o.h.q.sqm.function.SqmFunctionRegistry   : Registered SqmFunctionTemplate [NamedSqmFunctionTemplate(localtimestamp)] under localtimestamp; prior registration was null
2024-06-28T22:27:31.647-06:00 DEBUG 9756 --- [alumnos] [           main] o.h.q.sqm.function.SqmFunctionRegistry   : Registered SqmFunctionTemplate [NamedSqmFunctionTemplate(localtime)] under local_time; prior registration was org.hibernate.dialect.function.CurrentFunction@3fe24670
2024-06-28T22:27:31.648-06:00 DEBUG 9756 --- [alumnos] [           main] o.h.q.sqm.function.SqmFunctionRegistry   : Registered SqmFunctionTemplate [NamedSqmFunctionTemplate(localtimestamp)] under local_datetime; prior registration was org.hibernate.dialect.function.CurrentFunction@3c46e6f6
2024-06-28T22:27:31.648-06:00 DEBUG 9756 --- [alumnos] [           main] o.h.q.sqm.function.SqmFunctionRegistry   : Registered SqmFunctionTemplate [org.hibernate.dialect.function.LengthFunction@33f81280] under character_length; prior registration was NamedSqmFunctionTemplate(character_length)
2024-06-28T22:27:31.648-06:00 DEBUG 9756 --- [alumnos] [           main] o.h.q.sqm.function.SqmFunctionRegistry   : Registering alternate key : length -> character_length
2024-06-28T22:27:31.649-06:00 DEBUG 9756 --- [alumnos] [           main] o.h.q.sqm.function.SqmFunctionRegistry   : Registered SqmFunctionTemplate [org.hibernate.dialect.function.LengthFunction@3991fe6d] under bit_length; prior registration was null
2024-06-28T22:27:31.649-06:00 DEBUG 9756 --- [alumnos] [           main] o.h.q.sqm.function.SqmFunctionRegistry   : Registered SqmFunctionTemplate [org.hibernate.dialect.function.LengthFunction@3a0e7f89] under octet_length; prior registration was null
2024-06-28T22:27:31.649-06:00 DEBUG 9756 --- [alumnos] [           main] o.h.q.sqm.function.SqmFunctionRegistry   : Registered SqmFunctionTemplate [NamedSqmFunctionTemplate(ascii)] under ascii; prior registration was null
2024-06-28T22:27:31.649-06:00 DEBUG 9756 --- [alumnos] [           main] o.h.q.sqm.function.SqmFunctionRegistry   : Registered SqmFunctionTemplate [NamedSqmFunctionTemplate(chr)] under chr; prior registration was null
2024-06-28T22:27:31.649-06:00 DEBUG 9756 --- [alumnos] [           main] o.h.q.sqm.function.SqmFunctionRegistry   : Registering alternate key : char -> chr
2024-06-28T22:27:31.649-06:00 DEBUG 9756 --- [alumnos] [           main] o.h.q.sqm.function.SqmFunctionRegistry   : Registered SqmFunctionTemplate [org.hibernate.query.sqm.function.PatternBasedSqmFunctionDescriptor@665ed71a] under position; prior registration was org.hibernate.dialect.function.LocatePositionEmulation@787a0fd6
2024-06-28T22:27:31.649-06:00 DEBUG 9756 --- [alumnos] [           main] o.h.q.sqm.function.SqmFunctionRegistry   : Registered SqmFunctionTemplate [org.hibernate.query.sqm.function.PatternBasedSqmFunctionDescriptor@15c1b543] under bitand; prior registration was null
2024-06-28T22:27:31.649-06:00 DEBUG 9756 --- [alumnos] [           main] o.h.q.sqm.function.SqmFunctionRegistry   : Registered SqmFunctionTemplate [org.hibernate.query.sqm.function.PatternBasedSqmFunctionDescriptor@23954300] under bitor; prior registration was null
2024-06-28T22:27:31.649-06:00 DEBUG 9756 --- [alumnos] [           main] o.h.q.sqm.function.SqmFunctionRegistry   : Registered SqmFunctionTemplate [org.hibernate.query.sqm.function.PatternBasedSqmFunctionDescriptor@6aae82cc] under bitxor; prior registration was null
2024-06-28T22:27:31.649-06:00 DEBUG 9756 --- [alumnos] [           main] o.h.q.sqm.function.SqmFunctionRegistry   : Registered SqmFunctionTemplate [org.hibernate.query.sqm.function.PatternBasedSqmFunctionDescriptor@7a587e84] under bitnot; prior registration was null
2024-06-28T22:27:31.649-06:00 DEBUG 9756 --- [alumnos] [           main] o.h.q.sqm.function.SqmFunctionRegistry   : Registered SqmFunctionTemplate [NamedSqmFunctionTemplate(bit_and)] under bit_and; prior registration was null
2024-06-28T22:27:31.649-06:00 DEBUG 9756 --- [alumnos] [           main] o.h.q.sqm.function.SqmFunctionRegistry   : Registered SqmFunctionTemplate [NamedSqmFunctionTemplate(bit_or)] under bit_or; prior registration was null
2024-06-28T22:27:31.650-06:00 DEBUG 9756 --- [alumnos] [           main] o.h.q.sqm.function.SqmFunctionRegistry   : Registered SqmFunctionTemplate [NamedSqmFunctionTemplate(bool_and)] under bool_and; prior registration was null
2024-06-28T22:27:31.650-06:00 DEBUG 9756 --- [alumnos] [           main] o.h.q.sqm.function.SqmFunctionRegistry   : Registering alternate key : every -> bool_and
2024-06-28T22:27:31.650-06:00 DEBUG 9756 --- [alumnos] [           main] o.h.q.sqm.function.SqmFunctionRegistry   : Registered SqmFunctionTemplate [NamedSqmFunctionTemplate(bool_or)] under bool_or; prior registration was null
2024-06-28T22:27:31.650-06:00 DEBUG 9756 --- [alumnos] [           main] o.h.q.sqm.function.SqmFunctionRegistry   : Registering alternate key : any -> bool_or
2024-06-28T22:27:31.650-06:00 DEBUG 9756 --- [alumnos] [           main] o.h.q.sqm.function.SqmFunctionRegistry   : Registered SqmFunctionTemplate [org.hibernate.query.sqm.function.PatternBasedSqmFunctionDescriptor@622ba721] under median; prior registration was null
2024-06-28T22:27:31.650-06:00 DEBUG 9756 --- [alumnos] [           main] o.h.q.sqm.function.SqmFunctionRegistry   : Registered SqmFunctionTemplate [NamedSqmFunctionTemplate(stddev)] under stddev; prior registration was null
2024-06-28T22:27:31.650-06:00 DEBUG 9756 --- [alumnos] [           main] o.h.q.sqm.function.SqmFunctionRegistry   : Registered SqmFunctionTemplate [NamedSqmFunctionTemplate(stddev_pop)] under stddev_pop; prior registration was null
2024-06-28T22:27:31.650-06:00 DEBUG 9756 --- [alumnos] [           main] o.h.q.sqm.function.SqmFunctionRegistry   : Registered SqmFunctionTemplate [NamedSqmFunctionTemplate(stddev_samp)] under stddev_samp; prior registration was null
2024-06-28T22:27:31.650-06:00 DEBUG 9756 --- [alumnos] [           main] o.h.q.sqm.function.SqmFunctionRegistry   : Registered SqmFunctionTemplate [NamedSqmFunctionTemplate(variance)] under variance; prior registration was null
2024-06-28T22:27:31.650-06:00 DEBUG 9756 --- [alumnos] [           main] o.h.q.sqm.function.SqmFunctionRegistry   : Registered SqmFunctionTemplate [NamedSqmFunctionTemplate(var_pop)] under var_pop; prior registration was null
2024-06-28T22:27:31.650-06:00 DEBUG 9756 --- [alumnos] [           main] o.h.q.sqm.function.SqmFunctionRegistry   : Registered SqmFunctionTemplate [NamedSqmFunctionTemplate(var_samp)] under var_samp; prior registration was null
2024-06-28T22:27:31.650-06:00 DEBUG 9756 --- [alumnos] [           main] o.h.q.sqm.function.SqmFunctionRegistry   : Registered SqmFunctionTemplate [NamedSqmFunctionTemplate(covar_pop)] under covar_pop; prior registration was null
2024-06-28T22:27:31.650-06:00 DEBUG 9756 --- [alumnos] [           main] o.h.q.sqm.function.SqmFunctionRegistry   : Registered SqmFunctionTemplate [NamedSqmFunctionTemplate(covar_samp)] under covar_samp; prior registration was null
2024-06-28T22:27:31.650-06:00 DEBUG 9756 --- [alumnos] [           main] o.h.q.sqm.function.SqmFunctionRegistry   : Registered SqmFunctionTemplate [NamedSqmFunctionTemplate(corr)] under corr; prior registration was null
2024-06-28T22:27:31.651-06:00 DEBUG 9756 --- [alumnos] [           main] o.h.q.sqm.function.SqmFunctionRegistry   : Registered SqmFunctionTemplate [NamedSqmFunctionTemplate(regr_avgx)] under regr_avgx; prior registration was null
2024-06-28T22:27:31.651-06:00 DEBUG 9756 --- [alumnos] [           main] o.h.q.sqm.function.SqmFunctionRegistry   : Registered SqmFunctionTemplate [NamedSqmFunctionTemplate(regr_avgy)] under regr_avgy; prior registration was null
2024-06-28T22:27:31.651-06:00 DEBUG 9756 --- [alumnos] [           main] o.h.q.sqm.function.SqmFunctionRegistry   : Registered SqmFunctionTemplate [NamedSqmFunctionTemplate(regr_count)] under regr_count; prior registration was null
2024-06-28T22:27:31.651-06:00 DEBUG 9756 --- [alumnos] [           main] o.h.q.sqm.function.SqmFunctionRegistry   : Registered SqmFunctionTemplate [NamedSqmFunctionTemplate(regr_intercept)] under regr_intercept; prior registration was null
2024-06-28T22:27:31.651-06:00 DEBUG 9756 --- [alumnos] [           main] o.h.q.sqm.function.SqmFunctionRegistry   : Registered SqmFunctionTemplate [NamedSqmFunctionTemplate(regr_r2)] under regr_r2; prior registration was null
2024-06-28T22:27:31.651-06:00 DEBUG 9756 --- [alumnos] [           main] o.h.q.sqm.function.SqmFunctionRegistry   : Registered SqmFunctionTemplate [NamedSqmFunctionTemplate(regr_slope)] under regr_slope; prior registration was null
2024-06-28T22:27:31.651-06:00 DEBUG 9756 --- [alumnos] [           main] o.h.q.sqm.function.SqmFunctionRegistry   : Registered SqmFunctionTemplate [NamedSqmFunctionTemplate(regr_sxx)] under regr_sxx; prior registration was null
2024-06-28T22:27:31.651-06:00 DEBUG 9756 --- [alumnos] [           main] o.h.q.sqm.function.SqmFunctionRegistry   : Registered SqmFunctionTemplate [NamedSqmFunctionTemplate(regr_sxy)] under regr_sxy; prior registration was null
2024-06-28T22:27:31.651-06:00 DEBUG 9756 --- [alumnos] [           main] o.h.q.sqm.function.SqmFunctionRegistry   : Registered SqmFunctionTemplate [NamedSqmFunctionTemplate(regr_syy)] under regr_syy; prior registration was null
2024-06-28T22:27:31.651-06:00 DEBUG 9756 --- [alumnos] [           main] o.h.q.sqm.function.SqmFunctionRegistry   : Registered SqmFunctionTemplate [org.hibernate.query.sqm.function.PatternBasedSqmFunctionDescriptor@7509226c] under insert; prior registration was null
2024-06-28T22:27:31.653-06:00 DEBUG 9756 --- [alumnos] [           main] o.h.q.sqm.function.SqmFunctionRegistry   : Registered SqmFunctionTemplate [org.hibernate.query.sqm.function.MultipatternSqmFunctionDescriptor@5f01fb5c] under overlay; prior registration was org.hibernate.dialect.function.InsertSubstringOverlayEmulation@3e55d844
2024-06-28T22:27:31.653-06:00 DEBUG 9756 --- [alumnos] [           main] o.h.q.sqm.function.SqmFunctionRegistry   : Registered SqmFunctionTemplate [NamedSqmFunctionTemplate(soundex)] under soundex; prior registration was null
2024-06-28T22:27:31.653-06:00 DEBUG 9756 --- [alumnos] [           main] o.h.q.sqm.function.SqmFunctionRegistry   : Registered SqmFunctionTemplate [org.hibernate.query.sqm.function.MultipatternSqmFunctionDescriptor@75c77add] under locate; prior registration was NamedSqmFunctionTemplate(locate)
2024-06-28T22:27:31.653-06:00 DEBUG 9756 --- [alumnos] [           main] o.h.q.sqm.function.SqmFunctionRegistry   : Registered SqmFunctionTemplate [NamedSqmFunctionTemplate(row_number)] under row_number; prior registration was null
2024-06-28T22:27:31.654-06:00 DEBUG 9756 --- [alumnos] [           main] o.h.q.sqm.function.SqmFunctionRegistry   : Registered SqmFunctionTemplate [NamedSqmFunctionTemplate(lag)] under lag; prior registration was null
2024-06-28T22:27:31.654-06:00 DEBUG 9756 --- [alumnos] [           main] o.h.q.sqm.function.SqmFunctionRegistry   : Registered SqmFunctionTemplate [NamedSqmFunctionTemplate(lead)] under lead; prior registration was null
2024-06-28T22:27:31.655-06:00 DEBUG 9756 --- [alumnos] [           main] o.h.q.sqm.function.SqmFunctionRegistry   : Registered SqmFunctionTemplate [NamedSqmFunctionTemplate(first_value)] under first_value; prior registration was null
2024-06-28T22:27:31.655-06:00 DEBUG 9756 --- [alumnos] [           main] o.h.q.sqm.function.SqmFunctionRegistry   : Registered SqmFunctionTemplate [NamedSqmFunctionTemplate(last_value)] under last_value; prior registration was null
2024-06-28T22:27:31.655-06:00 DEBUG 9756 --- [alumnos] [           main] o.h.q.sqm.function.SqmFunctionRegistry   : Registered SqmFunctionTemplate [NamedSqmFunctionTemplate(nth_value)] under nth_value; prior registration was null
2024-06-28T22:27:31.656-06:00 DEBUG 9756 --- [alumnos] [           main] o.h.q.sqm.function.SqmFunctionRegistry   : Registered SqmFunctionTemplate [org.hibernate.dialect.function.ListaggStringAggEmulation@3f87780b] under listagg; prior registration was null
2024-06-28T22:27:31.658-06:00 DEBUG 9756 --- [alumnos] [           main] o.h.q.sqm.function.SqmFunctionRegistry   : Registered SqmFunctionTemplate [org.hibernate.dialect.function.array.PostgreSQLArrayConstructorFunction@eb695e8] under array; prior registration was null
2024-06-28T22:27:31.658-06:00 DEBUG 9756 --- [alumnos] [           main] o.h.q.sqm.function.SqmFunctionRegistry   : Registered SqmFunctionTemplate [org.hibernate.dialect.function.array.PostgreSQLArrayConstructorFunction@7eebb316] under array_list; prior registration was null
2024-06-28T22:27:31.659-06:00 DEBUG 9756 --- [alumnos] [           main] o.h.q.sqm.function.SqmFunctionRegistry   : Registered SqmFunctionTemplate [org.hibernate.dialect.function.array.ArrayAggFunction@33a3e5db] under array_agg; prior registration was null
2024-06-28T22:27:31.662-06:00 DEBUG 9756 --- [alumnos] [           main] o.h.q.sqm.function.SqmFunctionRegistry   : Registered SqmFunctionTemplate [org.hibernate.dialect.function.array.PostgreSQLArrayPositionFunction@78d61f17] under array_position; prior registration was null
2024-06-28T22:27:31.678-06:00 DEBUG 9756 --- [alumnos] [           main] o.h.q.sqm.function.SqmFunctionRegistry   : Registered SqmFunctionTemplate [org.hibernate.dialect.function.array.PostgreSQLArrayPositionsFunction@39685204] under array_positions; prior registration was null
2024-06-28T22:27:31.686-06:00 DEBUG 9756 --- [alumnos] [           main] o.h.q.sqm.function.SqmFunctionRegistry   : Registered SqmFunctionTemplate [org.hibernate.dialect.function.array.PostgreSQLArrayPositionsFunction@67c2b55d] under array_positions_list; prior registration was null
2024-06-28T22:27:31.686-06:00 DEBUG 9756 --- [alumnos] [           main] o.h.q.sqm.function.SqmFunctionRegistry   : Registered SqmFunctionTemplate [org.hibernate.query.sqm.function.PatternBasedSqmFunctionDescriptor@5db04bd2] under array_length; prior registration was null
2024-06-28T22:27:31.689-06:00 DEBUG 9756 --- [alumnos] [           main] o.h.q.sqm.function.SqmFunctionRegistry   : Registered SqmFunctionTemplate [org.hibernate.dialect.function.array.PostgreSQLArrayConcatFunction@4d8522ff] under array_concat; prior registration was null
2024-06-28T22:27:31.693-06:00 DEBUG 9756 --- [alumnos] [           main] o.h.q.sqm.function.SqmFunctionRegistry   : Registered SqmFunctionTemplate [org.hibernate.dialect.function.array.PostgreSQLArrayConcatElementFunction@63d66761] under array_prepend; prior registration was null
2024-06-28T22:27:31.694-06:00 DEBUG 9756 --- [alumnos] [           main] o.h.q.sqm.function.SqmFunctionRegistry   : Registered SqmFunctionTemplate [org.hibernate.dialect.function.array.PostgreSQLArrayConcatElementFunction@434a8938] under array_append; prior registration was null
2024-06-28T22:27:31.702-06:00 DEBUG 9756 --- [alumnos] [           main] o.h.q.sqm.function.SqmFunctionRegistry   : Registered SqmFunctionTemplate [org.hibernate.dialect.function.array.ArrayContainsOperatorFunction@71687d8f] under array_contains; prior registration was null
2024-06-28T22:27:31.703-06:00 DEBUG 9756 --- [alumnos] [           main] o.h.q.sqm.function.SqmFunctionRegistry   : Registered SqmFunctionTemplate [org.hibernate.dialect.function.array.ArrayContainsOperatorFunction@443253a6] under array_contains_nullable; prior registration was null
2024-06-28T22:27:31.705-06:00 DEBUG 9756 --- [alumnos] [           main] o.h.q.sqm.function.SqmFunctionRegistry   : Registered SqmFunctionTemplate [org.hibernate.dialect.function.array.ArrayOverlapsOperatorFunction@7d70ba18] under array_overlaps; prior registration was null
2024-06-28T22:27:31.705-06:00 DEBUG 9756 --- [alumnos] [           main] o.h.q.sqm.function.SqmFunctionRegistry   : Registered SqmFunctionTemplate [org.hibernate.dialect.function.array.ArrayOverlapsOperatorFunction@6a07e6ca] under array_overlaps_nullable; prior registration was null
2024-06-28T22:27:31.705-06:00 DEBUG 9756 --- [alumnos] [           main] o.h.q.sqm.function.SqmFunctionRegistry   : Registered SqmFunctionTemplate [org.hibernate.query.sqm.function.PatternBasedSqmFunctionDescriptor@4cb82b09] under array_get; prior registration was null
2024-06-28T22:27:31.707-06:00 DEBUG 9756 --- [alumnos] [           main] o.h.q.sqm.function.SqmFunctionRegistry   : Registered SqmFunctionTemplate [org.hibernate.dialect.function.array.ArraySetUnnestFunction@13ebccd] under array_set; prior registration was null
2024-06-28T22:27:31.707-06:00 DEBUG 9756 --- [alumnos] [           main] o.h.q.sqm.function.SqmFunctionRegistry   : Registered SqmFunctionTemplate [NamedSqmFunctionTemplate(array_remove)] under array_remove; prior registration was null
2024-06-28T22:27:31.708-06:00 DEBUG 9756 --- [alumnos] [           main] o.h.q.sqm.function.SqmFunctionRegistry   : Registered SqmFunctionTemplate [org.hibernate.dialect.function.array.ArrayRemoveIndexUnnestFunction@5bccef9f] under array_remove_index; prior registration was null
2024-06-28T22:27:31.708-06:00 DEBUG 9756 --- [alumnos] [           main] o.h.q.sqm.function.SqmFunctionRegistry   : Registered SqmFunctionTemplate [org.hibernate.query.sqm.function.PatternBasedSqmFunctionDescriptor@1136122a] under array_slice; prior registration was null
2024-06-28T22:27:31.708-06:00 DEBUG 9756 --- [alumnos] [           main] o.h.q.sqm.function.SqmFunctionRegistry   : Registered SqmFunctionTemplate [NamedSqmFunctionTemplate(array_replace)] under array_replace; prior registration was null
2024-06-28T22:27:31.708-06:00 DEBUG 9756 --- [alumnos] [           main] o.h.q.sqm.function.SqmFunctionRegistry   : Registered SqmFunctionTemplate [org.hibernate.query.sqm.function.PatternBasedSqmFunctionDescriptor@5a537a16] under array_trim; prior registration was null
2024-06-28T22:27:31.710-06:00 DEBUG 9756 --- [alumnos] [           main] o.h.q.sqm.function.SqmFunctionRegistry   : Registered SqmFunctionTemplate [org.hibernate.dialect.function.array.PostgreSQLArrayFillFunction@434d001d] under array_fill; prior registration was null
2024-06-28T22:27:31.710-06:00 DEBUG 9756 --- [alumnos] [           main] o.h.q.sqm.function.SqmFunctionRegistry   : Registered SqmFunctionTemplate [org.hibernate.dialect.function.array.PostgreSQLArrayFillFunction@36453773] under array_fill_list; prior registration was null
2024-06-28T22:27:31.711-06:00 DEBUG 9756 --- [alumnos] [           main] o.h.q.sqm.function.SqmFunctionRegistry   : Registered SqmFunctionTemplate [org.hibernate.dialect.function.array.ArrayToStringFunction@5e3cb58e] under array_to_string; prior registration was null
2024-06-28T22:27:31.711-06:00 DEBUG 9756 --- [alumnos] [           main] o.h.q.sqm.function.SqmFunctionRegistry   : Registered SqmFunctionTemplate [NamedSqmFunctionTemplate(make_date)] under make_date; prior registration was null
2024-06-28T22:27:31.711-06:00 DEBUG 9756 --- [alumnos] [           main] o.h.q.sqm.function.SqmFunctionRegistry   : Registered SqmFunctionTemplate [NamedSqmFunctionTemplate(make_time)] under make_time; prior registration was null
2024-06-28T22:27:31.711-06:00 DEBUG 9756 --- [alumnos] [           main] o.h.q.sqm.function.SqmFunctionRegistry   : Registered SqmFunctionTemplate [NamedSqmFunctionTemplate(make_timestamp)] under make_timestamp; prior registration was null
2024-06-28T22:27:31.711-06:00 DEBUG 9756 --- [alumnos] [           main] o.h.q.sqm.function.SqmFunctionRegistry   : Registered SqmFunctionTemplate [NamedSqmFunctionTemplate(make_timestamptz)] under make_timestamptz; prior registration was null
2024-06-28T22:27:31.713-06:00 DEBUG 9756 --- [alumnos] [           main] o.h.q.sqm.function.SqmFunctionRegistry   : Registered SqmFunctionTemplate [org.hibernate.dialect.function.InverseDistributionFunction@6109d880] under mode; prior registration was null
2024-06-28T22:27:31.713-06:00 DEBUG 9756 --- [alumnos] [           main] o.h.q.sqm.function.SqmFunctionRegistry   : Registered SqmFunctionTemplate [org.hibernate.dialect.function.InverseDistributionFunction@4c9ef9c9] under percentile_cont; prior registration was null
2024-06-28T22:27:31.713-06:00 DEBUG 9756 --- [alumnos] [           main] o.h.q.sqm.function.SqmFunctionRegistry   : Registered SqmFunctionTemplate [org.hibernate.dialect.function.InverseDistributionFunction@6f976c] under percentile_disc; prior registration was null
2024-06-28T22:27:31.714-06:00 DEBUG 9756 --- [alumnos] [           main] o.h.q.sqm.function.SqmFunctionRegistry   : Registered SqmFunctionTemplate [org.hibernate.dialect.function.HypotheticalSetFunction@7b0525a8] under rank; prior registration was null
2024-06-28T22:27:31.714-06:00 DEBUG 9756 --- [alumnos] [           main] o.h.q.sqm.function.SqmFunctionRegistry   : Registered SqmFunctionTemplate [org.hibernate.dialect.function.HypotheticalSetFunction@4f2d8175] under dense_rank; prior registration was null
2024-06-28T22:27:31.715-06:00 DEBUG 9756 --- [alumnos] [           main] o.h.q.sqm.function.SqmFunctionRegistry   : Registered SqmFunctionTemplate [org.hibernate.dialect.function.HypotheticalSetFunction@44618fe6] under percent_rank; prior registration was null
2024-06-28T22:27:31.715-06:00 DEBUG 9756 --- [alumnos] [           main] o.h.q.sqm.function.SqmFunctionRegistry   : Registered SqmFunctionTemplate [org.hibernate.dialect.function.HypotheticalSetFunction@2b15ba1a] under cume_dist; prior registration was null
2024-06-28T22:27:31.716-06:00 DEBUG 9756 --- [alumnos] [           main] o.h.q.sqm.function.SqmFunctionRegistry   : Registered SqmFunctionTemplate [org.hibernate.dialect.function.PostgreSQLMinMaxFunction@14fff5e7] under min; prior registration was NamedSqmFunctionTemplate(min)
2024-06-28T22:27:31.716-06:00 DEBUG 9756 --- [alumnos] [           main] o.h.q.sqm.function.SqmFunctionRegistry   : Registered SqmFunctionTemplate [org.hibernate.dialect.function.PostgreSQLMinMaxFunction@1203d787] under max; prior registration was NamedSqmFunctionTemplate(max)
2024-06-28T22:27:31.716-06:00 DEBUG 9756 --- [alumnos] [           main] o.h.q.sqm.function.SqmFunctionRegistry   : Registered SqmFunctionTemplate [org.hibernate.query.sqm.function.PatternBasedSqmFunctionDescriptor@1f72fbd1] under bitxor; prior registration was org.hibernate.query.sqm.function.PatternBasedSqmFunctionDescriptor@6aae82cc
2024-06-28T22:27:31.717-06:00 DEBUG 9756 --- [alumnos] [           main] o.h.q.sqm.function.SqmFunctionRegistry   : Registered SqmFunctionTemplate [org.hibernate.dialect.function.PostgreSQLTruncRoundFunction@5454be] under round; prior registration was NamedSqmFunctionTemplate(round)
2024-06-28T22:27:31.719-06:00 DEBUG 9756 --- [alumnos] [           main] o.h.q.sqm.function.SqmFunctionRegistry   : Registered SqmFunctionTemplate [org.hibernate.dialect.function.PostgreSQLTruncFunction@59b1edab] under trunc; prior registration was null
2024-06-28T22:27:31.719-06:00 DEBUG 9756 --- [alumnos] [           main] o.h.q.sqm.function.SqmFunctionRegistry   : Registering alternate key : truncate -> trunc
2024-06-28T22:27:31.719-06:00 DEBUG 9756 --- [alumnos] [           main] o.h.q.sqm.function.SqmFunctionRegistry   : Registered SqmFunctionTemplate [org.hibernate.query.sqm.function.PatternBasedSqmFunctionDescriptor@3855b27e] under date_trunc; prior registration was null
2024-06-28T22:27:31.721-06:00 DEBUG 9756 --- [alumnos] [           main] org.hibernate.HQL_FUNCTIONS              : abs(NUMERIC arg)
2024-06-28T22:27:31.722-06:00 DEBUG 9756 --- [alumnos] [           main] org.hibernate.HQL_FUNCTIONS              : Double acos(NUMERIC arg)
2024-06-28T22:27:31.722-06:00 DEBUG 9756 --- [alumnos] [           main] org.hibernate.HQL_FUNCTIONS              : Double acosh(NUMERIC arg)
2024-06-28T22:27:31.722-06:00 DEBUG 9756 --- [alumnos] [           main] org.hibernate.HQL_FUNCTIONS              : Boolean any(BOOLEAN predicate)
2024-06-28T22:27:31.722-06:00 DEBUG 9756 --- [alumnos] [           main] org.hibernate.HQL_FUNCTIONS              : array( ... )
2024-06-28T22:27:31.722-06:00 DEBUG 9756 --- [alumnos] [           main] org.hibernate.HQL_FUNCTIONS              : array_agg(arg)
2024-06-28T22:27:31.722-06:00 DEBUG 9756 --- [alumnos] [           main] org.hibernate.HQL_FUNCTIONS              : array_append( ... )
2024-06-28T22:27:31.722-06:00 DEBUG 9756 --- [alumnos] [           main] org.hibernate.HQL_FUNCTIONS              : array_concat( ... )
2024-06-28T22:27:31.722-06:00 DEBUG 9756 --- [alumnos] [           main] org.hibernate.HQL_FUNCTIONS              : Boolean array_contains(ARRAY haystackArray, OBJECT needleElementOrArray)
2024-06-28T22:27:31.722-06:00 DEBUG 9756 --- [alumnos] [           main] org.hibernate.HQL_FUNCTIONS              : Boolean array_contains_nullable(ARRAY haystackArray, OBJECT needleElementOrArray)
2024-06-28T22:27:31.722-06:00 DEBUG 9756 --- [alumnos] [           main] org.hibernate.HQL_FUNCTIONS              : array_fill(OBJECT element, INTEGER elementCount)
2024-06-28T22:27:31.722-06:00 DEBUG 9756 --- [alumnos] [           main] org.hibernate.HQL_FUNCTIONS              : array_fill_list(OBJECT element, INTEGER elementCount)
2024-06-28T22:27:31.722-06:00 DEBUG 9756 --- [alumnos] [           main] org.hibernate.HQL_FUNCTIONS              : array_get(ARRAY array, INTEGER index)
2024-06-28T22:27:31.722-06:00 DEBUG 9756 --- [alumnos] [           main] org.hibernate.HQL_FUNCTIONS              : Integer array_length(ARRAY array)
2024-06-28T22:27:31.722-06:00 DEBUG 9756 --- [alumnos] [           main] org.hibernate.HQL_FUNCTIONS              : array_list( ... )
2024-06-28T22:27:31.722-06:00 DEBUG 9756 --- [alumnos] [           main] org.hibernate.HQL_FUNCTIONS              : Boolean array_overlaps(ARRAY array0, OBJECT array1)
2024-06-28T22:27:31.722-06:00 DEBUG 9756 --- [alumnos] [           main] org.hibernate.HQL_FUNCTIONS              : Boolean array_overlaps_nullable(ARRAY array0, OBJECT array1)
2024-06-28T22:27:31.723-06:00 DEBUG 9756 --- [alumnos] [           main] org.hibernate.HQL_FUNCTIONS              : Integer array_position(ARRAY array, OBJECT element[, INTEGER startPosition])
2024-06-28T22:27:31.723-06:00 DEBUG 9756 --- [alumnos] [           main] org.hibernate.HQL_FUNCTIONS              : int[] array_positions(ARRAY array, OBJECT element)
2024-06-28T22:27:31.723-06:00 DEBUG 9756 --- [alumnos] [           main] org.hibernate.HQL_FUNCTIONS              : List array_positions_list(ARRAY array, OBJECT element)
2024-06-28T22:27:31.723-06:00 DEBUG 9756 --- [alumnos] [           main] org.hibernate.HQL_FUNCTIONS              : array_prepend( ... )
2024-06-28T22:27:31.723-06:00 DEBUG 9756 --- [alumnos] [           main] org.hibernate.HQL_FUNCTIONS              : array_remove( ... )
2024-06-28T22:27:31.723-06:00 DEBUG 9756 --- [alumnos] [           main] org.hibernate.HQL_FUNCTIONS              : array_remove_index( ... )
2024-06-28T22:27:31.723-06:00 DEBUG 9756 --- [alumnos] [           main] org.hibernate.HQL_FUNCTIONS              : array_replace(ARRAY array, OBJECT old, OBJECT new)
2024-06-28T22:27:31.723-06:00 DEBUG 9756 --- [alumnos] [           main] org.hibernate.HQL_FUNCTIONS              : array_set( ... )
2024-06-28T22:27:31.723-06:00 DEBUG 9756 --- [alumnos] [           main] org.hibernate.HQL_FUNCTIONS              : array_slice(ARRAY array, INTEGER start, INTEGER end)
2024-06-28T22:27:31.723-06:00 DEBUG 9756 --- [alumnos] [           main] org.hibernate.HQL_FUNCTIONS              : String array_to_string( ... )
2024-06-28T22:27:31.723-06:00 DEBUG 9756 --- [alumnos] [           main] org.hibernate.HQL_FUNCTIONS              : array_trim(ARRAY array, INTEGER elementsToRemove)
2024-06-28T22:27:31.724-06:00 DEBUG 9756 --- [alumnos] [           main] org.hibernate.HQL_FUNCTIONS              : Integer ascii(STRING arg)
2024-06-28T22:27:31.724-06:00 DEBUG 9756 --- [alumnos] [           main] org.hibernate.HQL_FUNCTIONS              : Double asin(NUMERIC arg)
2024-06-28T22:27:31.724-06:00 DEBUG 9756 --- [alumnos] [           main] org.hibernate.HQL_FUNCTIONS              : Double asinh(NUMERIC arg)
2024-06-28T22:27:31.724-06:00 DEBUG 9756 --- [alumnos] [           main] org.hibernate.HQL_FUNCTIONS              : Double atan(NUMERIC arg)
2024-06-28T22:27:31.724-06:00 DEBUG 9756 --- [alumnos] [           main] org.hibernate.HQL_FUNCTIONS              : Double atan2(NUMERIC arg0, NUMERIC arg1)
2024-06-28T22:27:31.725-06:00 DEBUG 9756 --- [alumnos] [           main] org.hibernate.HQL_FUNCTIONS              : Double atanh(NUMERIC arg)
2024-06-28T22:27:31.725-06:00 DEBUG 9756 --- [alumnos] [           main] org.hibernate.HQL_FUNCTIONS              : avg(arg)
2024-06-28T22:27:31.725-06:00 DEBUG 9756 --- [alumnos] [           main] org.hibernate.HQL_FUNCTIONS              : bit_and(arg)
2024-06-28T22:27:31.725-06:00 DEBUG 9756 --- [alumnos] [           main] org.hibernate.HQL_FUNCTIONS              : Integer bit_length(STRING_OR_CLOB arg)
2024-06-28T22:27:31.725-06:00 DEBUG 9756 --- [alumnos] [           main] org.hibernate.HQL_FUNCTIONS              : bit_or(arg)
2024-06-28T22:27:31.725-06:00 DEBUG 9756 --- [alumnos] [           main] org.hibernate.HQL_FUNCTIONS              : bitand(arg0, arg1)
2024-06-28T22:27:31.725-06:00 DEBUG 9756 --- [alumnos] [           main] org.hibernate.HQL_FUNCTIONS              : bitnot(arg)
2024-06-28T22:27:31.725-06:00 DEBUG 9756 --- [alumnos] [           main] org.hibernate.HQL_FUNCTIONS              : bitor(arg0, arg1)
2024-06-28T22:27:31.726-06:00 DEBUG 9756 --- [alumnos] [           main] org.hibernate.HQL_FUNCTIONS              : bitxor(arg0, arg1)
2024-06-28T22:27:31.727-06:00 DEBUG 9756 --- [alumnos] [           main] org.hibernate.HQL_FUNCTIONS              : Boolean bool_and(BOOLEAN predicate)
2024-06-28T22:27:31.727-06:00 DEBUG 9756 --- [alumnos] [           main] org.hibernate.HQL_FUNCTIONS              : Boolean bool_or(BOOLEAN predicate)
2024-06-28T22:27:31.727-06:00 DEBUG 9756 --- [alumnos] [           main] org.hibernate.HQL_FUNCTIONS              : cast(arg as Type)
2024-06-28T22:27:31.727-06:00 DEBUG 9756 --- [alumnos] [           main] org.hibernate.HQL_FUNCTIONS              : Double cbrt(NUMERIC arg)
2024-06-28T22:27:31.727-06:00 DEBUG 9756 --- [alumnos] [           main] org.hibernate.HQL_FUNCTIONS              : ceiling(NUMERIC arg)
2024-06-28T22:27:31.727-06:00 DEBUG 9756 --- [alumnos] [           main] org.hibernate.HQL_FUNCTIONS              : Character char(INTEGER arg)
2024-06-28T22:27:31.727-06:00 DEBUG 9756 --- [alumnos] [           main] org.hibernate.HQL_FUNCTIONS              : Integer character_length(STRING_OR_CLOB arg)
2024-06-28T22:27:31.727-06:00 DEBUG 9756 --- [alumnos] [           main] org.hibernate.HQL_FUNCTIONS              : Character chr(INTEGER arg)
2024-06-28T22:27:31.727-06:00 DEBUG 9756 --- [alumnos] [           main] org.hibernate.HQL_FUNCTIONS              : coalesce(arg0[, arg1[, ...]])
2024-06-28T22:27:31.728-06:00 DEBUG 9756 --- [alumnos] [           main] org.hibernate.HQL_FUNCTIONS              : String collate(STRING string as COLLATION collation)
2024-06-28T22:27:31.728-06:00 DEBUG 9756 --- [alumnos] [           main] org.hibernate.HQL_FUNCTIONS              : (STRING string0[, STRING string1[, ...]])
2024-06-28T22:27:31.728-06:00 DEBUG 9756 --- [alumnos] [           main] org.hibernate.HQL_FUNCTIONS              : Double corr(NUMERIC arg0, NUMERIC arg1)
2024-06-28T22:27:31.728-06:00 DEBUG 9756 --- [alumnos] [           main] org.hibernate.HQL_FUNCTIONS              : Double cos(NUMERIC arg)
2024-06-28T22:27:31.728-06:00 DEBUG 9756 --- [alumnos] [           main] org.hibernate.HQL_FUNCTIONS              : Double cosh(NUMERIC arg)
2024-06-28T22:27:31.728-06:00 DEBUG 9756 --- [alumnos] [           main] org.hibernate.HQL_FUNCTIONS              : Double cot(NUMERIC arg)
2024-06-28T22:27:31.728-06:00 DEBUG 9756 --- [alumnos] [           main] org.hibernate.HQL_FUNCTIONS              : Long count([distinct ]{arg|*})
2024-06-28T22:27:31.729-06:00 DEBUG 9756 --- [alumnos] [           main] org.hibernate.HQL_FUNCTIONS              : Double covar_pop(NUMERIC arg0, NUMERIC arg1)
2024-06-28T22:27:31.729-06:00 DEBUG 9756 --- [alumnos] [           main] org.hibernate.HQL_FUNCTIONS              : Double covar_samp(NUMERIC arg0, NUMERIC arg1)
2024-06-28T22:27:31.729-06:00 DEBUG 9756 --- [alumnos] [           main] org.hibernate.HQL_FUNCTIONS              : Double cume_dist([arg0[, ...]])
2024-06-28T22:27:31.729-06:00 DEBUG 9756 --- [alumnos] [           main] org.hibernate.HQL_FUNCTIONS              : Date current date
2024-06-28T22:27:31.729-06:00 DEBUG 9756 --- [alumnos] [           main] org.hibernate.HQL_FUNCTIONS              : Time current time
2024-06-28T22:27:31.729-06:00 DEBUG 9756 --- [alumnos] [           main] org.hibernate.HQL_FUNCTIONS              : Timestamp current timestamp
2024-06-28T22:27:31.729-06:00 DEBUG 9756 --- [alumnos] [           main] org.hibernate.HQL_FUNCTIONS              : Date current_date
2024-06-28T22:27:31.729-06:00 DEBUG 9756 --- [alumnos] [           main] org.hibernate.HQL_FUNCTIONS              : Instant current_instant
2024-06-28T22:27:31.729-06:00 DEBUG 9756 --- [alumnos] [           main] org.hibernate.HQL_FUNCTIONS              : Time current_time
2024-06-28T22:27:31.729-06:00 DEBUG 9756 --- [alumnos] [           main] org.hibernate.HQL_FUNCTIONS              : Timestamp current_timestamp
2024-06-28T22:27:31.729-06:00 DEBUG 9756 --- [alumnos] [           main] org.hibernate.HQL_FUNCTIONS              : date_trunc(STRING field, TEMPORAL datetime)
2024-06-28T22:27:31.729-06:00 DEBUG 9756 --- [alumnos] [           main] org.hibernate.HQL_FUNCTIONS              : dateadd(TEMPORAL_UNIT field, INTEGER magnitude, TEMPORAL datetime)
2024-06-28T22:27:31.730-06:00 DEBUG 9756 --- [alumnos] [           main] org.hibernate.HQL_FUNCTIONS              : Long|Double datediff(TEMPORAL_UNIT field, TEMPORAL start, TEMPORAL end)
2024-06-28T22:27:31.730-06:00 DEBUG 9756 --- [alumnos] [           main] org.hibernate.HQL_FUNCTIONS              : Double degrees(NUMERIC arg)
2024-06-28T22:27:31.730-06:00 DEBUG 9756 --- [alumnos] [           main] org.hibernate.HQL_FUNCTIONS              : Long dense_rank([arg0[, ...]])
2024-06-28T22:27:31.730-06:00 DEBUG 9756 --- [alumnos] [           main] org.hibernate.HQL_FUNCTIONS              : Boolean every(BOOLEAN predicate)
2024-06-28T22:27:31.730-06:00 DEBUG 9756 --- [alumnos] [           main] org.hibernate.HQL_FUNCTIONS              : Double exp(NUMERIC arg)
2024-06-28T22:27:31.731-06:00 DEBUG 9756 --- [alumnos] [           main] org.hibernate.HQL_FUNCTIONS              : extract(TEMPORAL_UNIT field from TEMPORAL arg)
2024-06-28T22:27:31.731-06:00 DEBUG 9756 --- [alumnos] [           main] org.hibernate.HQL_FUNCTIONS              : first_valueANY value
2024-06-28T22:27:31.731-06:00 DEBUG 9756 --- [alumnos] [           main] org.hibernate.HQL_FUNCTIONS              : floor(NUMERIC arg)
2024-06-28T22:27:31.731-06:00 DEBUG 9756 --- [alumnos] [           main] org.hibernate.HQL_FUNCTIONS              : String format(TEMPORAL datetime as STRING pattern)
2024-06-28T22:27:31.731-06:00 DEBUG 9756 --- [alumnos] [           main] org.hibernate.HQL_FUNCTIONS              : greatest(COMPARABLE arg0, COMPARABLE arg1[, arg2[, ...]])
2024-06-28T22:27:31.731-06:00 DEBUG 9756 --- [alumnos] [           main] org.hibernate.HQL_FUNCTIONS              : ifnull(arg0, arg1)
2024-06-28T22:27:31.732-06:00 DEBUG 9756 --- [alumnos] [           main] org.hibernate.HQL_FUNCTIONS              : String initcap(arg)
2024-06-28T22:27:31.732-06:00 DEBUG 9756 --- [alumnos] [           main] org.hibernate.HQL_FUNCTIONS              : String insert(STRING string, INTEGER start, INTEGER length, STRING replacement)
2024-06-28T22:27:31.732-06:00 DEBUG 9756 --- [alumnos] [           main] org.hibernate.HQL_FUNCTIONS              : Instant instant
2024-06-28T22:27:31.732-06:00 DEBUG 9756 --- [alumnos] [           main] org.hibernate.HQL_FUNCTIONS              : lagANY value[, INTEGER offset[, ANY default]]
2024-06-28T22:27:31.732-06:00 DEBUG 9756 --- [alumnos] [           main] org.hibernate.HQL_FUNCTIONS              : last_valueANY value
2024-06-28T22:27:31.732-06:00 DEBUG 9756 --- [alumnos] [           main] org.hibernate.HQL_FUNCTIONS              : leadANY value[, INTEGER offset[, ANY default]]
2024-06-28T22:27:31.732-06:00 DEBUG 9756 --- [alumnos] [           main] org.hibernate.HQL_FUNCTIONS              : least(COMPARABLE arg0, COMPARABLE arg1[, arg2[, ...]])
2024-06-28T22:27:31.732-06:00 DEBUG 9756 --- [alumnos] [           main] org.hibernate.HQL_FUNCTIONS              : String left(STRING string, INTEGER length)
2024-06-28T22:27:31.732-06:00 DEBUG 9756 --- [alumnos] [           main] org.hibernate.HQL_FUNCTIONS              : Integer length(STRING_OR_CLOB arg)
2024-06-28T22:27:31.732-06:00 DEBUG 9756 --- [alumnos] [           main] org.hibernate.HQL_FUNCTIONS              : String listagg(STRING arg0, STRING arg1)
2024-06-28T22:27:31.732-06:00 DEBUG 9756 --- [alumnos] [           main] org.hibernate.HQL_FUNCTIONS              : Double ln(NUMERIC arg)
2024-06-28T22:27:31.732-06:00 DEBUG 9756 --- [alumnos] [           main] org.hibernate.HQL_FUNCTIONS              : LocalDate local date
2024-06-28T22:27:31.732-06:00 DEBUG 9756 --- [alumnos] [           main] org.hibernate.HQL_FUNCTIONS              : LocalDateTime local datetime
2024-06-28T22:27:31.732-06:00 DEBUG 9756 --- [alumnos] [           main] org.hibernate.HQL_FUNCTIONS              : LocalTime local time
2024-06-28T22:27:31.732-06:00 DEBUG 9756 --- [alumnos] [           main] org.hibernate.HQL_FUNCTIONS              : LocalDate local_date
2024-06-28T22:27:31.732-06:00 DEBUG 9756 --- [alumnos] [           main] org.hibernate.HQL_FUNCTIONS              : LocalDateTime local_datetime
2024-06-28T22:27:31.732-06:00 DEBUG 9756 --- [alumnos] [           main] org.hibernate.HQL_FUNCTIONS              : LocalTime local_time
2024-06-28T22:27:31.732-06:00 DEBUG 9756 --- [alumnos] [           main] org.hibernate.HQL_FUNCTIONS              : Time localtime
2024-06-28T22:27:31.733-06:00 DEBUG 9756 --- [alumnos] [           main] org.hibernate.HQL_FUNCTIONS              : Timestamp localtimestamp
2024-06-28T22:27:31.733-06:00 DEBUG 9756 --- [alumnos] [           main] org.hibernate.HQL_FUNCTIONS              : Integer locate(STRING pattern, STRING string[, INTEGER start])
2024-06-28T22:27:31.733-06:00 DEBUG 9756 --- [alumnos] [           main] org.hibernate.HQL_FUNCTIONS              : Double log(NUMERIC arg0[, NUMERIC arg1])
2024-06-28T22:27:31.733-06:00 DEBUG 9756 --- [alumnos] [           main] org.hibernate.HQL_FUNCTIONS              : Double log10(NUMERIC arg)
2024-06-28T22:27:31.733-06:00 DEBUG 9756 --- [alumnos] [           main] org.hibernate.HQL_FUNCTIONS              : String lower(STRING string)
2024-06-28T22:27:31.733-06:00 DEBUG 9756 --- [alumnos] [           main] org.hibernate.HQL_FUNCTIONS              : String lpad(STRING string, INTEGER length[, STRING padding])
2024-06-28T22:27:31.733-06:00 DEBUG 9756 --- [alumnos] [           main] org.hibernate.HQL_FUNCTIONS              : String ltrim(STRING string[, STRING characters])
2024-06-28T22:27:31.733-06:00 DEBUG 9756 --- [alumnos] [           main] org.hibernate.HQL_FUNCTIONS              : Date make_date(INTEGER arg0, INTEGER arg1, INTEGER arg2)
2024-06-28T22:27:31.733-06:00 DEBUG 9756 --- [alumnos] [           main] org.hibernate.HQL_FUNCTIONS              : Time make_time(INTEGER arg0, INTEGER arg1, INTEGER arg2)
2024-06-28T22:27:31.734-06:00 DEBUG 9756 --- [alumnos] [           main] org.hibernate.HQL_FUNCTIONS              : Timestamp make_timestamp(INTEGER arg0, INTEGER arg1, INTEGER arg2, INTEGER arg3, INTEGER arg4, INTEGER arg5)
2024-06-28T22:27:31.734-06:00 DEBUG 9756 --- [alumnos] [           main] org.hibernate.HQL_FUNCTIONS              : Timestamp make_timestamptz(INTEGER arg0, INTEGER arg1, INTEGER arg2, INTEGER arg3, INTEGER arg4, INTEGER arg5[, INTEGER arg6])
2024-06-28T22:27:31.734-06:00 DEBUG 9756 --- [alumnos] [           main] org.hibernate.HQL_FUNCTIONS              : max(COMPARABLE arg)
2024-06-28T22:27:31.734-06:00 DEBUG 9756 --- [alumnos] [           main] org.hibernate.HQL_FUNCTIONS              : String md5(arg)
2024-06-28T22:27:31.734-06:00 DEBUG 9756 --- [alumnos] [           main] org.hibernate.HQL_FUNCTIONS              : Double median(NUMERIC arg)
2024-06-28T22:27:31.734-06:00 DEBUG 9756 --- [alumnos] [           main] org.hibernate.HQL_FUNCTIONS              : min(COMPARABLE arg)
2024-06-28T22:27:31.734-06:00 DEBUG 9756 --- [alumnos] [           main] org.hibernate.HQL_FUNCTIONS              : Integer mod(INTEGER arg0, INTEGER arg1)
2024-06-28T22:27:31.734-06:00 DEBUG 9756 --- [alumnos] [           main] org.hibernate.HQL_FUNCTIONS              : mode()
2024-06-28T22:27:31.735-06:00 DEBUG 9756 --- [alumnos] [           main] org.hibernate.HQL_FUNCTIONS              : nth_valueANY value, INTEGER nth
2024-06-28T22:27:31.735-06:00 DEBUG 9756 --- [alumnos] [           main] org.hibernate.HQL_FUNCTIONS              : nullif(arg0, arg1)
2024-06-28T22:27:31.735-06:00 DEBUG 9756 --- [alumnos] [           main] org.hibernate.HQL_FUNCTIONS              : Integer octet_length(STRING_OR_CLOB arg)
2024-06-28T22:27:31.735-06:00 DEBUG 9756 --- [alumnos] [           main] org.hibernate.HQL_FUNCTIONS              : OffsetDateTime offset datetime
2024-06-28T22:27:31.735-06:00 DEBUG 9756 --- [alumnos] [           main] org.hibernate.HQL_FUNCTIONS              : OffsetDateTime offset_datetime
2024-06-28T22:27:31.735-06:00 DEBUG 9756 --- [alumnos] [           main] org.hibernate.HQL_FUNCTIONS              : String overlay(string placing replacement from start[ for length])
2024-06-28T22:27:31.735-06:00 DEBUG 9756 --- [alumnos] [           main] org.hibernate.HQL_FUNCTIONS              : String pad(STRING string with INTEGER length {leading|trailing}[ STRING character])
2024-06-28T22:27:31.735-06:00 DEBUG 9756 --- [alumnos] [           main] org.hibernate.HQL_FUNCTIONS              : Double percent_rank([arg0[, ...]])
2024-06-28T22:27:31.735-06:00 DEBUG 9756 --- [alumnos] [           main] org.hibernate.HQL_FUNCTIONS              : percentile_cont(NUMERIC arg)
2024-06-28T22:27:31.735-06:00 DEBUG 9756 --- [alumnos] [           main] org.hibernate.HQL_FUNCTIONS              : percentile_disc(NUMERIC arg)
2024-06-28T22:27:31.735-06:00 DEBUG 9756 --- [alumnos] [           main] org.hibernate.HQL_FUNCTIONS              : Double pi
2024-06-28T22:27:31.735-06:00 DEBUG 9756 --- [alumnos] [           main] org.hibernate.HQL_FUNCTIONS              : Integer position(STRING pattern in STRING string)
2024-06-28T22:27:31.735-06:00 DEBUG 9756 --- [alumnos] [           main] org.hibernate.HQL_FUNCTIONS              : Double power(NUMERIC arg0, NUMERIC arg1)
2024-06-28T22:27:31.736-06:00 DEBUG 9756 --- [alumnos] [           main] org.hibernate.HQL_FUNCTIONS              : Double radians(NUMERIC arg)
2024-06-28T22:27:31.736-06:00 DEBUG 9756 --- [alumnos] [           main] org.hibernate.HQL_FUNCTIONS              : Long rank([arg0[, ...]])
2024-06-28T22:27:31.736-06:00 DEBUG 9756 --- [alumnos] [           main] org.hibernate.HQL_FUNCTIONS              : Double regr_avgx(NUMERIC arg0, NUMERIC arg1)
2024-06-28T22:27:31.736-06:00 DEBUG 9756 --- [alumnos] [           main] org.hibernate.HQL_FUNCTIONS              : Double regr_avgy(NUMERIC arg0, NUMERIC arg1)
2024-06-28T22:27:31.736-06:00 DEBUG 9756 --- [alumnos] [           main] org.hibernate.HQL_FUNCTIONS              : Double regr_count(NUMERIC arg0, NUMERIC arg1)
2024-06-28T22:27:31.736-06:00 DEBUG 9756 --- [alumnos] [           main] org.hibernate.HQL_FUNCTIONS              : Double regr_intercept(NUMERIC arg0, NUMERIC arg1)
2024-06-28T22:27:31.736-06:00 DEBUG 9756 --- [alumnos] [           main] org.hibernate.HQL_FUNCTIONS              : Double regr_r2(NUMERIC arg0, NUMERIC arg1)
2024-06-28T22:27:31.736-06:00 DEBUG 9756 --- [alumnos] [           main] org.hibernate.HQL_FUNCTIONS              : Double regr_slope(NUMERIC arg0, NUMERIC arg1)
2024-06-28T22:27:31.736-06:00 DEBUG 9756 --- [alumnos] [           main] org.hibernate.HQL_FUNCTIONS              : Double regr_sxx(NUMERIC arg0, NUMERIC arg1)
2024-06-28T22:27:31.736-06:00 DEBUG 9756 --- [alumnos] [           main] org.hibernate.HQL_FUNCTIONS              : Double regr_sxy(NUMERIC arg0, NUMERIC arg1)
2024-06-28T22:27:31.736-06:00 DEBUG 9756 --- [alumnos] [           main] org.hibernate.HQL_FUNCTIONS              : Double regr_syy(NUMERIC arg0, NUMERIC arg1)
2024-06-28T22:27:31.737-06:00 DEBUG 9756 --- [alumnos] [           main] org.hibernate.HQL_FUNCTIONS              : String repeat(STRING string, INTEGER times)
2024-06-28T22:27:31.737-06:00 DEBUG 9756 --- [alumnos] [           main] org.hibernate.HQL_FUNCTIONS              : String replace(STRING string, STRING pattern, STRING replacement)
2024-06-28T22:27:31.737-06:00 DEBUG 9756 --- [alumnos] [           main] org.hibernate.HQL_FUNCTIONS              : String right(STRING string, INTEGER length)
2024-06-28T22:27:31.737-06:00 DEBUG 9756 --- [alumnos] [           main] org.hibernate.HQL_FUNCTIONS              : round(NUMERIC number[, INTEGER places])
2024-06-28T22:27:31.737-06:00 DEBUG 9756 --- [alumnos] [           main] org.hibernate.HQL_FUNCTIONS              : Long row_number()
2024-06-28T22:27:31.737-06:00 DEBUG 9756 --- [alumnos] [           main] org.hibernate.HQL_FUNCTIONS              : String rpad(STRING string, INTEGER length[, STRING padding])
2024-06-28T22:27:31.737-06:00 DEBUG 9756 --- [alumnos] [           main] org.hibernate.HQL_FUNCTIONS              : String rtrim(STRING string[, STRING characters])
2024-06-28T22:27:31.737-06:00 DEBUG 9756 --- [alumnos] [           main] org.hibernate.HQL_FUNCTIONS              : Integer sign(NUMERIC arg)
2024-06-28T22:27:31.737-06:00 DEBUG 9756 --- [alumnos] [           main] org.hibernate.HQL_FUNCTIONS              : Double sin(NUMERIC arg)
2024-06-28T22:27:31.737-06:00 DEBUG 9756 --- [alumnos] [           main] org.hibernate.HQL_FUNCTIONS              : Double sinh(NUMERIC arg)
2024-06-28T22:27:31.737-06:00 DEBUG 9756 --- [alumnos] [           main] org.hibernate.HQL_FUNCTIONS              : String soundex(arg)
2024-06-28T22:27:31.737-06:00 DEBUG 9756 --- [alumnos] [           main] org.hibernate.HQL_FUNCTIONS              : Object sql
2024-06-28T22:27:31.737-06:00 DEBUG 9756 --- [alumnos] [           main] org.hibernate.HQL_FUNCTIONS              : Double sqrt(NUMERIC arg)
2024-06-28T22:27:31.737-06:00 DEBUG 9756 --- [alumnos] [           main] org.hibernate.HQL_FUNCTIONS              : Double stddev(NUMERIC arg)
2024-06-28T22:27:31.738-06:00 DEBUG 9756 --- [alumnos] [           main] org.hibernate.HQL_FUNCTIONS              : Double stddev_pop(NUMERIC arg)
2024-06-28T22:27:31.738-06:00 DEBUG 9756 --- [alumnos] [           main] org.hibernate.HQL_FUNCTIONS              : Double stddev_samp(NUMERIC arg)
2024-06-28T22:27:31.738-06:00 DEBUG 9756 --- [alumnos] [           main] org.hibernate.HQL_FUNCTIONS              : String str(arg)
2024-06-28T22:27:31.738-06:00 DEBUG 9756 --- [alumnos] [           main] org.hibernate.HQL_FUNCTIONS              : String substr(STRING string, INTEGER start[, INTEGER length])
2024-06-28T22:27:31.738-06:00 DEBUG 9756 --- [alumnos] [           main] org.hibernate.HQL_FUNCTIONS              : String substring(STRING string{ from|,} INTEGER start[{ for|,} INTEGER length])
2024-06-28T22:27:31.738-06:00 DEBUG 9756 --- [alumnos] [           main] org.hibernate.HQL_FUNCTIONS              : sum(arg)
2024-06-28T22:27:31.738-06:00 DEBUG 9756 --- [alumnos] [           main] org.hibernate.HQL_FUNCTIONS              : Double tan(NUMERIC arg)
2024-06-28T22:27:31.738-06:00 DEBUG 9756 --- [alumnos] [           main] org.hibernate.HQL_FUNCTIONS              : Double tanh(NUMERIC arg)
2024-06-28T22:27:31.738-06:00 DEBUG 9756 --- [alumnos] [           main] org.hibernate.HQL_FUNCTIONS              : timestampadd(TEMPORAL_UNIT field, INTEGER magnitude, TEMPORAL datetime)
2024-06-28T22:27:31.738-06:00 DEBUG 9756 --- [alumnos] [           main] org.hibernate.HQL_FUNCTIONS              : Long|Double timestampdiff(TEMPORAL_UNIT field, TEMPORAL start, TEMPORAL end)
2024-06-28T22:27:31.738-06:00 DEBUG 9756 --- [alumnos] [           main] org.hibernate.HQL_FUNCTIONS              : String to_char(ANY arg0[, STRING arg1, STRING arg2])
2024-06-28T22:27:31.739-06:00 DEBUG 9756 --- [alumnos] [           main] org.hibernate.HQL_FUNCTIONS              : Date to_date(STRING arg0[, STRING arg1, STRING arg2])
2024-06-28T22:27:31.739-06:00 DEBUG 9756 --- [alumnos] [           main] org.hibernate.HQL_FUNCTIONS              : Double to_number(STRING arg0[, STRING arg1, STRING arg2])
2024-06-28T22:27:31.739-06:00 DEBUG 9756 --- [alumnos] [           main] org.hibernate.HQL_FUNCTIONS              : Timestamp to_timestamp(STRING arg0[, STRING arg1, STRING arg2])
2024-06-28T22:27:31.739-06:00 DEBUG 9756 --- [alumnos] [           main] org.hibernate.HQL_FUNCTIONS              : String translate(STRING arg0, STRING arg1, STRING arg2)
2024-06-28T22:27:31.739-06:00 DEBUG 9756 --- [alumnos] [           main] org.hibernate.HQL_FUNCTIONS              : String trim([[{leading|trailing|both} ][STRING arg0 ]from] STRING arg1)
2024-06-28T22:27:31.739-06:00 DEBUG 9756 --- [alumnos] [           main] org.hibernate.HQL_FUNCTIONS              : trunc( ... )
2024-06-28T22:27:31.739-06:00 DEBUG 9756 --- [alumnos] [           main] org.hibernate.HQL_FUNCTIONS              : truncate( ... )
2024-06-28T22:27:31.739-06:00 DEBUG 9756 --- [alumnos] [           main] org.hibernate.HQL_FUNCTIONS              : String upper(STRING string)
2024-06-28T22:27:31.739-06:00 DEBUG 9756 --- [alumnos] [           main] org.hibernate.HQL_FUNCTIONS              : Double var_pop(NUMERIC arg)
2024-06-28T22:27:31.739-06:00 DEBUG 9756 --- [alumnos] [           main] org.hibernate.HQL_FUNCTIONS              : Double var_samp(NUMERIC arg)
2024-06-28T22:27:31.739-06:00 DEBUG 9756 --- [alumnos] [           main] org.hibernate.HQL_FUNCTIONS              : Double variance(NUMERIC arg)
2024-06-28T22:27:31.745-06:00 DEBUG 9756 --- [alumnos] [           main] org.hibernate.orm.query.plan.cache       : Starting QueryInterpretationCache(2048)
2024-06-28T22:27:31.844-06:00 DEBUG 9756 --- [alumnos] [           main] .h.s.i.SessionFactoryServiceRegistryImpl : EventListenerRegistry access via ServiceRegistry is deprecated.  Use `sessionFactory.getEventEngine().getListenerRegistry()` instead
2024-06-28T22:27:31.847-06:00 DEBUG 9756 --- [alumnos] [           main] h.e.i.EntityCopyObserverFactoryInitiator : Configured EntityCopyObserver strategy: disallow
2024-06-28T22:27:31.965-06:00 DEBUG 9756 --- [alumnos] [           main] o.h.boot.internal.ClassLoaderAccessImpl  : Not known whether passed class name [com.ipn.mx.domain.entity.Usuario] is safe
2024-06-28T22:27:31.965-06:00 DEBUG 9756 --- [alumnos] [           main] o.h.boot.internal.ClassLoaderAccessImpl  : No temp ClassLoader provided; using live ClassLoader for loading potentially unsafe class : com.ipn.mx.domain.entity.Usuario
2024-06-28T22:27:32.221-06:00 DEBUG 9756 --- [alumnos] [           main] o.h.b.i.bytebuddy.BytecodeProviderImpl   : HHH000513: Unable to create the ReflectionOptimizer for [com.ipn.mx.domain.entity.Usuario]: private accessor [email]
2024-06-28T22:27:32.279-06:00 DEBUG 9756 --- [alumnos] [           main] o.hibernate.orm.model.mapping.creation   : Starting post-init callbacks
2024-06-28T22:27:32.279-06:00 DEBUG 9756 --- [alumnos] [           main] o.hibernate.orm.model.mapping.creation   : Starting PostInitCallbackEntry : Entity(com.ipn.mx.domain.entity.Usuario) `staticFetchableList` generator
2024-06-28T22:27:32.407-06:00 DEBUG 9756 --- [alumnos] [           main] org.hibernate.orm.sql.ast.create         : Created new SQL alias : u1_0
2024-06-28T22:27:32.410-06:00 DEBUG 9756 --- [alumnos] [           main] org.hibernate.orm.sql.ast.create         : Registration of TableGroup [StandardTableGroup(com.ipn.mx.domain.entity.Usuario)] with identifierForTableGroup [com.ipn.mx.domain.entity.Usuario] for NavigablePath [com.ipn.mx.domain.entity.Usuario] 
2024-06-28T22:27:32.432-06:00 DEBUG 9756 --- [alumnos] [           main] org.hibernate.orm.results.graph.AST      : DomainResult Graph:
 \-EntityResultImpl [com.ipn.mx.domain.entity.Usuario]
 |  +-BasicFetch [com.ipn.mx.domain.entity.Usuario.email]
 |  +-BasicFetch [com.ipn.mx.domain.entity.Usuario.materno]
 |  +-BasicFetch [com.ipn.mx.domain.entity.Usuario.nombre]
 |  \-BasicFetch [com.ipn.mx.domain.entity.Usuario.paterno]

2024-06-28T22:27:32.436-06:00 DEBUG 9756 --- [alumnos] [           main] org.hibernate.orm.sql.ast.tree           : SQL AST Tree:
    SelectStatement {
      FromClause {
        StandardTableGroup (u1 : com.ipn.mx.domain.entity.Usuario) {
          primaryTableReference : usuarios as u1_0
        }
      }
    }

2024-06-28T22:27:32.450-06:00 DEBUG 9756 --- [alumnos] [           main] o.h.p.entity.AbstractEntityPersister     : Static SQL for entity: com.ipn.mx.domain.entity.Usuario
2024-06-28T22:27:32.450-06:00 DEBUG 9756 --- [alumnos] [           main] o.h.p.entity.AbstractEntityPersister     :  Version select: select idusuario from usuarios where idusuario=?
2024-06-28T22:27:32.450-06:00 DEBUG 9756 --- [alumnos] [           main] o.h.p.entity.AbstractEntityPersister     :  Insert (0): insert into usuarios (email,materno,nombre,paterno) values (?,?,?,?) returning idusuario
2024-06-28T22:27:32.450-06:00 DEBUG 9756 --- [alumnos] [           main] o.h.p.entity.AbstractEntityPersister     :  Update (0): update usuarios set email=?,materno=?,nombre=?,paterno=? where idusuario=?
2024-06-28T22:27:32.450-06:00 DEBUG 9756 --- [alumnos] [           main] o.h.p.entity.AbstractEntityPersister     :  Delete (0): delete from usuarios where idusuario=?
2024-06-28T22:27:32.493-06:00  INFO 9756 --- [alumnos] [           main] o.h.e.t.j.p.i.JtaPlatformInitiator       : HHH000489: No JTA platform available (set 'hibernate.transaction.jta.platform' to enable JTA platform integration)
2024-06-28T22:27:32.493-06:00 DEBUG 9756 --- [alumnos] [           main] o.h.type.spi.TypeConfiguration$Scope     : Scoping TypeConfiguration [org.hibernate.type.spi.TypeConfiguration@537b3be1] to SessionFactoryImplementor [org.hibernate.internal.SessionFactoryImpl@633cad4d]
2024-06-28T22:27:32.503-06:00 DEBUG 9756 --- [alumnos] [           main] o.h.query.named.NamedObjectRepository    : Checking 0 named HQL queries
2024-06-28T22:27:32.503-06:00 DEBUG 9756 --- [alumnos] [           main] o.h.query.named.NamedObjectRepository    : Checking 0 named SQL queries
2024-06-28T22:27:32.868-06:00 DEBUG 9756 --- [alumnos] [           main] org.hibernate.mapping.Table              : No alter strings for table : usuarios
2024-06-28T22:27:32.871-06:00 DEBUG 9756 --- [alumnos] [           main] o.h.internal.SessionFactoryRegistry      : Initializing SessionFactoryRegistry : org.hibernate.internal.SessionFactoryRegistry@5e557671
2024-06-28T22:27:32.871-06:00 DEBUG 9756 --- [alumnos] [           main] o.h.internal.SessionFactoryRegistry      : Registering SessionFactory: 0c0245fc-f176-4a37-ad7f-35f2f036b362 (<unnamed>)
2024-06-28T22:27:32.871-06:00 DEBUG 9756 --- [alumnos] [           main] o.h.internal.SessionFactoryRegistry      : Not binding SessionFactory to JNDI, no JNDI name configured
2024-06-28T22:27:32.871-06:00 DEBUG 9756 --- [alumnos] [           main] o.hibernate.internal.SessionFactoryImpl  : Instantiated SessionFactory
2024-06-28T22:27:32.871-06:00  INFO 9756 --- [alumnos] [           main] j.LocalContainerEntityManagerFactoryBean : Initialized JPA EntityManagerFactory for persistence unit 'default'
2024-06-28T22:27:33.086-06:00 DEBUG 9756 --- [alumnos] [           main] o.h.stat.internal.StatisticsInitiator    : Statistics initialized [enabled=false]
2024-06-28T22:27:33.312-06:00 DEBUG 9756 --- [alumnos] [           main] cResourceLocalTransactionCoordinatorImpl : JDBC transaction marked for rollback-only (exception provided for stack trace)

java.lang.Exception: exception just for purpose of providing stack trace
	at org.hibernate.resource.transaction.backend.jdbc.internal.JdbcResourceLocalTransactionCoordinatorImpl$TransactionDriverControlImpl.markRollbackOnly(JdbcResourceLocalTransactionCoordinatorImpl.java:309) ~[hibernate-core-6.5.2.Final.jar:6.5.2.Final]
	at org.hibernate.internal.AbstractSharedSessionContract.buildNamedQuery(AbstractSharedSessionContract.java:1109) ~[hibernate-core-6.5.2.Final.jar:6.5.2.Final]
	at org.hibernate.internal.AbstractSharedSessionContract.createNamedQuery(AbstractSharedSessionContract.java:987) ~[hibernate-core-6.5.2.Final.jar:6.5.2.Final]
	at org.hibernate.internal.AbstractSharedSessionContract.createNamedQuery(AbstractSharedSessionContract.java:140) ~[hibernate-core-6.5.2.Final.jar:6.5.2.Final]
	at java.base/jdk.internal.reflect.NativeMethodAccessorImpl.invoke0(Native Method) ~[na:na]
	at java.base/jdk.internal.reflect.NativeMethodAccessorImpl.invoke(NativeMethodAccessorImpl.java:77) ~[na:na]
	at java.base/jdk.internal.reflect.DelegatingMethodAccessorImpl.invoke(DelegatingMethodAccessorImpl.java:43) ~[na:na]
	at java.base/java.lang.reflect.Method.invoke(Method.java:568) ~[na:na]
	at org.springframework.orm.jpa.ExtendedEntityManagerCreator$ExtendedEntityManagerInvocationHandler.invoke(ExtendedEntityManagerCreator.java:364) ~[spring-orm-6.1.10.jar:6.1.10]
	at jdk.proxy2/jdk.proxy2.$Proxy118.createNamedQuery(Unknown Source) ~[na:na]
	at org.springframework.data.jpa.repository.query.NamedQuery.hasNamedQuery(NamedQuery.java:112) ~[spring-data-jpa-3.3.1.jar:3.3.1]
	at org.springframework.data.jpa.repository.query.NamedQuery.lookupFrom(NamedQuery.java:138) ~[spring-data-jpa-3.3.1.jar:3.3.1]
	at org.springframework.data.jpa.repository.query.JpaQueryLookupStrategy$DeclaredQueryLookupStrategy.resolveQuery(JpaQueryLookupStrategy.java:180) ~[spring-data-jpa-3.3.1.jar:3.3.1]
	at org.springframework.data.jpa.repository.query.JpaQueryLookupStrategy$CreateIfNotFoundQueryLookupStrategy.resolveQuery(JpaQueryLookupStrategy.java:252) ~[spring-data-jpa-3.3.1.jar:3.3.1]
	at org.springframework.data.jpa.repository.query.JpaQueryLookupStrategy$AbstractQueryLookupStrategy.resolveQuery(JpaQueryLookupStrategy.java:95) ~[spring-data-jpa-3.3.1.jar:3.3.1]
	at org.springframework.data.repository.core.support.QueryExecutorMethodInterceptor.lookupQuery(QueryExecutorMethodInterceptor.java:111) ~[spring-data-commons-3.3.1.jar:3.3.1]
	at org.springframework.data.repository.core.support.QueryExecutorMethodInterceptor.mapMethodsToQuery(QueryExecutorMethodInterceptor.java:99) ~[spring-data-commons-3.3.1.jar:3.3.1]
	at org.springframework.data.repository.core.support.QueryExecutorMethodInterceptor.lambda$new$0(QueryExecutorMethodInterceptor.java:88) ~[spring-data-commons-3.3.1.jar:3.3.1]
	at java.base/java.util.Optional.map(Optional.java:260) ~[na:na]
	at org.springframework.data.repository.core.support.QueryExecutorMethodInterceptor.<init>(QueryExecutorMethodInterceptor.java:88) ~[spring-data-commons-3.3.1.jar:3.3.1]
	at org.springframework.data.repository.core.support.RepositoryFactorySupport.getRepository(RepositoryFactorySupport.java:357) ~[spring-data-commons-3.3.1.jar:3.3.1]
	at org.springframework.data.repository.core.support.RepositoryFactoryBeanSupport.lambda$afterPropertiesSet$5(RepositoryFactoryBeanSupport.java:286) ~[spring-data-commons-3.3.1.jar:3.3.1]
	at org.springframework.data.util.Lazy.getNullable(Lazy.java:135) ~[spring-data-commons-3.3.1.jar:3.3.1]
	at org.springframework.data.util.Lazy.get(Lazy.java:113) ~[spring-data-commons-3.3.1.jar:3.3.1]
	at org.springframework.data.repository.core.support.RepositoryFactoryBeanSupport.afterPropertiesSet(RepositoryFactoryBeanSupport.java:292) ~[spring-data-commons-3.3.1.jar:3.3.1]
	at org.springframework.data.jpa.repository.support.JpaRepositoryFactoryBean.afterPropertiesSet(JpaRepositoryFactoryBean.java:132) ~[spring-data-jpa-3.3.1.jar:3.3.1]
	at org.springframework.beans.factory.support.AbstractAutowireCapableBeanFactory.invokeInitMethods(AbstractAutowireCapableBeanFactory.java:1835) ~[spring-beans-6.1.10.jar:6.1.10]
	at org.springframework.beans.factory.support.AbstractAutowireCapableBeanFactory.initializeBean(AbstractAutowireCapableBeanFactory.java:1784) ~[spring-beans-6.1.10.jar:6.1.10]
	at org.springframework.beans.factory.support.AbstractAutowireCapableBeanFactory.doCreateBean(AbstractAutowireCapableBeanFactory.java:600) ~[spring-beans-6.1.10.jar:6.1.10]
	at org.springframework.beans.factory.support.AbstractAutowireCapableBeanFactory.createBean(AbstractAutowireCapableBeanFactory.java:522) ~[spring-beans-6.1.10.jar:6.1.10]
	at org.springframework.beans.factory.support.AbstractBeanFactory.lambda$doGetBean$0(AbstractBeanFactory.java:337) ~[spring-beans-6.1.10.jar:6.1.10]
	at org.springframework.beans.factory.support.DefaultSingletonBeanRegistry.getSingleton(DefaultSingletonBeanRegistry.java:234) ~[spring-beans-6.1.10.jar:6.1.10]
	at org.springframework.beans.factory.support.AbstractBeanFactory.doGetBean(AbstractBeanFactory.java:335) ~[spring-beans-6.1.10.jar:6.1.10]
	at org.springframework.beans.factory.support.AbstractBeanFactory.getBean(AbstractBeanFactory.java:200) ~[spring-beans-6.1.10.jar:6.1.10]
	at org.springframework.beans.factory.config.DependencyDescriptor.resolveCandidate(DependencyDescriptor.java:254) ~[spring-beans-6.1.10.jar:6.1.10]
	at org.springframework.beans.factory.support.DefaultListableBeanFactory.doResolveDependency(DefaultListableBeanFactory.java:1443) ~[spring-beans-6.1.10.jar:6.1.10]
	at org.springframework.beans.factory.support.DefaultListableBeanFactory.resolveDependency(DefaultListableBeanFactory.java:1353) ~[spring-beans-6.1.10.jar:6.1.10]
	at org.springframework.beans.factory.annotation.AutowiredAnnotationBeanPostProcessor$AutowiredFieldElement.resolveFieldValue(AutowiredAnnotationBeanPostProcessor.java:784) ~[spring-beans-6.1.10.jar:6.1.10]
	at org.springframework.beans.factory.annotation.AutowiredAnnotationBeanPostProcessor$AutowiredFieldElement.inject(AutowiredAnnotationBeanPostProcessor.java:767) ~[spring-beans-6.1.10.jar:6.1.10]
	at org.springframework.beans.factory.annotation.InjectionMetadata.inject(InjectionMetadata.java:145) ~[spring-beans-6.1.10.jar:6.1.10]
	at org.springframework.beans.factory.annotation.AutowiredAnnotationBeanPostProcessor.postProcessProperties(AutowiredAnnotationBeanPostProcessor.java:508) ~[spring-beans-6.1.10.jar:6.1.10]
	at org.springframework.beans.factory.support.AbstractAutowireCapableBeanFactory.populateBean(AbstractAutowireCapableBeanFactory.java:1421) ~[spring-beans-6.1.10.jar:6.1.10]
	at org.springframework.beans.factory.support.AbstractAutowireCapableBeanFactory.doCreateBean(AbstractAutowireCapableBeanFactory.java:599) ~[spring-beans-6.1.10.jar:6.1.10]
	at org.springframework.beans.factory.support.AbstractAutowireCapableBeanFactory.createBean(AbstractAutowireCapableBeanFactory.java:522) ~[spring-beans-6.1.10.jar:6.1.10]
	at org.springframework.beans.factory.support.AbstractBeanFactory.lambda$doGetBean$0(AbstractBeanFactory.java:337) ~[spring-beans-6.1.10.jar:6.1.10]
	at org.springframework.beans.factory.support.DefaultSingletonBeanRegistry.getSingleton(DefaultSingletonBeanRegistry.java:234) ~[spring-beans-6.1.10.jar:6.1.10]
	at org.springframework.beans.factory.support.AbstractBeanFactory.doGetBean(AbstractBeanFactory.java:335) ~[spring-beans-6.1.10.jar:6.1.10]
	at org.springframework.beans.factory.support.AbstractBeanFactory.getBean(AbstractBeanFactory.java:200) ~[spring-beans-6.1.10.jar:6.1.10]
	at org.springframework.beans.factory.config.DependencyDescriptor.resolveCandidate(DependencyDescriptor.java:254) ~[spring-beans-6.1.10.jar:6.1.10]
	at org.springframework.beans.factory.support.DefaultListableBeanFactory.doResolveDependency(DefaultListableBeanFactory.java:1443) ~[spring-beans-6.1.10.jar:6.1.10]
	at org.springframework.beans.factory.support.DefaultListableBeanFactory.resolveDependency(DefaultListableBeanFactory.java:1353) ~[spring-beans-6.1.10.jar:6.1.10]
	at org.springframework.beans.factory.annotation.AutowiredAnnotationBeanPostProcessor$AutowiredFieldElement.resolveFieldValue(AutowiredAnnotationBeanPostProcessor.java:784) ~[spring-beans-6.1.10.jar:6.1.10]
	at org.springframework.beans.factory.annotation.AutowiredAnnotationBeanPostProcessor$AutowiredFieldElement.inject(AutowiredAnnotationBeanPostProcessor.java:767) ~[spring-beans-6.1.10.jar:6.1.10]
	at org.springframework.beans.factory.annotation.InjectionMetadata.inject(InjectionMetadata.java:145) ~[spring-beans-6.1.10.jar:6.1.10]
	at org.springframework.beans.factory.annotation.AutowiredAnnotationBeanPostProcessor.postProcessProperties(AutowiredAnnotationBeanPostProcessor.java:508) ~[spring-beans-6.1.10.jar:6.1.10]
	at org.springframework.beans.factory.support.AbstractAutowireCapableBeanFactory.populateBean(AbstractAutowireCapableBeanFactory.java:1421) ~[spring-beans-6.1.10.jar:6.1.10]
	at org.springframework.beans.factory.support.AbstractAutowireCapableBeanFactory.doCreateBean(AbstractAutowireCapableBeanFactory.java:599) ~[spring-beans-6.1.10.jar:6.1.10]
	at org.springframework.beans.factory.support.AbstractAutowireCapableBeanFactory.createBean(AbstractAutowireCapableBeanFactory.java:522) ~[spring-beans-6.1.10.jar:6.1.10]
	at org.springframework.beans.factory.support.AbstractBeanFactory.lambda$doGetBean$0(AbstractBeanFactory.java:337) ~[spring-beans-6.1.10.jar:6.1.10]
	at org.springframework.beans.factory.support.DefaultSingletonBeanRegistry.getSingleton(DefaultSingletonBeanRegistry.java:234) ~[spring-beans-6.1.10.jar:6.1.10]
	at org.springframework.beans.factory.support.AbstractBeanFactory.doGetBean(AbstractBeanFactory.java:335) ~[spring-beans-6.1.10.jar:6.1.10]
	at org.springframework.beans.factory.support.AbstractBeanFactory.getBean(AbstractBeanFactory.java:200) ~[spring-beans-6.1.10.jar:6.1.10]
	at org.springframework.beans.factory.support.DefaultListableBeanFactory.preInstantiateSingletons(DefaultListableBeanFactory.java:975) ~[spring-beans-6.1.10.jar:6.1.10]
	at org.springframework.context.support.AbstractApplicationContext.finishBeanFactoryInitialization(AbstractApplicationContext.java:962) ~[spring-context-6.1.10.jar:6.1.10]
	at org.springframework.context.support.AbstractApplicationContext.refresh(AbstractApplicationContext.java:624) ~[spring-context-6.1.10.jar:6.1.10]
	at org.springframework.boot.SpringApplication.refresh(SpringApplication.java:754) ~[spring-boot-3.3.1.jar:3.3.1]
	at org.springframework.boot.SpringApplication.refreshContext(SpringApplication.java:456) ~[spring-boot-3.3.1.jar:3.3.1]
	at org.springframework.boot.SpringApplication.run(SpringApplication.java:335) ~[spring-boot-3.3.1.jar:3.3.1]
	at org.springframework.boot.test.context.SpringBootContextLoader.lambda$loadContext$3(SpringBootContextLoader.java:137) ~[spring-boot-test-3.3.1.jar:3.3.1]
	at org.springframework.util.function.ThrowingSupplier.get(ThrowingSupplier.java:58) ~[spring-core-6.1.10.jar:6.1.10]
	at org.springframework.util.function.ThrowingSupplier.get(ThrowingSupplier.java:46) ~[spring-core-6.1.10.jar:6.1.10]
	at org.springframework.boot.SpringApplication.withHook(SpringApplication.java:1463) ~[spring-boot-3.3.1.jar:3.3.1]
	at org.springframework.boot.test.context.SpringBootContextLoader$ContextLoaderHook.run(SpringBootContextLoader.java:553) ~[spring-boot-test-3.3.1.jar:3.3.1]
	at org.springframework.boot.test.context.SpringBootContextLoader.loadContext(SpringBootContextLoader.java:137) ~[spring-boot-test-3.3.1.jar:3.3.1]
	at org.springframework.boot.test.context.SpringBootContextLoader.loadContext(SpringBootContextLoader.java:108) ~[spring-boot-test-3.3.1.jar:3.3.1]
	at org.springframework.test.context.cache.DefaultCacheAwareContextLoaderDelegate.loadContextInternal(DefaultCacheAwareContextLoaderDelegate.java:225) ~[spring-test-6.1.10.jar:6.1.10]
	at org.springframework.test.context.cache.DefaultCacheAwareContextLoaderDelegate.loadContext(DefaultCacheAwareContextLoaderDelegate.java:152) ~[spring-test-6.1.10.jar:6.1.10]
	at org.springframework.test.context.support.DefaultTestContext.getApplicationContext(DefaultTestContext.java:130) ~[spring-test-6.1.10.jar:6.1.10]
	at org.springframework.test.context.web.ServletTestExecutionListener.setUpRequestContextIfNecessary(ServletTestExecutionListener.java:191) ~[spring-test-6.1.10.jar:6.1.10]
	at org.springframework.test.context.web.ServletTestExecutionListener.prepareTestInstance(ServletTestExecutionListener.java:130) ~[spring-test-6.1.10.jar:6.1.10]
	at org.springframework.test.context.TestContextManager.prepareTestInstance(TestContextManager.java:260) ~[spring-test-6.1.10.jar:6.1.10]
	at org.springframework.test.context.junit.jupiter.SpringExtension.postProcessTestInstance(SpringExtension.java:163) ~[spring-test-6.1.10.jar:6.1.10]
	at org.junit.jupiter.engine.descriptor.ClassBasedTestDescriptor.lambda$invokeTestInstancePostProcessors$10(ClassBasedTestDescriptor.java:378) ~[junit-jupiter-engine-5.10.2.jar:5.10.2]
	at org.junit.jupiter.engine.descriptor.ClassBasedTestDescriptor.executeAndMaskThrowable(ClassBasedTestDescriptor.java:383) ~[junit-jupiter-engine-5.10.2.jar:5.10.2]
	at org.junit.jupiter.engine.descriptor.ClassBasedTestDescriptor.lambda$invokeTestInstancePostProcessors$11(ClassBasedTestDescriptor.java:378) ~[junit-jupiter-engine-5.10.2.jar:5.10.2]
	at java.base/java.util.stream.ReferencePipeline$3$1.accept(ReferencePipeline.java:197) ~[na:na]
	at java.base/java.util.stream.ReferencePipeline$2$1.accept(ReferencePipeline.java:179) ~[na:na]
	at java.base/java.util.ArrayList$ArrayListSpliterator.forEachRemaining(ArrayList.java:1625) ~[na:na]
	at java.base/java.util.stream.AbstractPipeline.copyInto(AbstractPipeline.java:509) ~[na:na]
	at java.base/java.util.stream.AbstractPipeline.wrapAndCopyInto(AbstractPipeline.java:499) ~[na:na]
	at java.base/java.util.stream.StreamSpliterators$WrappingSpliterator.forEachRemaining(StreamSpliterators.java:310) ~[na:na]
	at java.base/java.util.stream.Streams$ConcatSpliterator.forEachRemaining(Streams.java:735) ~[na:na]
	at java.base/java.util.stream.Streams$ConcatSpliterator.forEachRemaining(Streams.java:734) ~[na:na]
	at java.base/java.util.stream.ReferencePipeline$Head.forEach(ReferencePipeline.java:762) ~[na:na]
	at org.junit.jupiter.engine.descriptor.ClassBasedTestDescriptor.invokeTestInstancePostProcessors(ClassBasedTestDescriptor.java:377) ~[junit-jupiter-engine-5.10.2.jar:5.10.2]
	at org.junit.jupiter.engine.descriptor.ClassBasedTestDescriptor.lambda$instantiateAndPostProcessTestInstance$6(ClassBasedTestDescriptor.java:290) ~[junit-jupiter-engine-5.10.2.jar:5.10.2]
	at org.junit.platform.engine.support.hierarchical.ThrowableCollector.execute(ThrowableCollector.java:73) ~[junit-platform-engine-1.10.2.jar:1.10.2]
	at org.junit.jupiter.engine.descriptor.ClassBasedTestDescriptor.instantiateAndPostProcessTestInstance(ClassBasedTestDescriptor.java:289) ~[junit-jupiter-engine-5.10.2.jar:5.10.2]
	at org.junit.jupiter.engine.descriptor.ClassBasedTestDescriptor.lambda$testInstancesProvider$4(ClassBasedTestDescriptor.java:279) ~[junit-jupiter-engine-5.10.2.jar:5.10.2]
	at java.base/java.util.Optional.orElseGet(Optional.java:364) ~[na:na]
	at org.junit.jupiter.engine.descriptor.ClassBasedTestDescriptor.lambda$testInstancesProvider$5(ClassBasedTestDescriptor.java:278) ~[junit-jupiter-engine-5.10.2.jar:5.10.2]
	at org.junit.jupiter.engine.execution.TestInstancesProvider.getTestInstances(TestInstancesProvider.java:31) ~[junit-jupiter-engine-5.10.2.jar:5.10.2]
	at org.junit.jupiter.engine.descriptor.TestMethodTestDescriptor.lambda$prepare$0(TestMethodTestDescriptor.java:106) ~[junit-jupiter-engine-5.10.2.jar:5.10.2]
	at org.junit.platform.engine.support.hierarchical.ThrowableCollector.execute(ThrowableCollector.java:73) ~[junit-platform-engine-1.10.2.jar:1.10.2]
	at org.junit.jupiter.engine.descriptor.TestMethodTestDescriptor.prepare(TestMethodTestDescriptor.java:105) ~[junit-jupiter-engine-5.10.2.jar:5.10.2]
	at org.junit.jupiter.engine.descriptor.TestMethodTestDescriptor.prepare(TestMethodTestDescriptor.java:69) ~[junit-jupiter-engine-5.10.2.jar:5.10.2]
	at org.junit.platform.engine.support.hierarchical.NodeTestTask.lambda$prepare$2(NodeTestTask.java:123) ~[junit-platform-engine-1.10.2.jar:1.10.2]
	at org.junit.platform.engine.support.hierarchical.ThrowableCollector.execute(ThrowableCollector.java:73) ~[junit-platform-engine-1.10.2.jar:1.10.2]
	at org.junit.platform.engine.support.hierarchical.NodeTestTask.prepare(NodeTestTask.java:123) ~[junit-platform-engine-1.10.2.jar:1.10.2]
	at org.junit.platform.engine.support.hierarchical.NodeTestTask.execute(NodeTestTask.java:90) ~[junit-platform-engine-1.10.2.jar:1.10.2]
	at java.base/java.util.ArrayList.forEach(ArrayList.java:1511) ~[na:na]
	at org.junit.platform.engine.support.hierarchical.SameThreadHierarchicalTestExecutorService.invokeAll(SameThreadHierarchicalTestExecutorService.java:41) ~[junit-platform-engine-1.10.2.jar:1.10.2]
	at org.junit.platform.engine.support.hierarchical.NodeTestTask.lambda$executeRecursively$6(NodeTestTask.java:155) ~[junit-platform-engine-1.10.2.jar:1.10.2]
	at org.junit.platform.engine.support.hierarchical.ThrowableCollector.execute(ThrowableCollector.java:73) ~[junit-platform-engine-1.10.2.jar:1.10.2]
	at org.junit.platform.engine.support.hierarchical.NodeTestTask.lambda$executeRecursively$8(NodeTestTask.java:141) ~[junit-platform-engine-1.10.2.jar:1.10.2]
	at org.junit.platform.engine.support.hierarchical.Node.around(Node.java:137) ~[junit-platform-engine-1.10.2.jar:1.10.2]
	at org.junit.platform.engine.support.hierarchical.NodeTestTask.lambda$executeRecursively$9(NodeTestTask.java:139) ~[junit-platform-engine-1.10.2.jar:1.10.2]
	at org.junit.platform.engine.support.hierarchical.ThrowableCollector.execute(ThrowableCollector.java:73) ~[junit-platform-engine-1.10.2.jar:1.10.2]
	at org.junit.platform.engine.support.hierarchical.NodeTestTask.executeRecursively(NodeTestTask.java:138) ~[junit-platform-engine-1.10.2.jar:1.10.2]
	at org.junit.platform.engine.support.hierarchical.NodeTestTask.execute(NodeTestTask.java:95) ~[junit-platform-engine-1.10.2.jar:1.10.2]
	at java.base/java.util.ArrayList.forEach(ArrayList.java:1511) ~[na:na]
	at org.junit.platform.engine.support.hierarchical.SameThreadHierarchicalTestExecutorService.invokeAll(SameThreadHierarchicalTestExecutorService.java:41) ~[junit-platform-engine-1.10.2.jar:1.10.2]
	at org.junit.platform.engine.support.hierarchical.NodeTestTask.lambda$executeRecursively$6(NodeTestTask.java:155) ~[junit-platform-engine-1.10.2.jar:1.10.2]
	at org.junit.platform.engine.support.hierarchical.ThrowableCollector.execute(ThrowableCollector.java:73) ~[junit-platform-engine-1.10.2.jar:1.10.2]
	at org.junit.platform.engine.support.hierarchical.NodeTestTask.lambda$executeRecursively$8(NodeTestTask.java:141) ~[junit-platform-engine-1.10.2.jar:1.10.2]
	at org.junit.platform.engine.support.hierarchical.Node.around(Node.java:137) ~[junit-platform-engine-1.10.2.jar:1.10.2]
	at org.junit.platform.engine.support.hierarchical.NodeTestTask.lambda$executeRecursively$9(NodeTestTask.java:139) ~[junit-platform-engine-1.10.2.jar:1.10.2]
	at org.junit.platform.engine.support.hierarchical.ThrowableCollector.execute(ThrowableCollector.java:73) ~[junit-platform-engine-1.10.2.jar:1.10.2]
	at org.junit.platform.engine.support.hierarchical.NodeTestTask.executeRecursively(NodeTestTask.java:138) ~[junit-platform-engine-1.10.2.jar:1.10.2]
	at org.junit.platform.engine.support.hierarchical.NodeTestTask.execute(NodeTestTask.java:95) ~[junit-platform-engine-1.10.2.jar:1.10.2]
	at org.junit.platform.engine.support.hierarchical.SameThreadHierarchicalTestExecutorService.submit(SameThreadHierarchicalTestExecutorService.java:35) ~[junit-platform-engine-1.10.2.jar:1.10.2]
	at org.junit.platform.engine.support.hierarchical.HierarchicalTestExecutor.execute(HierarchicalTestExecutor.java:57) ~[junit-platform-engine-1.10.2.jar:1.10.2]
	at org.junit.platform.engine.support.hierarchical.HierarchicalTestEngine.execute(HierarchicalTestEngine.java:54) ~[junit-platform-engine-1.10.2.jar:1.10.2]
	at org.junit.platform.launcher.core.EngineExecutionOrchestrator.execute(EngineExecutionOrchestrator.java:198) ~[junit-platform-launcher-1.10.2.jar:1.10.2]
	at org.junit.platform.launcher.core.EngineExecutionOrchestrator.execute(EngineExecutionOrchestrator.java:169) ~[junit-platform-launcher-1.10.2.jar:1.10.2]
	at org.junit.platform.launcher.core.EngineExecutionOrchestrator.execute(EngineExecutionOrchestrator.java:93) ~[junit-platform-launcher-1.10.2.jar:1.10.2]
	at org.junit.platform.launcher.core.EngineExecutionOrchestrator.lambda$execute$0(EngineExecutionOrchestrator.java:58) ~[junit-platform-launcher-1.10.2.jar:1.10.2]
	at org.junit.platform.launcher.core.EngineExecutionOrchestrator.withInterceptedStreams(EngineExecutionOrchestrator.java:141) ~[junit-platform-launcher-1.10.2.jar:1.10.2]
	at org.junit.platform.launcher.core.EngineExecutionOrchestrator.execute(EngineExecutionOrchestrator.java:57) ~[junit-platform-launcher-1.10.2.jar:1.10.2]
	at org.junit.platform.launcher.core.DefaultLauncher.execute(DefaultLauncher.java:103) ~[junit-platform-launcher-1.10.2.jar:1.10.2]
	at org.junit.platform.launcher.core.DefaultLauncher.execute(DefaultLauncher.java:85) ~[junit-platform-launcher-1.10.2.jar:1.10.2]
	at org.junit.platform.launcher.core.DelegatingLauncher.execute(DelegatingLauncher.java:47) ~[junit-platform-launcher-1.10.2.jar:1.10.2]
	at org.apache.maven.surefire.junitplatform.LazyLauncher.execute(LazyLauncher.java:56) ~[surefire-junit-platform-3.2.5.jar:3.2.5]
	at org.apache.maven.surefire.junitplatform.JUnitPlatformProvider.execute(JUnitPlatformProvider.java:184) ~[surefire-junit-platform-3.2.5.jar:3.2.5]
	at org.apache.maven.surefire.junitplatform.JUnitPlatformProvider.invokeAllTests(JUnitPlatformProvider.java:148) ~[surefire-junit-platform-3.2.5.jar:3.2.5]
	at org.apache.maven.surefire.junitplatform.JUnitPlatformProvider.invoke(JUnitPlatformProvider.java:122) ~[surefire-junit-platform-3.2.5.jar:3.2.5]
	at org.apache.maven.surefire.booter.ForkedBooter.runSuitesInProcess(ForkedBooter.java:385) ~[surefire-booter-3.2.5.jar:3.2.5]
	at org.apache.maven.surefire.booter.ForkedBooter.execute(ForkedBooter.java:162) ~[surefire-booter-3.2.5.jar:3.2.5]
	at org.apache.maven.surefire.booter.ForkedBooter.run(ForkedBooter.java:507) ~[surefire-booter-3.2.5.jar:3.2.5]
	at org.apache.maven.surefire.booter.ForkedBooter.main(ForkedBooter.java:495) ~[surefire-booter-3.2.5.jar:3.2.5]

2024-06-28T22:27:33.781-06:00 DEBUG 9756 --- [alumnos] [           main] .h.v.m.ResourceBundleMessageInterpolator : Loaded expression factory via original TCCL
2024-06-28T22:27:33.784-06:00 DEBUG 9756 --- [alumnos] [           main] o.h.v.i.e.AbstractConfigurationImpl      : Setting custom MessageInterpolator of type org.springframework.validation.beanvalidation.LocaleContextMessageInterpolator
2024-06-28T22:27:33.785-06:00 DEBUG 9756 --- [alumnos] [           main] o.h.v.i.e.AbstractConfigurationImpl      : Setting custom ConstraintValidatorFactory of type org.springframework.validation.beanvalidation.SpringConstraintValidatorFactory
2024-06-28T22:27:33.788-06:00 DEBUG 9756 --- [alumnos] [           main] o.h.v.i.xml.config.ValidationXmlParser   : Trying to load META-INF/validation.xml for XML based Validator configuration.
2024-06-28T22:27:33.788-06:00 DEBUG 9756 --- [alumnos] [           main] o.h.v.i.xml.config.ResourceLoaderHelper  : Trying to load META-INF/validation.xml via user class loader
2024-06-28T22:27:33.789-06:00 DEBUG 9756 --- [alumnos] [           main] o.h.v.i.xml.config.ResourceLoaderHelper  : Trying to load META-INF/validation.xml via TCCL
2024-06-28T22:27:33.789-06:00 DEBUG 9756 --- [alumnos] [           main] o.h.v.i.xml.config.ResourceLoaderHelper  : Trying to load META-INF/validation.xml via Hibernate Validator's class loader
2024-06-28T22:27:33.789-06:00 DEBUG 9756 --- [alumnos] [           main] o.h.v.i.xml.config.ValidationXmlParser   : No META-INF/validation.xml found. Using annotation based configuration only.
2024-06-28T22:27:33.790-06:00 DEBUG 9756 --- [alumnos] [           main] o.h.v.i.e.resolver.TraversableResolvers  : Found jakarta.persistence.Persistence on classpath containing 'getPersistenceUtil'. Assuming JPA 2 environment. Trying to instantiate JPA aware TraversableResolver
2024-06-28T22:27:33.790-06:00 DEBUG 9756 --- [alumnos] [           main] o.h.v.i.e.resolver.TraversableResolvers  : Instantiated JPA aware TraversableResolver of type org.hibernate.validator.internal.engine.resolver.JPATraversableResolver.
2024-06-28T22:27:33.793-06:00 DEBUG 9756 --- [alumnos] [           main] .i.e.ValidatorFactoryConfigurationHelper : HV000252: Using org.hibernate.validator.internal.engine.DefaultPropertyNodeNameProvider as property node name provider.
2024-06-28T22:27:33.794-06:00 DEBUG 9756 --- [alumnos] [           main] .i.e.ValidatorFactoryConfigurationHelper : HV000234: Using org.springframework.validation.beanvalidation.LocaleContextMessageInterpolator as ValidatorFactory-scoped message interpolator.
2024-06-28T22:27:33.794-06:00 DEBUG 9756 --- [alumnos] [           main] .i.e.ValidatorFactoryConfigurationHelper : HV000234: Using org.hibernate.validator.internal.engine.resolver.JPATraversableResolver as ValidatorFactory-scoped traversable resolver.
2024-06-28T22:27:33.794-06:00 DEBUG 9756 --- [alumnos] [           main] .i.e.ValidatorFactoryConfigurationHelper : HV000234: Using org.hibernate.validator.internal.util.ExecutableParameterNameProvider as ValidatorFactory-scoped parameter name provider.
2024-06-28T22:27:33.794-06:00 DEBUG 9756 --- [alumnos] [           main] .i.e.ValidatorFactoryConfigurationHelper : HV000234: Using org.hibernate.validator.internal.engine.DefaultClockProvider as ValidatorFactory-scoped clock provider.
2024-06-28T22:27:33.794-06:00 DEBUG 9756 --- [alumnos] [           main] .i.e.ValidatorFactoryConfigurationHelper : HV000234: Using org.hibernate.validator.internal.engine.scripting.DefaultScriptEvaluatorFactory as ValidatorFactory-scoped script evaluator factory.
2024-06-28T22:27:33.833-06:00  WARN 9756 --- [alumnos] [           main] JpaBaseConfiguration$JpaWebConfiguration : spring.jpa.open-in-view is enabled by default. Therefore, database queries may be performed during view rendering. Explicitly configure spring.jpa.open-in-view to disable this warning
2024-06-28T22:27:34.538-06:00  INFO 9756 --- [alumnos] [           main] com.ipn.mx.AlumnosApplicationTests       : Started AlumnosApplicationTests in 9.376 seconds (process running for 11.398)
]]></system-out>
  </testcase>
</testsuite>